mode: set
github.com/antti/home-warehouse/go-backend/internal/config/config.go:50.21,88.2 1 1
github.com/antti/home-warehouse/go-backend/internal/config/config.go:91.35,92.25 1 1
github.com/antti/home-warehouse/go-backend/internal/config/config.go:92.25,94.3 1 1
github.com/antti/home-warehouse/go-backend/internal/config/config.go:95.2,95.62 1 1
github.com/antti/home-warehouse/go-backend/internal/config/config.go:95.62,97.3 1 1
github.com/antti/home-warehouse/go-backend/internal/config/config.go:98.2,98.46 1 1
github.com/antti/home-warehouse/go-backend/internal/config/config.go:98.46,100.3 1 1
github.com/antti/home-warehouse/go-backend/internal/config/config.go:101.2,101.12 1 1
github.com/antti/home-warehouse/go-backend/internal/config/config.go:106.46,107.42 1 1
github.com/antti/home-warehouse/go-backend/internal/config/config.go:107.42,109.3 1 1
github.com/antti/home-warehouse/go-backend/internal/config/config.go:110.2,110.21 1 1
github.com/antti/home-warehouse/go-backend/internal/config/config.go:113.50,114.42 1 1
github.com/antti/home-warehouse/go-backend/internal/config/config.go:114.42,115.48 1 1
github.com/antti/home-warehouse/go-backend/internal/config/config.go:115.48,117.4 1 1
github.com/antti/home-warehouse/go-backend/internal/config/config.go:119.2,119.21 1 1
github.com/antti/home-warehouse/go-backend/internal/config/config.go:122.53,123.42 1 1
github.com/antti/home-warehouse/go-backend/internal/config/config.go:123.42,124.53 1 1
github.com/antti/home-warehouse/go-backend/internal/config/config.go:124.53,126.4 1 1
github.com/antti/home-warehouse/go-backend/internal/config/config.go:128.2,128.21 1 1
github.com/antti/home-warehouse/go-backend/internal/api/middleware/auth.go:29.71,30.46 1 1
github.com/antti/home-warehouse/go-backend/internal/api/middleware/auth.go:30.46,31.72 1 1
github.com/antti/home-warehouse/go-backend/internal/api/middleware/auth.go:31.72,33.24 2 1
github.com/antti/home-warehouse/go-backend/internal/api/middleware/auth.go:33.24,36.5 2 1
github.com/antti/home-warehouse/go-backend/internal/api/middleware/auth.go:38.4,39.27 2 1
github.com/antti/home-warehouse/go-backend/internal/api/middleware/auth.go:39.27,42.5 2 1
github.com/antti/home-warehouse/go-backend/internal/api/middleware/auth.go:44.4,45.18 2 1
github.com/antti/home-warehouse/go-backend/internal/api/middleware/auth.go:45.18,46.35 1 1
github.com/antti/home-warehouse/go-backend/internal/api/middleware/auth.go:46.35,49.6 2 1
github.com/antti/home-warehouse/go-backend/internal/api/middleware/auth.go:50.5,51.11 2 1
github.com/antti/home-warehouse/go-backend/internal/api/middleware/auth.go:54.4,61.41 3 1
github.com/antti/home-warehouse/go-backend/internal/api/middleware/auth.go:68.43,69.71 1 1
github.com/antti/home-warehouse/go-backend/internal/api/middleware/auth.go:69.71,71.23 2 1
github.com/antti/home-warehouse/go-backend/internal/api/middleware/auth.go:71.23,74.4 2 1
github.com/antti/home-warehouse/go-backend/internal/api/middleware/auth.go:76.3,77.26 2 1
github.com/antti/home-warehouse/go-backend/internal/api/middleware/auth.go:77.26,80.4 2 1
github.com/antti/home-warehouse/go-backend/internal/api/middleware/auth.go:83.3,83.108 1 1
github.com/antti/home-warehouse/go-backend/internal/api/middleware/auth.go:88.57,91.2 2 1
github.com/antti/home-warehouse/go-backend/internal/api/middleware/auth.go:94.55,95.71 1 1
github.com/antti/home-warehouse/go-backend/internal/api/middleware/auth.go:95.71,97.10 2 1
github.com/antti/home-warehouse/go-backend/internal/api/middleware/auth.go:97.10,100.4 2 1
github.com/antti/home-warehouse/go-backend/internal/api/middleware/auth.go:102.3,102.24 1 1
github.com/antti/home-warehouse/go-backend/internal/api/middleware/auth.go:102.24,105.4 2 1
github.com/antti/home-warehouse/go-backend/internal/api/middleware/auth.go:107.3,107.23 1 1
github.com/antti/home-warehouse/go-backend/internal/api/middleware/cors.go:8.43,9.71 1 1
github.com/antti/home-warehouse/go-backend/internal/api/middleware/cors.go:9.71,16.28 6 1
github.com/antti/home-warehouse/go-backend/internal/api/middleware/cors.go:16.28,19.4 2 1
github.com/antti/home-warehouse/go-backend/internal/api/middleware/cors.go:21.3,21.23 1 1
github.com/antti/home-warehouse/go-backend/internal/api/middleware/errors.go:12.72,14.29 2 1
github.com/antti/home-warehouse/go-backend/internal/api/middleware/errors.go:14.29,20.3 1 1
github.com/antti/home-warehouse/go-backend/internal/api/middleware/errors.go:23.2,25.4 1 1
github.com/antti/home-warehouse/go-backend/internal/api/middleware/workspace.go:15.48,16.71 1 1
github.com/antti/home-warehouse/go-backend/internal/api/middleware/workspace.go:16.71,20.17 3 1
github.com/antti/home-warehouse/go-backend/internal/api/middleware/workspace.go:20.17,23.4 2 1
github.com/antti/home-warehouse/go-backend/internal/api/middleware/workspace.go:26.3,27.10 2 1
github.com/antti/home-warehouse/go-backend/internal/api/middleware/workspace.go:27.10,30.4 2 1
github.com/antti/home-warehouse/go-backend/internal/api/middleware/workspace.go:35.3,36.40 2 1
github.com/antti/home-warehouse/go-backend/internal/api/middleware/workspace.go:41.60,44.2 2 1
github.com/antti/home-warehouse/go-backend/internal/api/middleware/workspace.go:47.50,50.2 2 1
github.com/antti/home-warehouse/go-backend/internal/domain/auth/notification/entity.go:45.26,46.63 1 1
github.com/antti/home-warehouse/go-backend/internal/domain/auth/notification/entity.go:46.63,48.3 1 1
github.com/antti/home-warehouse/go-backend/internal/domain/auth/notification/entity.go:49.2,49.17 1 1
github.com/antti/home-warehouse/go-backend/internal/domain/auth/notification/entity.go:49.17,51.3 1 1
github.com/antti/home-warehouse/go-backend/internal/domain/auth/notification/entity.go:52.2,52.19 1 1
github.com/antti/home-warehouse/go-backend/internal/domain/auth/notification/entity.go:52.19,54.3 1 1
github.com/antti/home-warehouse/go-backend/internal/domain/auth/notification/entity.go:56.2,67.8 1 1
github.com/antti/home-warehouse/go-backend/internal/domain/auth/notification/entity.go:80.17,93.2 1 1
github.com/antti/home-warehouse/go-backend/internal/domain/auth/notification/entity.go:96.39,96.54 1 1
github.com/antti/home-warehouse/go-backend/internal/domain/auth/notification/entity.go:99.43,99.62 1 1
github.com/antti/home-warehouse/go-backend/internal/domain/auth/notification/entity.go:102.49,102.73 1 1
github.com/antti/home-warehouse/go-backend/internal/domain/auth/notification/entity.go:105.60,105.89 1 1
github.com/antti/home-warehouse/go-backend/internal/domain/auth/notification/entity.go:108.39,108.57 1 1
github.com/antti/home-warehouse/go-backend/internal/domain/auth/notification/entity.go:111.41,111.61 1 1
github.com/antti/home-warehouse/go-backend/internal/domain/auth/notification/entity.go:114.38,114.57 1 1
github.com/antti/home-warehouse/go-backend/internal/domain/auth/notification/entity.go:117.44,117.63 1 1
github.com/antti/home-warehouse/go-backend/internal/domain/auth/notification/entity.go:120.58,120.79 1 1
github.com/antti/home-warehouse/go-backend/internal/domain/auth/notification/entity.go:123.46,123.68 1 1
github.com/antti/home-warehouse/go-backend/internal/domain/auth/notification/entity.go:126.37,127.15 1 1
github.com/antti/home-warehouse/go-backend/internal/domain/auth/notification/entity.go:127.15,131.3 3 1
github.com/antti/home-warehouse/go-backend/internal/domain/auth/notification/handler.go:15.49,17.125 1 0
github.com/antti/home-warehouse/go-backend/internal/domain/auth/notification/handler.go:17.125,19.10 2 0
github.com/antti/home-warehouse/go-backend/internal/domain/auth/notification/handler.go:19.10,21.4 1 0
github.com/antti/home-warehouse/go-backend/internal/domain/auth/notification/handler.go:23.3,25.17 3 0
github.com/antti/home-warehouse/go-backend/internal/domain/auth/notification/handler.go:25.17,27.4 1 0
github.com/antti/home-warehouse/go-backend/internal/domain/auth/notification/handler.go:29.3,30.38 2 0
github.com/antti/home-warehouse/go-backend/internal/domain/auth/notification/handler.go:30.38,32.4 1 0
github.com/antti/home-warehouse/go-backend/internal/domain/auth/notification/handler.go:34.3,41.9 1 0
github.com/antti/home-warehouse/go-backend/internal/domain/auth/notification/handler.go:45.2,45.124 1 0
github.com/antti/home-warehouse/go-backend/internal/domain/auth/notification/handler.go:45.124,47.10 2 0
github.com/antti/home-warehouse/go-backend/internal/domain/auth/notification/handler.go:47.10,49.4 1 0
github.com/antti/home-warehouse/go-backend/internal/domain/auth/notification/handler.go:51.3,52.17 2 0
github.com/antti/home-warehouse/go-backend/internal/domain/auth/notification/handler.go:52.17,54.4 1 0
github.com/antti/home-warehouse/go-backend/internal/domain/auth/notification/handler.go:56.3,57.39 2 0
github.com/antti/home-warehouse/go-backend/internal/domain/auth/notification/handler.go:57.39,59.4 1 0
github.com/antti/home-warehouse/go-backend/internal/domain/auth/notification/handler.go:61.3,68.9 1 0
github.com/antti/home-warehouse/go-backend/internal/domain/auth/notification/handler.go:72.2,72.118 1 0
github.com/antti/home-warehouse/go-backend/internal/domain/auth/notification/handler.go:72.118,74.10 2 0
github.com/antti/home-warehouse/go-backend/internal/domain/auth/notification/handler.go:74.10,76.4 1 0
github.com/antti/home-warehouse/go-backend/internal/domain/auth/notification/handler.go:78.3,79.17 2 0
github.com/antti/home-warehouse/go-backend/internal/domain/auth/notification/handler.go:79.17,81.4 1 0
github.com/antti/home-warehouse/go-backend/internal/domain/auth/notification/handler.go:83.3,85.9 1 0
github.com/antti/home-warehouse/go-backend/internal/domain/auth/notification/handler.go:89.2,89.126 1 0
github.com/antti/home-warehouse/go-backend/internal/domain/auth/notification/handler.go:89.126,91.10 2 0
github.com/antti/home-warehouse/go-backend/internal/domain/auth/notification/handler.go:91.10,93.4 1 0
github.com/antti/home-warehouse/go-backend/internal/domain/auth/notification/handler.go:95.3,96.40 2 0
github.com/antti/home-warehouse/go-backend/internal/domain/auth/notification/handler.go:96.40,98.4 1 0
github.com/antti/home-warehouse/go-backend/internal/domain/auth/notification/handler.go:100.3,102.9 1 0
github.com/antti/home-warehouse/go-backend/internal/domain/auth/notification/handler.go:106.2,106.119 1 0
github.com/antti/home-warehouse/go-backend/internal/domain/auth/notification/handler.go:106.119,108.10 2 0
github.com/antti/home-warehouse/go-backend/internal/domain/auth/notification/handler.go:108.10,110.4 1 0
github.com/antti/home-warehouse/go-backend/internal/domain/auth/notification/handler.go:112.3,113.17 2 0
github.com/antti/home-warehouse/go-backend/internal/domain/auth/notification/handler.go:113.17,115.4 1 0
github.com/antti/home-warehouse/go-backend/internal/domain/auth/notification/handler.go:117.3,117.18 1 0
github.com/antti/home-warehouse/go-backend/internal/domain/auth/notification/handler.go:121.2,121.106 1 0
github.com/antti/home-warehouse/go-backend/internal/domain/auth/notification/handler.go:121.106,123.10 2 0
github.com/antti/home-warehouse/go-backend/internal/domain/auth/notification/handler.go:123.10,125.4 1 0
github.com/antti/home-warehouse/go-backend/internal/domain/auth/notification/handler.go:127.3,128.17 2 0
github.com/antti/home-warehouse/go-backend/internal/domain/auth/notification/handler.go:128.17,130.4 1 0
github.com/antti/home-warehouse/go-backend/internal/domain/auth/notification/handler.go:132.3,132.18 1 0
github.com/antti/home-warehouse/go-backend/internal/domain/auth/notification/handler.go:136.67,149.2 1 0
github.com/antti/home-warehouse/go-backend/internal/domain/auth/notification/service.go:17.43,19.2 1 1
github.com/antti/home-warehouse/go-backend/internal/domain/auth/notification/service.go:32.89,41.16 2 1
github.com/antti/home-warehouse/go-backend/internal/domain/auth/notification/service.go:41.16,43.3 1 0
github.com/antti/home-warehouse/go-backend/internal/domain/auth/notification/service.go:45.2,45.55 1 1
github.com/antti/home-warehouse/go-backend/internal/domain/auth/notification/service.go:45.55,47.3 1 0
github.com/antti/home-warehouse/go-backend/internal/domain/auth/notification/service.go:49.2,49.26 1 1
github.com/antti/home-warehouse/go-backend/internal/domain/auth/notification/service.go:53.93,55.2 1 1
github.com/antti/home-warehouse/go-backend/internal/domain/auth/notification/service.go:58.154,60.16 2 1
github.com/antti/home-warehouse/go-backend/internal/domain/auth/notification/service.go:60.16,62.3 1 0
github.com/antti/home-warehouse/go-backend/internal/domain/auth/notification/service.go:64.2,65.21 2 1
github.com/antti/home-warehouse/go-backend/internal/domain/auth/notification/service.go:69.106,71.2 1 1
github.com/antti/home-warehouse/go-backend/internal/domain/auth/notification/service.go:74.79,76.2 1 1
github.com/antti/home-warehouse/go-backend/internal/domain/auth/notification/service.go:79.78,81.2 1 1
github.com/antti/home-warehouse/go-backend/internal/domain/auth/notification/service.go:84.88,86.2 1 1
github.com/antti/home-warehouse/go-backend/internal/domain/batch/handler.go:24.49,26.99 1 0
github.com/antti/home-warehouse/go-backend/internal/domain/batch/handler.go:26.99,29.10 2 0
github.com/antti/home-warehouse/go-backend/internal/domain/batch/handler.go:29.10,31.4 1 0
github.com/antti/home-warehouse/go-backend/internal/domain/batch/handler.go:34.3,34.38 1 0
github.com/antti/home-warehouse/go-backend/internal/domain/batch/handler.go:34.38,36.4 1 0
github.com/antti/home-warehouse/go-backend/internal/domain/batch/handler.go:38.3,38.39 1 0
github.com/antti/home-warehouse/go-backend/internal/domain/batch/handler.go:38.39,40.4 1 0
github.com/antti/home-warehouse/go-backend/internal/domain/batch/handler.go:43.3,44.17 2 0
github.com/antti/home-warehouse/go-backend/internal/domain/batch/handler.go:44.17,46.4 1 0
github.com/antti/home-warehouse/go-backend/internal/domain/batch/handler.go:48.3,48.44 1 0
github.com/antti/home-warehouse/go-backend/internal/domain/batch/service.go:40.12,50.2 1 1
github.com/antti/home-warehouse/go-backend/internal/domain/batch/service.go:53.118,58.36 2 1
github.com/antti/home-warehouse/go-backend/internal/domain/batch/service.go:58.36,62.24 3 1
github.com/antti/home-warehouse/go-backend/internal/domain/batch/service.go:63.22,64.24 1 0
github.com/antti/home-warehouse/go-backend/internal/domain/batch/service.go:65.20,66.21 1 1
github.com/antti/home-warehouse/go-backend/internal/domain/batch/service.go:67.23,68.24 1 0
github.com/antti/home-warehouse/go-backend/internal/domain/batch/service.go:72.2,72.22 1 1
github.com/antti/home-warehouse/go-backend/internal/domain/batch/service.go:76.121,78.29 1 1
github.com/antti/home-warehouse/go-backend/internal/domain/batch/service.go:78.29,86.3 2 1
github.com/antti/home-warehouse/go-backend/internal/domain/batch/service.go:88.2,88.30 1 1
github.com/antti/home-warehouse/go-backend/internal/domain/batch/service.go:88.30,96.3 2 1
github.com/antti/home-warehouse/go-backend/internal/domain/batch/service.go:99.2,99.23 1 1
github.com/antti/home-warehouse/go-backend/internal/domain/batch/service.go:100.18,101.61 1 0
github.com/antti/home-warehouse/go-backend/internal/domain/batch/service.go:102.22,103.65 1 0
github.com/antti/home-warehouse/go-backend/internal/domain/batch/service.go:104.23,105.66 1 0
github.com/antti/home-warehouse/go-backend/internal/domain/batch/service.go:106.22,107.65 1 0
github.com/antti/home-warehouse/go-backend/internal/domain/batch/service.go:108.19,109.62 1 0
github.com/antti/home-warehouse/go-backend/internal/domain/batch/service.go:110.21,111.64 1 0
github.com/antti/home-warehouse/go-backend/internal/domain/batch/service.go:112.10,119.4 2 1
github.com/antti/home-warehouse/go-backend/internal/domain/batch/service.go:124.125,125.22 1 0
github.com/antti/home-warehouse/go-backend/internal/domain/batch/service.go:126.23,127.25 1 0
github.com/antti/home-warehouse/go-backend/internal/domain/batch/service.go:127.25,129.4 1 0
github.com/antti/home-warehouse/go-backend/internal/domain/batch/service.go:132.3,133.17 2 0
github.com/antti/home-warehouse/go-backend/internal/domain/batch/service.go:133.17,135.4 1 0
github.com/antti/home-warehouse/go-backend/internal/domain/batch/service.go:137.3,137.71 1 0
github.com/antti/home-warehouse/go-backend/internal/domain/batch/service.go:137.71,140.4 2 0
github.com/antti/home-warehouse/go-backend/internal/domain/batch/service.go:143.3,144.62 2 0
github.com/antti/home-warehouse/go-backend/internal/domain/batch/service.go:144.62,146.4 1 0
github.com/antti/home-warehouse/go-backend/internal/domain/batch/service.go:149.3,150.17 2 0
github.com/antti/home-warehouse/go-backend/internal/domain/batch/service.go:150.17,152.4 1 0
github.com/antti/home-warehouse/go-backend/internal/domain/batch/service.go:154.3,155.35 2 0
github.com/antti/home-warehouse/go-backend/internal/domain/batch/service.go:157.23,158.25 1 0
github.com/antti/home-warehouse/go-backend/internal/domain/batch/service.go:158.25,160.4 1 0
github.com/antti/home-warehouse/go-backend/internal/domain/batch/service.go:162.3,162.75 1 0
github.com/antti/home-warehouse/go-backend/internal/domain/batch/service.go:162.75,164.4 1 0
github.com/antti/home-warehouse/go-backend/internal/domain/batch/service.go:166.3,166.43 1 0
github.com/antti/home-warehouse/go-backend/internal/domain/batch/service.go:168.10,169.96 1 0
github.com/antti/home-warehouse/go-backend/internal/domain/batch/service.go:174.129,175.22 1 0
github.com/antti/home-warehouse/go-backend/internal/domain/batch/service.go:176.23,177.25 1 0
github.com/antti/home-warehouse/go-backend/internal/domain/batch/service.go:177.25,179.4 1 0
github.com/antti/home-warehouse/go-backend/internal/domain/batch/service.go:181.3,182.17 2 0
github.com/antti/home-warehouse/go-backend/internal/domain/batch/service.go:182.17,184.4 1 0
github.com/antti/home-warehouse/go-backend/internal/domain/batch/service.go:186.3,186.71 1 0
github.com/antti/home-warehouse/go-backend/internal/domain/batch/service.go:186.71,189.4 2 0
github.com/antti/home-warehouse/go-backend/internal/domain/batch/service.go:191.3,192.62 2 0
github.com/antti/home-warehouse/go-backend/internal/domain/batch/service.go:192.62,194.4 1 0
github.com/antti/home-warehouse/go-backend/internal/domain/batch/service.go:196.3,197.17 2 0
github.com/antti/home-warehouse/go-backend/internal/domain/batch/service.go:197.17,199.4 1 0
github.com/antti/home-warehouse/go-backend/internal/domain/batch/service.go:201.3,202.35 2 0
github.com/antti/home-warehouse/go-backend/internal/domain/batch/service.go:204.23,205.25 1 0
github.com/antti/home-warehouse/go-backend/internal/domain/batch/service.go:205.25,207.4 1 0
github.com/antti/home-warehouse/go-backend/internal/domain/batch/service.go:209.3,209.79 1 0
github.com/antti/home-warehouse/go-backend/internal/domain/batch/service.go:209.79,211.4 1 0
github.com/antti/home-warehouse/go-backend/internal/domain/batch/service.go:213.3,213.43 1 0
github.com/antti/home-warehouse/go-backend/internal/domain/batch/service.go:215.10,216.100 1 0
github.com/antti/home-warehouse/go-backend/internal/domain/batch/service.go:221.130,222.22 1 0
github.com/antti/home-warehouse/go-backend/internal/domain/batch/service.go:223.23,224.25 1 0
github.com/antti/home-warehouse/go-backend/internal/domain/batch/service.go:224.25,226.4 1 0
github.com/antti/home-warehouse/go-backend/internal/domain/batch/service.go:228.3,229.17 2 0
github.com/antti/home-warehouse/go-backend/internal/domain/batch/service.go:229.17,231.4 1 0
github.com/antti/home-warehouse/go-backend/internal/domain/batch/service.go:233.3,233.71 1 0
github.com/antti/home-warehouse/go-backend/internal/domain/batch/service.go:233.71,236.4 2 0
github.com/antti/home-warehouse/go-backend/internal/domain/batch/service.go:238.3,239.62 2 0
github.com/antti/home-warehouse/go-backend/internal/domain/batch/service.go:239.62,241.4 1 0
github.com/antti/home-warehouse/go-backend/internal/domain/batch/service.go:243.3,244.17 2 0
github.com/antti/home-warehouse/go-backend/internal/domain/batch/service.go:244.17,246.4 1 0
github.com/antti/home-warehouse/go-backend/internal/domain/batch/service.go:248.3,249.35 2 0
github.com/antti/home-warehouse/go-backend/internal/domain/batch/service.go:251.23,252.25 1 0
github.com/antti/home-warehouse/go-backend/internal/domain/batch/service.go:252.25,254.4 1 0
github.com/antti/home-warehouse/go-backend/internal/domain/batch/service.go:256.3,256.80 1 0
github.com/antti/home-warehouse/go-backend/internal/domain/batch/service.go:256.80,258.4 1 0
github.com/antti/home-warehouse/go-backend/internal/domain/batch/service.go:260.3,260.43 1 0
github.com/antti/home-warehouse/go-backend/internal/domain/batch/service.go:262.10,263.101 1 0
github.com/antti/home-warehouse/go-backend/internal/domain/batch/service.go:268.129,269.22 1 0
github.com/antti/home-warehouse/go-backend/internal/domain/batch/service.go:270.23,271.25 1 0
github.com/antti/home-warehouse/go-backend/internal/domain/batch/service.go:271.25,273.4 1 0
github.com/antti/home-warehouse/go-backend/internal/domain/batch/service.go:275.3,276.17 2 0
github.com/antti/home-warehouse/go-backend/internal/domain/batch/service.go:276.17,278.4 1 0
github.com/antti/home-warehouse/go-backend/internal/domain/batch/service.go:280.3,280.71 1 0
github.com/antti/home-warehouse/go-backend/internal/domain/batch/service.go:280.71,283.4 2 0
github.com/antti/home-warehouse/go-backend/internal/domain/batch/service.go:285.3,286.62 2 0
github.com/antti/home-warehouse/go-backend/internal/domain/batch/service.go:286.62,288.4 1 0
github.com/antti/home-warehouse/go-backend/internal/domain/batch/service.go:290.3,291.17 2 0
github.com/antti/home-warehouse/go-backend/internal/domain/batch/service.go:291.17,293.4 1 0
github.com/antti/home-warehouse/go-backend/internal/domain/batch/service.go:295.3,296.35 2 0
github.com/antti/home-warehouse/go-backend/internal/domain/batch/service.go:298.23,299.25 1 0
github.com/antti/home-warehouse/go-backend/internal/domain/batch/service.go:299.25,301.4 1 0
github.com/antti/home-warehouse/go-backend/internal/domain/batch/service.go:303.3,303.79 1 0
github.com/antti/home-warehouse/go-backend/internal/domain/batch/service.go:303.79,305.4 1 0
github.com/antti/home-warehouse/go-backend/internal/domain/batch/service.go:307.3,307.43 1 0
github.com/antti/home-warehouse/go-backend/internal/domain/batch/service.go:309.10,310.101 1 0
github.com/antti/home-warehouse/go-backend/internal/domain/batch/service.go:315.126,316.22 1 0
github.com/antti/home-warehouse/go-backend/internal/domain/batch/service.go:317.23,318.25 1 0
github.com/antti/home-warehouse/go-backend/internal/domain/batch/service.go:318.25,320.4 1 0
github.com/antti/home-warehouse/go-backend/internal/domain/batch/service.go:322.3,323.17 2 0
github.com/antti/home-warehouse/go-backend/internal/domain/batch/service.go:323.17,325.4 1 0
github.com/antti/home-warehouse/go-backend/internal/domain/batch/service.go:327.3,327.71 1 0
github.com/antti/home-warehouse/go-backend/internal/domain/batch/service.go:327.71,330.4 2 0
github.com/antti/home-warehouse/go-backend/internal/domain/batch/service.go:332.3,333.62 2 0
github.com/antti/home-warehouse/go-backend/internal/domain/batch/service.go:333.62,335.4 1 0
github.com/antti/home-warehouse/go-backend/internal/domain/batch/service.go:337.3,338.17 2 0
github.com/antti/home-warehouse/go-backend/internal/domain/batch/service.go:338.17,340.4 1 0
github.com/antti/home-warehouse/go-backend/internal/domain/batch/service.go:342.3,343.35 2 0
github.com/antti/home-warehouse/go-backend/internal/domain/batch/service.go:345.23,346.25 1 0
github.com/antti/home-warehouse/go-backend/internal/domain/batch/service.go:346.25,348.4 1 0
github.com/antti/home-warehouse/go-backend/internal/domain/batch/service.go:350.3,350.76 1 0
github.com/antti/home-warehouse/go-backend/internal/domain/batch/service.go:350.76,352.4 1 0
github.com/antti/home-warehouse/go-backend/internal/domain/batch/service.go:354.3,354.43 1 0
github.com/antti/home-warehouse/go-backend/internal/domain/batch/service.go:356.10,357.97 1 0
github.com/antti/home-warehouse/go-backend/internal/domain/batch/service.go:362.128,363.22 1 0
github.com/antti/home-warehouse/go-backend/internal/domain/batch/service.go:364.23,365.25 1 0
github.com/antti/home-warehouse/go-backend/internal/domain/batch/service.go:365.25,367.4 1 0
github.com/antti/home-warehouse/go-backend/internal/domain/batch/service.go:369.3,370.17 2 0
github.com/antti/home-warehouse/go-backend/internal/domain/batch/service.go:370.17,372.4 1 0
github.com/antti/home-warehouse/go-backend/internal/domain/batch/service.go:374.3,374.71 1 0
github.com/antti/home-warehouse/go-backend/internal/domain/batch/service.go:374.71,377.4 2 0
github.com/antti/home-warehouse/go-backend/internal/domain/batch/service.go:379.3,380.62 2 0
github.com/antti/home-warehouse/go-backend/internal/domain/batch/service.go:380.62,382.4 1 0
github.com/antti/home-warehouse/go-backend/internal/domain/batch/service.go:384.3,385.17 2 0
github.com/antti/home-warehouse/go-backend/internal/domain/batch/service.go:385.17,387.4 1 0
github.com/antti/home-warehouse/go-backend/internal/domain/batch/service.go:389.3,390.35 2 0
github.com/antti/home-warehouse/go-backend/internal/domain/batch/service.go:392.23,393.25 1 0
github.com/antti/home-warehouse/go-backend/internal/domain/batch/service.go:393.25,395.4 1 0
github.com/antti/home-warehouse/go-backend/internal/domain/batch/service.go:397.3,397.78 1 0
github.com/antti/home-warehouse/go-backend/internal/domain/batch/service.go:397.78,399.4 1 0
github.com/antti/home-warehouse/go-backend/internal/domain/batch/service.go:401.3,401.43 1 0
github.com/antti/home-warehouse/go-backend/internal/domain/batch/service.go:403.10,404.100 1 0
github.com/antti/home-warehouse/go-backend/internal/domain/batch/service.go:410.68,416.2 1 1
github.com/antti/home-warehouse/go-backend/internal/domain/batch/service.go:418.67,425.2 1 1
github.com/antti/home-warehouse/go-backend/internal/domain/batch/service.go:427.98,435.2 1 1
github.com/antti/home-warehouse/go-backend/internal/domain/batch/service.go:437.57,439.16 2 1
github.com/antti/home-warehouse/go-backend/internal/domain/batch/service.go:439.16,441.3 1 0
github.com/antti/home-warehouse/go-backend/internal/domain/batch/service.go:442.2,443.13 2 1
github.com/antti/home-warehouse/go-backend/internal/domain/batch/service.go:446.34,448.2 1 1
github.com/antti/home-warehouse/go-backend/internal/domain/batch/service.go:451.69,453.2 1 1
github.com/antti/home-warehouse/go-backend/internal/domain/batch/types.go:20.39,21.11 1 1
github.com/antti/home-warehouse/go-backend/internal/domain/batch/types.go:22.57,23.14 1 1
github.com/antti/home-warehouse/go-backend/internal/domain/batch/types.go:25.2,25.14 1 1
github.com/antti/home-warehouse/go-backend/internal/domain/batch/types.go:44.36,45.11 1 1
github.com/antti/home-warehouse/go-backend/internal/domain/batch/types.go:47.74,48.14 1 1
github.com/antti/home-warehouse/go-backend/internal/domain/batch/types.go:50.2,50.14 1 1
github.com/antti/home-warehouse/go-backend/internal/domain/auth/workspace/entity.go:23.96,24.16 1 1
github.com/antti/home-warehouse/go-backend/internal/domain/auth/workspace/entity.go:24.16,26.3 1 1
github.com/antti/home-warehouse/go-backend/internal/domain/auth/workspace/entity.go:27.2,27.16 1 1
github.com/antti/home-warehouse/go-backend/internal/domain/auth/workspace/entity.go:27.16,29.3 1 1
github.com/antti/home-warehouse/go-backend/internal/domain/auth/workspace/entity.go:31.2,40.8 2 1
github.com/antti/home-warehouse/go-backend/internal/domain/auth/workspace/entity.go:50.14,60.2 1 1
github.com/antti/home-warehouse/go-backend/internal/domain/auth/workspace/entity.go:63.36,63.51 1 1
github.com/antti/home-warehouse/go-backend/internal/domain/auth/workspace/entity.go:66.35,66.52 1 1
github.com/antti/home-warehouse/go-backend/internal/domain/auth/workspace/entity.go:69.35,69.52 1 1
github.com/antti/home-warehouse/go-backend/internal/domain/auth/workspace/entity.go:72.43,72.67 1 1
github.com/antti/home-warehouse/go-backend/internal/domain/auth/workspace/entity.go:75.39,75.62 1 1
github.com/antti/home-warehouse/go-backend/internal/domain/auth/workspace/entity.go:78.43,78.65 1 1
github.com/antti/home-warehouse/go-backend/internal/domain/auth/workspace/entity.go:81.43,81.65 1 1
github.com/antti/home-warehouse/go-backend/internal/domain/auth/workspace/entity.go:84.68,85.16 1 1
github.com/antti/home-warehouse/go-backend/internal/domain/auth/workspace/entity.go:85.16,87.3 1 1
github.com/antti/home-warehouse/go-backend/internal/domain/auth/workspace/entity.go:88.2,91.12 4 1
github.com/antti/home-warehouse/go-backend/internal/domain/auth/workspace/handler.go:14.49,16.105 1 0
github.com/antti/home-warehouse/go-backend/internal/domain/auth/workspace/handler.go:16.105,18.10 2 0
github.com/antti/home-warehouse/go-backend/internal/domain/auth/workspace/handler.go:18.10,20.4 1 0
github.com/antti/home-warehouse/go-backend/internal/domain/auth/workspace/handler.go:22.3,23.17 2 0
github.com/antti/home-warehouse/go-backend/internal/domain/auth/workspace/handler.go:23.17,25.4 1 0
github.com/antti/home-warehouse/go-backend/internal/domain/auth/workspace/handler.go:27.3,28.33 2 0
github.com/antti/home-warehouse/go-backend/internal/domain/auth/workspace/handler.go:28.33,30.4 1 0
github.com/antti/home-warehouse/go-backend/internal/domain/auth/workspace/handler.go:32.3,34.9 1 0
github.com/antti/home-warehouse/go-backend/internal/domain/auth/workspace/handler.go:38.2,38.133 1 0
github.com/antti/home-warehouse/go-backend/internal/domain/auth/workspace/handler.go:38.133,40.10 2 0
github.com/antti/home-warehouse/go-backend/internal/domain/auth/workspace/handler.go:40.10,42.4 1 0
github.com/antti/home-warehouse/go-backend/internal/domain/auth/workspace/handler.go:44.3,45.37 2 0
github.com/antti/home-warehouse/go-backend/internal/domain/auth/workspace/handler.go:45.37,47.4 1 0
github.com/antti/home-warehouse/go-backend/internal/domain/auth/workspace/handler.go:49.3,51.9 1 0
github.com/antti/home-warehouse/go-backend/internal/domain/auth/workspace/handler.go:55.2,55.121 1 0
github.com/antti/home-warehouse/go-backend/internal/domain/auth/workspace/handler.go:55.121,57.10 2 0
github.com/antti/home-warehouse/go-backend/internal/domain/auth/workspace/handler.go:57.10,59.4 1 0
github.com/antti/home-warehouse/go-backend/internal/domain/auth/workspace/handler.go:61.3,68.17 2 0
github.com/antti/home-warehouse/go-backend/internal/domain/auth/workspace/handler.go:68.17,69.27 1 0
github.com/antti/home-warehouse/go-backend/internal/domain/auth/workspace/handler.go:69.27,71.5 1 0
github.com/antti/home-warehouse/go-backend/internal/domain/auth/workspace/handler.go:72.4,72.52 1 0
github.com/antti/home-warehouse/go-backend/internal/domain/auth/workspace/handler.go:75.3,77.9 1 0
github.com/antti/home-warehouse/go-backend/internal/domain/auth/workspace/handler.go:83.64,85.93 1 0
github.com/antti/home-warehouse/go-backend/internal/domain/auth/workspace/handler.go:85.93,87.10 2 0
github.com/antti/home-warehouse/go-backend/internal/domain/auth/workspace/handler.go:87.10,89.4 1 0
github.com/antti/home-warehouse/go-backend/internal/domain/auth/workspace/handler.go:91.3,92.37 2 0
github.com/antti/home-warehouse/go-backend/internal/domain/auth/workspace/handler.go:92.37,94.4 1 0
github.com/antti/home-warehouse/go-backend/internal/domain/auth/workspace/handler.go:96.3,98.9 1 0
github.com/antti/home-warehouse/go-backend/internal/domain/auth/workspace/handler.go:102.2,102.114 1 0
github.com/antti/home-warehouse/go-backend/internal/domain/auth/workspace/handler.go:102.114,104.10 2 0
github.com/antti/home-warehouse/go-backend/internal/domain/auth/workspace/handler.go:104.10,106.4 1 0
github.com/antti/home-warehouse/go-backend/internal/domain/auth/workspace/handler.go:108.3,111.29 2 0
github.com/antti/home-warehouse/go-backend/internal/domain/auth/workspace/handler.go:111.29,113.4 1 0
github.com/antti/home-warehouse/go-backend/internal/domain/auth/workspace/handler.go:115.3,116.17 2 0
github.com/antti/home-warehouse/go-backend/internal/domain/auth/workspace/handler.go:116.17,117.35 1 0
github.com/antti/home-warehouse/go-backend/internal/domain/auth/workspace/handler.go:117.35,119.5 1 0
github.com/antti/home-warehouse/go-backend/internal/domain/auth/workspace/handler.go:120.4,120.52 1 0
github.com/antti/home-warehouse/go-backend/internal/domain/auth/workspace/handler.go:123.3,125.9 1 0
github.com/antti/home-warehouse/go-backend/internal/domain/auth/workspace/handler.go:129.2,129.86 1 0
github.com/antti/home-warehouse/go-backend/internal/domain/auth/workspace/handler.go:129.86,131.10 2 0
github.com/antti/home-warehouse/go-backend/internal/domain/auth/workspace/handler.go:131.10,133.4 1 0
github.com/antti/home-warehouse/go-backend/internal/domain/auth/workspace/handler.go:135.3,136.17 2 0
github.com/antti/home-warehouse/go-backend/internal/domain/auth/workspace/handler.go:136.17,137.35 1 0
github.com/antti/home-warehouse/go-backend/internal/domain/auth/workspace/handler.go:137.35,139.5 1 0
github.com/antti/home-warehouse/go-backend/internal/domain/auth/workspace/handler.go:140.4,140.38 1 0
github.com/antti/home-warehouse/go-backend/internal/domain/auth/workspace/handler.go:140.38,142.5 1 0
github.com/antti/home-warehouse/go-backend/internal/domain/auth/workspace/handler.go:143.4,143.52 1 0
github.com/antti/home-warehouse/go-backend/internal/domain/auth/workspace/handler.go:146.3,146.18 1 0
github.com/antti/home-warehouse/go-backend/internal/domain/auth/workspace/handler.go:150.58,160.2 1 0
github.com/antti/home-warehouse/go-backend/internal/domain/auth/workspace/service.go:23.67,28.2 1 1
github.com/antti/home-warehouse/go-backend/internal/domain/auth/workspace/service.go:40.95,43.16 2 1
github.com/antti/home-warehouse/go-backend/internal/domain/auth/workspace/service.go:43.16,45.3 1 0
github.com/antti/home-warehouse/go-backend/internal/domain/auth/workspace/service.go:46.2,46.12 1 1
github.com/antti/home-warehouse/go-backend/internal/domain/auth/workspace/service.go:46.12,48.3 1 1
github.com/antti/home-warehouse/go-backend/internal/domain/auth/workspace/service.go:51.2,52.16 2 1
github.com/antti/home-warehouse/go-backend/internal/domain/auth/workspace/service.go:52.16,54.3 1 1
github.com/antti/home-warehouse/go-backend/internal/domain/auth/workspace/service.go:57.2,57.52 1 1
github.com/antti/home-warehouse/go-backend/internal/domain/auth/workspace/service.go:57.52,59.3 1 0
github.com/antti/home-warehouse/go-backend/internal/domain/auth/workspace/service.go:62.2,62.56 1 1
github.com/antti/home-warehouse/go-backend/internal/domain/auth/workspace/service.go:62.56,64.17 2 0
github.com/antti/home-warehouse/go-backend/internal/domain/auth/workspace/service.go:64.17,68.4 1 0
github.com/antti/home-warehouse/go-backend/internal/domain/auth/workspace/service.go:69.3,69.61 1 0
github.com/antti/home-warehouse/go-backend/internal/domain/auth/workspace/service.go:69.61,73.4 1 0
github.com/antti/home-warehouse/go-backend/internal/domain/auth/workspace/service.go:76.2,76.23 1 1
github.com/antti/home-warehouse/go-backend/internal/domain/auth/workspace/service.go:80.82,82.16 2 1
github.com/antti/home-warehouse/go-backend/internal/domain/auth/workspace/service.go:82.16,84.3 1 0
github.com/antti/home-warehouse/go-backend/internal/domain/auth/workspace/service.go:85.2,85.22 1 1
github.com/antti/home-warehouse/go-backend/internal/domain/auth/workspace/service.go:85.22,87.3 1 1
github.com/antti/home-warehouse/go-backend/internal/domain/auth/workspace/service.go:88.2,88.23 1 1
github.com/antti/home-warehouse/go-backend/internal/domain/auth/workspace/service.go:92.83,94.16 2 1
github.com/antti/home-warehouse/go-backend/internal/domain/auth/workspace/service.go:94.16,96.3 1 0
github.com/antti/home-warehouse/go-backend/internal/domain/auth/workspace/service.go:97.2,97.22 1 1
github.com/antti/home-warehouse/go-backend/internal/domain/auth/workspace/service.go:97.22,99.3 1 1
github.com/antti/home-warehouse/go-backend/internal/domain/auth/workspace/service.go:100.2,100.23 1 1
github.com/antti/home-warehouse/go-backend/internal/domain/auth/workspace/service.go:104.98,106.2 1 1
github.com/antti/home-warehouse/go-backend/internal/domain/auth/workspace/service.go:115.109,117.16 2 1
github.com/antti/home-warehouse/go-backend/internal/domain/auth/workspace/service.go:117.16,119.3 1 1
github.com/antti/home-warehouse/go-backend/internal/domain/auth/workspace/service.go:121.2,121.72 1 1
github.com/antti/home-warehouse/go-backend/internal/domain/auth/workspace/service.go:121.72,123.3 1 0
github.com/antti/home-warehouse/go-backend/internal/domain/auth/workspace/service.go:125.2,125.52 1 1
github.com/antti/home-warehouse/go-backend/internal/domain/auth/workspace/service.go:125.52,127.3 1 0
github.com/antti/home-warehouse/go-backend/internal/domain/auth/workspace/service.go:129.2,129.23 1 1
github.com/antti/home-warehouse/go-backend/internal/domain/auth/workspace/service.go:133.67,135.16 2 1
github.com/antti/home-warehouse/go-backend/internal/domain/auth/workspace/service.go:135.16,137.3 1 1
github.com/antti/home-warehouse/go-backend/internal/domain/auth/workspace/service.go:139.2,139.28 1 1
github.com/antti/home-warehouse/go-backend/internal/domain/auth/workspace/service.go:139.28,141.3 1 1
github.com/antti/home-warehouse/go-backend/internal/domain/auth/workspace/service.go:143.2,143.31 1 1
github.com/antti/home-warehouse/go-backend/internal/domain/barcode/handler.go:10.49,12.107 1 0
github.com/antti/home-warehouse/go-backend/internal/domain/barcode/handler.go:12.107,14.17 2 0
github.com/antti/home-warehouse/go-backend/internal/domain/barcode/handler.go:14.17,16.4 1 0
github.com/antti/home-warehouse/go-backend/internal/domain/barcode/handler.go:18.3,27.9 1 0
github.com/antti/home-warehouse/go-backend/internal/domain/barcode/service.go:27.28,31.2 1 1
github.com/antti/home-warehouse/go-backend/internal/domain/barcode/service.go:35.81,37.86 1 1
github.com/antti/home-warehouse/go-backend/internal/domain/barcode/service.go:37.86,39.3 1 0
github.com/antti/home-warehouse/go-backend/internal/domain/barcode/service.go:42.2,42.87 1 1
github.com/antti/home-warehouse/go-backend/internal/domain/barcode/service.go:42.87,44.3 1 0
github.com/antti/home-warehouse/go-backend/internal/domain/barcode/service.go:47.2,47.54 1 1
github.com/antti/home-warehouse/go-backend/internal/domain/barcode/service.go:62.94,66.16 3 1
github.com/antti/home-warehouse/go-backend/internal/domain/barcode/service.go:66.16,68.3 1 0
github.com/antti/home-warehouse/go-backend/internal/domain/barcode/service.go:69.2,72.16 3 1
github.com/antti/home-warehouse/go-backend/internal/domain/barcode/service.go:72.16,74.3 1 1
github.com/antti/home-warehouse/go-backend/internal/domain/barcode/service.go:75.2,77.38 2 0
github.com/antti/home-warehouse/go-backend/internal/domain/barcode/service.go:77.38,79.3 1 0
github.com/antti/home-warehouse/go-backend/internal/domain/barcode/service.go:81.2,82.67 2 0
github.com/antti/home-warehouse/go-backend/internal/domain/barcode/service.go:82.67,84.3 1 0
github.com/antti/home-warehouse/go-backend/internal/domain/barcode/service.go:86.2,86.60 1 0
github.com/antti/home-warehouse/go-backend/internal/domain/barcode/service.go:86.60,88.3 1 0
github.com/antti/home-warehouse/go-backend/internal/domain/barcode/service.go:90.2,97.8 1 0
github.com/antti/home-warehouse/go-backend/internal/domain/barcode/service.go:115.95,119.16 3 1
github.com/antti/home-warehouse/go-backend/internal/domain/barcode/service.go:119.16,121.3 1 0
github.com/antti/home-warehouse/go-backend/internal/domain/barcode/service.go:122.2,125.16 3 1
github.com/antti/home-warehouse/go-backend/internal/domain/barcode/service.go:125.16,127.3 1 1
github.com/antti/home-warehouse/go-backend/internal/domain/barcode/service.go:128.2,130.38 2 0
github.com/antti/home-warehouse/go-backend/internal/domain/barcode/service.go:130.38,132.3 1 0
github.com/antti/home-warehouse/go-backend/internal/domain/barcode/service.go:134.2,135.67 2 0
github.com/antti/home-warehouse/go-backend/internal/domain/barcode/service.go:135.67,137.3 1 0
github.com/antti/home-warehouse/go-backend/internal/domain/barcode/service.go:139.2,139.60 1 0
github.com/antti/home-warehouse/go-backend/internal/domain/barcode/service.go:139.60,141.3 1 0
github.com/antti/home-warehouse/go-backend/internal/domain/barcode/service.go:143.2,150.8 1 0
github.com/antti/home-warehouse/go-backend/internal/domain/barcode/service.go:154.44,155.13 1 1
github.com/antti/home-warehouse/go-backend/internal/domain/barcode/service.go:155.13,157.3 1 1
github.com/antti/home-warehouse/go-backend/internal/domain/barcode/service.go:158.2,158.11 1 1
github.com/antti/home-warehouse/go-backend/internal/domain/analytics/handler.go:19.40,21.2 1 0
github.com/antti/home-warehouse/go-backend/internal/domain/analytics/handler.go:116.48,206.2 10 0
github.com/antti/home-warehouse/go-backend/internal/domain/analytics/handler.go:209.121,211.9 2 0
github.com/antti/home-warehouse/go-backend/internal/domain/analytics/handler.go:211.9,213.3 1 0
github.com/antti/home-warehouse/go-backend/internal/domain/analytics/handler.go:214.2,215.16 2 0
github.com/antti/home-warehouse/go-backend/internal/domain/analytics/handler.go:215.16,217.3 1 0
github.com/antti/home-warehouse/go-backend/internal/domain/analytics/handler.go:218.2,218.51 1 0
github.com/antti/home-warehouse/go-backend/internal/domain/analytics/handler.go:222.118,224.9 2 0
github.com/antti/home-warehouse/go-backend/internal/domain/analytics/handler.go:224.9,226.3 1 0
github.com/antti/home-warehouse/go-backend/internal/domain/analytics/handler.go:227.2,228.16 2 0
github.com/antti/home-warehouse/go-backend/internal/domain/analytics/handler.go:228.16,230.3 1 0
github.com/antti/home-warehouse/go-backend/internal/domain/analytics/handler.go:231.2,231.49 1 0
github.com/antti/home-warehouse/go-backend/internal/domain/analytics/handler.go:235.106,237.9 2 0
github.com/antti/home-warehouse/go-backend/internal/domain/analytics/handler.go:237.9,239.3 1 0
github.com/antti/home-warehouse/go-backend/internal/domain/analytics/handler.go:240.2,241.16 2 0
github.com/antti/home-warehouse/go-backend/internal/domain/analytics/handler.go:241.16,243.3 1 0
github.com/antti/home-warehouse/go-backend/internal/domain/analytics/handler.go:244.2,244.46 1 0
github.com/antti/home-warehouse/go-backend/internal/domain/analytics/handler.go:248.121,250.9 2 0
github.com/antti/home-warehouse/go-backend/internal/domain/analytics/handler.go:250.9,252.3 1 0
github.com/antti/home-warehouse/go-backend/internal/domain/analytics/handler.go:253.2,254.16 2 0
github.com/antti/home-warehouse/go-backend/internal/domain/analytics/handler.go:254.16,256.3 1 0
github.com/antti/home-warehouse/go-backend/internal/domain/analytics/handler.go:257.2,257.51 1 0
github.com/antti/home-warehouse/go-backend/internal/domain/analytics/handler.go:261.121,263.9 2 0
github.com/antti/home-warehouse/go-backend/internal/domain/analytics/handler.go:263.9,265.3 1 0
github.com/antti/home-warehouse/go-backend/internal/domain/analytics/handler.go:266.2,267.16 2 0
github.com/antti/home-warehouse/go-backend/internal/domain/analytics/handler.go:267.16,269.3 1 0
github.com/antti/home-warehouse/go-backend/internal/domain/analytics/handler.go:270.2,270.53 1 0
github.com/antti/home-warehouse/go-backend/internal/domain/analytics/handler.go:274.133,276.9 2 0
github.com/antti/home-warehouse/go-backend/internal/domain/analytics/handler.go:276.9,278.3 1 0
github.com/antti/home-warehouse/go-backend/internal/domain/analytics/handler.go:279.2,280.16 2 0
github.com/antti/home-warehouse/go-backend/internal/domain/analytics/handler.go:280.16,282.3 1 0
github.com/antti/home-warehouse/go-backend/internal/domain/analytics/handler.go:283.2,283.58 1 0
github.com/antti/home-warehouse/go-backend/internal/domain/analytics/handler.go:287.124,289.9 2 0
github.com/antti/home-warehouse/go-backend/internal/domain/analytics/handler.go:289.9,291.3 1 0
github.com/antti/home-warehouse/go-backend/internal/domain/analytics/handler.go:292.2,293.16 2 0
github.com/antti/home-warehouse/go-backend/internal/domain/analytics/handler.go:293.16,295.3 1 0
github.com/antti/home-warehouse/go-backend/internal/domain/analytics/handler.go:296.2,296.55 1 0
github.com/antti/home-warehouse/go-backend/internal/domain/analytics/handler.go:300.115,302.9 2 0
github.com/antti/home-warehouse/go-backend/internal/domain/analytics/handler.go:302.9,304.3 1 0
github.com/antti/home-warehouse/go-backend/internal/domain/analytics/handler.go:305.2,306.16 2 0
github.com/antti/home-warehouse/go-backend/internal/domain/analytics/handler.go:306.16,308.3 1 0
github.com/antti/home-warehouse/go-backend/internal/domain/analytics/handler.go:309.2,309.52 1 0
github.com/antti/home-warehouse/go-backend/internal/domain/analytics/handler.go:313.127,315.9 2 0
github.com/antti/home-warehouse/go-backend/internal/domain/analytics/handler.go:315.9,317.3 1 0
github.com/antti/home-warehouse/go-backend/internal/domain/analytics/handler.go:318.2,319.16 2 0
github.com/antti/home-warehouse/go-backend/internal/domain/analytics/handler.go:319.16,321.3 1 0
github.com/antti/home-warehouse/go-backend/internal/domain/analytics/handler.go:322.2,322.55 1 0
github.com/antti/home-warehouse/go-backend/internal/domain/analytics/handler.go:326.136,328.9 2 0
github.com/antti/home-warehouse/go-backend/internal/domain/analytics/handler.go:328.9,330.3 1 0
github.com/antti/home-warehouse/go-backend/internal/domain/analytics/handler.go:331.2,333.16 3 0
github.com/antti/home-warehouse/go-backend/internal/domain/analytics/handler.go:333.16,335.3 1 0
github.com/antti/home-warehouse/go-backend/internal/domain/analytics/handler.go:336.2,336.58 1 0
github.com/antti/home-warehouse/go-backend/internal/domain/analytics/service.go:32.43,34.2 1 1
github.com/antti/home-warehouse/go-backend/internal/domain/analytics/service.go:37.106,39.16 2 1
github.com/antti/home-warehouse/go-backend/internal/domain/analytics/service.go:39.16,41.3 1 1
github.com/antti/home-warehouse/go-backend/internal/domain/analytics/service.go:43.2,53.8 1 1
github.com/antti/home-warehouse/go-backend/internal/domain/analytics/service.go:57.118,58.16 1 1
github.com/antti/home-warehouse/go-backend/internal/domain/analytics/service.go:58.16,60.3 1 1
github.com/antti/home-warehouse/go-backend/internal/domain/analytics/service.go:62.2,63.16 2 1
github.com/antti/home-warehouse/go-backend/internal/domain/analytics/service.go:63.16,65.3 1 1
github.com/antti/home-warehouse/go-backend/internal/domain/analytics/service.go:67.2,68.27 2 1
github.com/antti/home-warehouse/go-backend/internal/domain/analytics/service.go:68.27,76.3 1 1
github.com/antti/home-warehouse/go-backend/internal/domain/analytics/service.go:77.2,77.20 1 1
github.com/antti/home-warehouse/go-backend/internal/domain/analytics/service.go:81.96,83.16 2 1
github.com/antti/home-warehouse/go-backend/internal/domain/analytics/service.go:83.16,85.3 1 1
github.com/antti/home-warehouse/go-backend/internal/domain/analytics/service.go:87.2,92.8 1 1
github.com/antti/home-warehouse/go-backend/internal/domain/analytics/service.go:96.138,97.16 1 1
github.com/antti/home-warehouse/go-backend/internal/domain/analytics/service.go:97.16,99.3 1 1
github.com/antti/home-warehouse/go-backend/internal/domain/analytics/service.go:101.2,102.16 2 1
github.com/antti/home-warehouse/go-backend/internal/domain/analytics/service.go:102.16,104.3 1 1
github.com/antti/home-warehouse/go-backend/internal/domain/analytics/service.go:106.2,107.27 2 1
github.com/antti/home-warehouse/go-backend/internal/domain/analytics/service.go:107.27,115.3 1 1
github.com/antti/home-warehouse/go-backend/internal/domain/analytics/service.go:116.2,116.20 1 1
github.com/antti/home-warehouse/go-backend/internal/domain/analytics/service.go:120.120,121.16 1 1
github.com/antti/home-warehouse/go-backend/internal/domain/analytics/service.go:121.16,123.3 1 1
github.com/antti/home-warehouse/go-backend/internal/domain/analytics/service.go:125.2,126.16 2 1
github.com/antti/home-warehouse/go-backend/internal/domain/analytics/service.go:126.16,128.3 1 1
github.com/antti/home-warehouse/go-backend/internal/domain/analytics/service.go:130.2,131.27 2 1
github.com/antti/home-warehouse/go-backend/internal/domain/analytics/service.go:131.27,133.23 2 1
github.com/antti/home-warehouse/go-backend/internal/domain/analytics/service.go:133.23,136.4 2 1
github.com/antti/home-warehouse/go-backend/internal/domain/analytics/service.go:138.3,139.26 2 1
github.com/antti/home-warehouse/go-backend/internal/domain/analytics/service.go:139.26,141.4 1 1
github.com/antti/home-warehouse/go-backend/internal/domain/analytics/service.go:143.3,151.4 1 1
github.com/antti/home-warehouse/go-backend/internal/domain/analytics/service.go:153.2,153.20 1 1
github.com/antti/home-warehouse/go-backend/internal/domain/analytics/service.go:157.115,159.16 2 1
github.com/antti/home-warehouse/go-backend/internal/domain/analytics/service.go:159.16,161.3 1 1
github.com/antti/home-warehouse/go-backend/internal/domain/analytics/service.go:163.2,164.27 2 1
github.com/antti/home-warehouse/go-backend/internal/domain/analytics/service.go:164.27,166.26 2 1
github.com/antti/home-warehouse/go-backend/internal/domain/analytics/service.go:166.26,168.4 1 1
github.com/antti/home-warehouse/go-backend/internal/domain/analytics/service.go:169.3,172.4 1 1
github.com/antti/home-warehouse/go-backend/internal/domain/analytics/service.go:174.2,174.20 1 1
github.com/antti/home-warehouse/go-backend/internal/domain/analytics/service.go:178.109,180.16 2 1
github.com/antti/home-warehouse/go-backend/internal/domain/analytics/service.go:180.16,182.3 1 1
github.com/antti/home-warehouse/go-backend/internal/domain/analytics/service.go:184.2,185.27 2 1
github.com/antti/home-warehouse/go-backend/internal/domain/analytics/service.go:185.27,187.23 2 1
github.com/antti/home-warehouse/go-backend/internal/domain/analytics/service.go:187.23,189.4 1 1
github.com/antti/home-warehouse/go-backend/internal/domain/analytics/service.go:190.3,193.4 1 1
github.com/antti/home-warehouse/go-backend/internal/domain/analytics/service.go:195.2,195.20 1 1
github.com/antti/home-warehouse/go-backend/internal/domain/analytics/service.go:199.115,200.16 1 1
github.com/antti/home-warehouse/go-backend/internal/domain/analytics/service.go:200.16,202.3 1 1
github.com/antti/home-warehouse/go-backend/internal/domain/analytics/service.go:204.2,205.16 2 1
github.com/antti/home-warehouse/go-backend/internal/domain/analytics/service.go:205.16,207.3 1 1
github.com/antti/home-warehouse/go-backend/internal/domain/analytics/service.go:209.2,210.27 2 1
github.com/antti/home-warehouse/go-backend/internal/domain/analytics/service.go:210.27,218.3 1 1
github.com/antti/home-warehouse/go-backend/internal/domain/analytics/service.go:219.2,219.20 1 1
github.com/antti/home-warehouse/go-backend/internal/domain/analytics/service.go:223.134,225.16 2 1
github.com/antti/home-warehouse/go-backend/internal/domain/analytics/service.go:225.16,227.3 1 1
github.com/antti/home-warehouse/go-backend/internal/domain/analytics/service.go:229.2,230.27 2 1
github.com/antti/home-warehouse/go-backend/internal/domain/analytics/service.go:230.27,232.22 2 1
github.com/antti/home-warehouse/go-backend/internal/domain/analytics/service.go:232.22,234.4 1 1
github.com/antti/home-warehouse/go-backend/internal/domain/analytics/service.go:235.3,239.4 1 1
github.com/antti/home-warehouse/go-backend/internal/domain/analytics/service.go:241.2,241.20 1 1
github.com/antti/home-warehouse/go-backend/internal/domain/analytics/service.go:245.110,248.16 2 1
github.com/antti/home-warehouse/go-backend/internal/domain/analytics/service.go:248.16,250.3 1 1
github.com/antti/home-warehouse/go-backend/internal/domain/analytics/service.go:253.2,254.16 2 1
github.com/antti/home-warehouse/go-backend/internal/domain/analytics/service.go:254.16,256.3 1 1
github.com/antti/home-warehouse/go-backend/internal/domain/analytics/service.go:259.2,260.16 2 1
github.com/antti/home-warehouse/go-backend/internal/domain/analytics/service.go:260.16,262.3 1 1
github.com/antti/home-warehouse/go-backend/internal/domain/analytics/service.go:265.2,266.16 2 1
github.com/antti/home-warehouse/go-backend/internal/domain/analytics/service.go:266.16,268.3 1 1
github.com/antti/home-warehouse/go-backend/internal/domain/analytics/service.go:271.2,272.16 2 1
github.com/antti/home-warehouse/go-backend/internal/domain/analytics/service.go:272.16,274.3 1 1
github.com/antti/home-warehouse/go-backend/internal/domain/analytics/service.go:277.2,278.16 2 1
github.com/antti/home-warehouse/go-backend/internal/domain/analytics/service.go:278.16,280.3 1 1
github.com/antti/home-warehouse/go-backend/internal/domain/analytics/service.go:283.2,284.16 2 1
github.com/antti/home-warehouse/go-backend/internal/domain/analytics/service.go:284.16,286.3 1 1
github.com/antti/home-warehouse/go-backend/internal/domain/analytics/service.go:289.2,290.16 2 1
github.com/antti/home-warehouse/go-backend/internal/domain/analytics/service.go:290.16,292.3 1 1
github.com/antti/home-warehouse/go-backend/internal/domain/analytics/service.go:294.2,303.8 1 1
github.com/antti/home-warehouse/go-backend/internal/domain/analytics/service.go:307.58,312.2 1 1
github.com/antti/home-warehouse/go-backend/internal/domain/auth/member/entity.go:33.97,34.73 1 1
github.com/antti/home-warehouse/go-backend/internal/domain/auth/member/entity.go:34.73,36.3 1 1
github.com/antti/home-warehouse/go-backend/internal/domain/auth/member/entity.go:37.2,37.63 1 1
github.com/antti/home-warehouse/go-backend/internal/domain/auth/member/entity.go:37.63,39.3 1 1
github.com/antti/home-warehouse/go-backend/internal/domain/auth/member/entity.go:40.2,40.24 1 1
github.com/antti/home-warehouse/go-backend/internal/domain/auth/member/entity.go:40.24,42.3 1 1
github.com/antti/home-warehouse/go-backend/internal/domain/auth/member/entity.go:44.2,53.8 2 1
github.com/antti/home-warehouse/go-backend/internal/domain/auth/member/entity.go:62.11,72.2 1 1
github.com/antti/home-warehouse/go-backend/internal/domain/auth/member/entity.go:75.33,75.48 1 1
github.com/antti/home-warehouse/go-backend/internal/domain/auth/member/entity.go:78.42,78.66 1 1
github.com/antti/home-warehouse/go-backend/internal/domain/auth/member/entity.go:81.37,81.56 1 1
github.com/antti/home-warehouse/go-backend/internal/domain/auth/member/entity.go:84.30,84.47 1 1
github.com/antti/home-warehouse/go-backend/internal/domain/auth/member/entity.go:87.41,87.63 1 1
github.com/antti/home-warehouse/go-backend/internal/domain/auth/member/entity.go:90.40,90.62 1 1
github.com/antti/home-warehouse/go-backend/internal/domain/auth/member/entity.go:93.40,93.62 1 1
github.com/antti/home-warehouse/go-backend/internal/domain/auth/member/entity.go:96.49,97.27 1 1
github.com/antti/home-warehouse/go-backend/internal/domain/auth/member/entity.go:97.27,99.3 1 1
github.com/antti/home-warehouse/go-backend/internal/domain/auth/member/entity.go:100.2,102.12 3 1
github.com/antti/home-warehouse/go-backend/internal/domain/auth/member/entity.go:106.42,108.2 1 1
github.com/antti/home-warehouse/go-backend/internal/domain/auth/member/entity.go:111.40,113.2 1 1
github.com/antti/home-warehouse/go-backend/internal/domain/auth/member/entity.go:116.33,118.2 1 1
github.com/antti/home-warehouse/go-backend/internal/domain/auth/member/entity.go:121.34,122.14 1 1
github.com/antti/home-warehouse/go-backend/internal/domain/auth/member/entity.go:123.52,124.14 1 1
github.com/antti/home-warehouse/go-backend/internal/domain/auth/member/entity.go:125.10,126.15 1 1
github.com/antti/home-warehouse/go-backend/internal/domain/auth/member/handler.go:14.49,16.99 1 0
github.com/antti/home-warehouse/go-backend/internal/domain/auth/member/handler.go:16.99,18.10 2 0
github.com/antti/home-warehouse/go-backend/internal/domain/auth/member/handler.go:18.10,20.4 1 0
github.com/antti/home-warehouse/go-backend/internal/domain/auth/member/handler.go:22.3,23.17 2 0
github.com/antti/home-warehouse/go-backend/internal/domain/auth/member/handler.go:23.17,25.4 1 0
github.com/antti/home-warehouse/go-backend/internal/domain/auth/member/handler.go:27.3,28.29 2 0
github.com/antti/home-warehouse/go-backend/internal/domain/auth/member/handler.go:28.29,30.4 1 0
github.com/antti/home-warehouse/go-backend/internal/domain/auth/member/handler.go:32.3,34.9 1 0
github.com/antti/home-warehouse/go-backend/internal/domain/auth/member/handler.go:38.2,38.113 1 0
github.com/antti/home-warehouse/go-backend/internal/domain/auth/member/handler.go:38.113,40.10 2 0
github.com/antti/home-warehouse/go-backend/internal/domain/auth/member/handler.go:40.10,42.4 1 0
github.com/antti/home-warehouse/go-backend/internal/domain/auth/member/handler.go:44.3,45.34 2 0
github.com/antti/home-warehouse/go-backend/internal/domain/auth/member/handler.go:45.34,47.4 1 0
github.com/antti/home-warehouse/go-backend/internal/domain/auth/member/handler.go:49.3,51.9 1 0
github.com/antti/home-warehouse/go-backend/internal/domain/auth/member/handler.go:55.2,55.106 1 0
github.com/antti/home-warehouse/go-backend/internal/domain/auth/member/handler.go:55.106,57.10 2 0
github.com/antti/home-warehouse/go-backend/internal/domain/auth/member/handler.go:57.10,59.4 1 0
github.com/antti/home-warehouse/go-backend/internal/domain/auth/member/handler.go:61.3,62.10 2 0
github.com/antti/home-warehouse/go-backend/internal/domain/auth/member/handler.go:62.10,64.4 1 0
github.com/antti/home-warehouse/go-backend/internal/domain/auth/member/handler.go:66.3,72.17 2 0
github.com/antti/home-warehouse/go-backend/internal/domain/auth/member/handler.go:72.17,73.31 1 0
github.com/antti/home-warehouse/go-backend/internal/domain/auth/member/handler.go:73.31,75.5 1 0
github.com/antti/home-warehouse/go-backend/internal/domain/auth/member/handler.go:76.4,76.52 1 0
github.com/antti/home-warehouse/go-backend/internal/domain/auth/member/handler.go:79.3,81.9 1 0
github.com/antti/home-warehouse/go-backend/internal/domain/auth/member/handler.go:85.2,85.131 1 0
github.com/antti/home-warehouse/go-backend/internal/domain/auth/member/handler.go:85.131,87.10 2 0
github.com/antti/home-warehouse/go-backend/internal/domain/auth/member/handler.go:87.10,89.4 1 0
github.com/antti/home-warehouse/go-backend/internal/domain/auth/member/handler.go:91.3,92.10 2 0
github.com/antti/home-warehouse/go-backend/internal/domain/auth/member/handler.go:92.10,94.4 1 0
github.com/antti/home-warehouse/go-backend/internal/domain/auth/member/handler.go:96.3,102.17 2 0
github.com/antti/home-warehouse/go-backend/internal/domain/auth/member/handler.go:102.17,103.37 1 0
github.com/antti/home-warehouse/go-backend/internal/domain/auth/member/handler.go:103.37,105.5 1 0
github.com/antti/home-warehouse/go-backend/internal/domain/auth/member/handler.go:106.4,106.32 1 0
github.com/antti/home-warehouse/go-backend/internal/domain/auth/member/handler.go:106.32,108.5 1 0
github.com/antti/home-warehouse/go-backend/internal/domain/auth/member/handler.go:109.4,109.52 1 0
github.com/antti/home-warehouse/go-backend/internal/domain/auth/member/handler.go:112.3,114.9 1 0
github.com/antti/home-warehouse/go-backend/internal/domain/auth/member/handler.go:118.2,118.109 1 0
github.com/antti/home-warehouse/go-backend/internal/domain/auth/member/handler.go:118.109,120.10 2 0
github.com/antti/home-warehouse/go-backend/internal/domain/auth/member/handler.go:120.10,122.4 1 0
github.com/antti/home-warehouse/go-backend/internal/domain/auth/member/handler.go:124.3,128.17 2 0
github.com/antti/home-warehouse/go-backend/internal/domain/auth/member/handler.go:128.17,129.35 1 0
github.com/antti/home-warehouse/go-backend/internal/domain/auth/member/handler.go:129.35,131.5 1 0
github.com/antti/home-warehouse/go-backend/internal/domain/auth/member/handler.go:132.4,132.32 1 0
github.com/antti/home-warehouse/go-backend/internal/domain/auth/member/handler.go:132.32,134.5 1 0
github.com/antti/home-warehouse/go-backend/internal/domain/auth/member/handler.go:135.4,135.52 1 0
github.com/antti/home-warehouse/go-backend/internal/domain/auth/member/handler.go:138.3,138.18 1 0
github.com/antti/home-warehouse/go-backend/internal/domain/auth/member/handler.go:142.49,152.2 1 0
github.com/antti/home-warehouse/go-backend/internal/domain/auth/member/service.go:15.43,17.2 1 1
github.com/antti/home-warehouse/go-backend/internal/domain/auth/member/service.go:28.89,31.16 2 1
github.com/antti/home-warehouse/go-backend/internal/domain/auth/member/service.go:31.16,33.3 1 0
github.com/antti/home-warehouse/go-backend/internal/domain/auth/member/service.go:34.2,34.12 1 1
github.com/antti/home-warehouse/go-backend/internal/domain/auth/member/service.go:34.12,36.3 1 1
github.com/antti/home-warehouse/go-backend/internal/domain/auth/member/service.go:39.2,40.16 2 1
github.com/antti/home-warehouse/go-backend/internal/domain/auth/member/service.go:40.16,42.3 1 1
github.com/antti/home-warehouse/go-backend/internal/domain/auth/member/service.go:45.2,45.49 1 1
github.com/antti/home-warehouse/go-backend/internal/domain/auth/member/service.go:45.49,47.3 1 0
github.com/antti/home-warehouse/go-backend/internal/domain/auth/member/service.go:49.2,49.20 1 1
github.com/antti/home-warehouse/go-backend/internal/domain/auth/member/service.go:53.98,55.16 2 1
github.com/antti/home-warehouse/go-backend/internal/domain/auth/member/service.go:55.16,57.3 1 0
github.com/antti/home-warehouse/go-backend/internal/domain/auth/member/service.go:58.2,58.19 1 1
github.com/antti/home-warehouse/go-backend/internal/domain/auth/member/service.go:58.19,60.3 1 1
github.com/antti/home-warehouse/go-backend/internal/domain/auth/member/service.go:61.2,61.20 1 1
github.com/antti/home-warehouse/go-backend/internal/domain/auth/member/service.go:65.103,67.2 1 1
github.com/antti/home-warehouse/go-backend/internal/domain/auth/member/service.go:78.91,80.37 1 1
github.com/antti/home-warehouse/go-backend/internal/domain/auth/member/service.go:80.37,82.3 1 1
github.com/antti/home-warehouse/go-backend/internal/domain/auth/member/service.go:85.2,86.16 2 1
github.com/antti/home-warehouse/go-backend/internal/domain/auth/member/service.go:86.16,88.3 1 1
github.com/antti/home-warehouse/go-backend/internal/domain/auth/member/service.go:91.2,91.57 1 1
github.com/antti/home-warehouse/go-backend/internal/domain/auth/member/service.go:91.57,93.3 1 0
github.com/antti/home-warehouse/go-backend/internal/domain/auth/member/service.go:96.2,96.49 1 1
github.com/antti/home-warehouse/go-backend/internal/domain/auth/member/service.go:96.49,98.3 1 0
github.com/antti/home-warehouse/go-backend/internal/domain/auth/member/service.go:100.2,100.20 1 1
github.com/antti/home-warehouse/go-backend/internal/domain/auth/member/service.go:110.84,113.16 2 1
github.com/antti/home-warehouse/go-backend/internal/domain/auth/member/service.go:113.16,115.3 1 1
github.com/antti/home-warehouse/go-backend/internal/domain/auth/member/service.go:118.2,118.22 1 1
github.com/antti/home-warehouse/go-backend/internal/domain/auth/member/service.go:118.22,120.17 2 1
github.com/antti/home-warehouse/go-backend/internal/domain/auth/member/service.go:120.17,122.4 1 0
github.com/antti/home-warehouse/go-backend/internal/domain/auth/member/service.go:123.3,123.22 1 1
github.com/antti/home-warehouse/go-backend/internal/domain/auth/member/service.go:123.22,125.4 1 1
github.com/antti/home-warehouse/go-backend/internal/domain/auth/member/service.go:128.2,128.60 1 1
github.com/antti/home-warehouse/go-backend/internal/domain/auth/member/service.go:132.97,134.16 2 1
github.com/antti/home-warehouse/go-backend/internal/domain/auth/member/service.go:134.16,136.3 1 0
github.com/antti/home-warehouse/go-backend/internal/domain/auth/member/service.go:137.2,137.27 1 1
github.com/antti/home-warehouse/go-backend/cmd/server/main.go:18.13,24.17 3 0
github.com/antti/home-warehouse/go-backend/cmd/server/main.go:24.17,26.3 1 0
github.com/antti/home-warehouse/go-backend/cmd/server/main.go:29.2,30.16 2 0
github.com/antti/home-warehouse/go-backend/cmd/server/main.go:30.16,32.3 1 0
github.com/antti/home-warehouse/go-backend/cmd/server/main.go:33.2,40.16 4 0
github.com/antti/home-warehouse/go-backend/cmd/server/main.go:40.16,42.3 1 0
github.com/antti/home-warehouse/go-backend/cmd/server/main.go:44.2,53.12 2 0
github.com/antti/home-warehouse/go-backend/cmd/server/main.go:53.12,55.77 2 0
github.com/antti/home-warehouse/go-backend/cmd/server/main.go:55.77,57.4 1 0
github.com/antti/home-warehouse/go-backend/cmd/server/main.go:61.2,70.42 7 0
github.com/antti/home-warehouse/go-backend/cmd/server/main.go:70.42,72.3 1 0
github.com/antti/home-warehouse/go-backend/cmd/server/main.go:74.2,74.31 1 0
github.com/antti/home-warehouse/go-backend/internal/api/docs.go:12.39,15.63 1 0
github.com/antti/home-warehouse/go-backend/internal/api/docs.go:15.63,18.3 2 0
github.com/antti/home-warehouse/go-backend/internal/api/docs.go:43.34,57.2 1 0
github.com/antti/home-warehouse/go-backend/internal/api/router.go:43.67,77.95 15 0
github.com/antti/home-warehouse/go-backend/internal/api/router.go:77.95,79.3 1 0
github.com/antti/home-warehouse/go-backend/internal/api/router.go:82.2,162.29 53 0
github.com/antti/home-warehouse/go-backend/internal/api/router.go:162.29,184.60 10 0
github.com/antti/home-warehouse/go-backend/internal/api/router.go:184.60,231.4 25 0
github.com/antti/home-warehouse/go-backend/internal/api/router.go:234.2,234.10 1 0
github.com/antti/home-warehouse/go-backend/internal/domain/sync/handler.go:19.40,21.2 1 0
github.com/antti/home-warehouse/go-backend/internal/domain/sync/handler.go:38.48,47.2 1 0
github.com/antti/home-warehouse/go-backend/internal/domain/sync/handler.go:50.102,52.9 2 0
github.com/antti/home-warehouse/go-backend/internal/domain/sync/handler.go:52.9,54.3 1 0
github.com/antti/home-warehouse/go-backend/internal/domain/sync/handler.go:56.2,59.31 3 0
github.com/antti/home-warehouse/go-backend/internal/domain/sync/handler.go:59.31,61.17 2 0
github.com/antti/home-warehouse/go-backend/internal/domain/sync/handler.go:61.17,63.4 1 0
github.com/antti/home-warehouse/go-backend/internal/domain/sync/handler.go:64.3,64.30 1 0
github.com/antti/home-warehouse/go-backend/internal/domain/sync/handler.go:67.2,73.16 2 0
github.com/antti/home-warehouse/go-backend/internal/domain/sync/handler.go:73.16,75.3 1 0
github.com/antti/home-warehouse/go-backend/internal/domain/sync/handler.go:77.2,77.47 1 0
github.com/antti/home-warehouse/go-backend/internal/domain/sync/service.go:34.43,36.2 1 1
github.com/antti/home-warehouse/go-backend/internal/domain/sync/service.go:47.92,55.27 3 1
github.com/antti/home-warehouse/go-backend/internal/domain/sync/service.go:55.27,57.3 1 1
github.com/antti/home-warehouse/go-backend/internal/domain/sync/service.go:60.2,61.32 2 1
github.com/antti/home-warehouse/go-backend/internal/domain/sync/service.go:61.32,63.3 1 1
github.com/antti/home-warehouse/go-backend/internal/domain/sync/service.go:66.2,66.41 1 1
github.com/antti/home-warehouse/go-backend/internal/domain/sync/service.go:66.41,67.21 1 1
github.com/antti/home-warehouse/go-backend/internal/domain/sync/service.go:68.23,70.18 2 1
github.com/antti/home-warehouse/go-backend/internal/domain/sync/service.go:70.18,72.5 1 0
github.com/antti/home-warehouse/go-backend/internal/domain/sync/service.go:73.4,74.38 2 1
github.com/antti/home-warehouse/go-backend/internal/domain/sync/service.go:74.38,76.5 1 1
github.com/antti/home-warehouse/go-backend/internal/domain/sync/service.go:78.27,80.18 2 1
github.com/antti/home-warehouse/go-backend/internal/domain/sync/service.go:80.18,82.5 1 0
github.com/antti/home-warehouse/go-backend/internal/domain/sync/service.go:83.4,84.42 2 1
github.com/antti/home-warehouse/go-backend/internal/domain/sync/service.go:84.42,86.5 1 0
github.com/antti/home-warehouse/go-backend/internal/domain/sync/service.go:88.28,90.18 2 1
github.com/antti/home-warehouse/go-backend/internal/domain/sync/service.go:90.18,92.5 1 0
github.com/antti/home-warehouse/go-backend/internal/domain/sync/service.go:93.4,94.43 2 1
github.com/antti/home-warehouse/go-backend/internal/domain/sync/service.go:94.43,96.5 1 0
github.com/antti/home-warehouse/go-backend/internal/domain/sync/service.go:98.28,100.18 2 1
github.com/antti/home-warehouse/go-backend/internal/domain/sync/service.go:100.18,102.5 1 0
github.com/antti/home-warehouse/go-backend/internal/domain/sync/service.go:103.4,104.42 2 1
github.com/antti/home-warehouse/go-backend/internal/domain/sync/service.go:104.42,106.5 1 0
github.com/antti/home-warehouse/go-backend/internal/domain/sync/service.go:108.27,110.18 2 1
github.com/antti/home-warehouse/go-backend/internal/domain/sync/service.go:110.18,112.5 1 0
github.com/antti/home-warehouse/go-backend/internal/domain/sync/service.go:113.4,114.43 2 1
github.com/antti/home-warehouse/go-backend/internal/domain/sync/service.go:114.43,116.5 1 0
github.com/antti/home-warehouse/go-backend/internal/domain/sync/service.go:118.24,120.18 2 1
github.com/antti/home-warehouse/go-backend/internal/domain/sync/service.go:120.18,122.5 1 0
github.com/antti/home-warehouse/go-backend/internal/domain/sync/service.go:123.4,124.39 2 1
github.com/antti/home-warehouse/go-backend/internal/domain/sync/service.go:124.39,126.5 1 0
github.com/antti/home-warehouse/go-backend/internal/domain/sync/service.go:128.26,130.18 2 1
github.com/antti/home-warehouse/go-backend/internal/domain/sync/service.go:130.18,132.5 1 0
github.com/antti/home-warehouse/go-backend/internal/domain/sync/service.go:133.4,134.42 2 1
github.com/antti/home-warehouse/go-backend/internal/domain/sync/service.go:134.42,136.5 1 0
github.com/antti/home-warehouse/go-backend/internal/domain/sync/service.go:138.27,140.18 2 1
github.com/antti/home-warehouse/go-backend/internal/domain/sync/service.go:140.18,142.5 1 0
github.com/antti/home-warehouse/go-backend/internal/domain/sync/service.go:143.4,144.42 2 1
github.com/antti/home-warehouse/go-backend/internal/domain/sync/service.go:144.42,146.5 1 0
github.com/antti/home-warehouse/go-backend/internal/domain/sync/service.go:148.23,150.18 2 1
github.com/antti/home-warehouse/go-backend/internal/domain/sync/service.go:150.18,152.5 1 0
github.com/antti/home-warehouse/go-backend/internal/domain/sync/service.go:153.4,154.38 2 1
github.com/antti/home-warehouse/go-backend/internal/domain/sync/service.go:154.38,156.5 1 0
github.com/antti/home-warehouse/go-backend/internal/domain/sync/service.go:161.2,162.16 2 1
github.com/antti/home-warehouse/go-backend/internal/domain/sync/service.go:162.16,164.3 1 0
github.com/antti/home-warehouse/go-backend/internal/domain/sync/service.go:165.2,167.20 2 1
github.com/antti/home-warehouse/go-backend/internal/domain/sync/service.go:171.46,172.13 1 1
github.com/antti/home-warehouse/go-backend/internal/domain/sync/service.go:172.13,174.3 1 1
github.com/antti/home-warehouse/go-backend/internal/domain/sync/service.go:176.2,179.29 3 1
github.com/antti/home-warehouse/go-backend/internal/domain/sync/service.go:179.29,181.18 2 1
github.com/antti/home-warehouse/go-backend/internal/domain/sync/service.go:181.18,183.4 1 1
github.com/antti/home-warehouse/go-backend/internal/domain/sync/service.go:186.2,186.14 1 1
github.com/antti/home-warehouse/go-backend/internal/domain/sync/service.go:191.52,192.14 1 1
github.com/antti/home-warehouse/go-backend/internal/domain/sync/service.go:192.14,194.3 1 1
github.com/antti/home-warehouse/go-backend/internal/domain/sync/service.go:195.2,195.20 1 0
github.com/antti/home-warehouse/go-backend/internal/domain/sync/service.go:198.56,199.14 1 0
github.com/antti/home-warehouse/go-backend/internal/domain/sync/service.go:199.14,201.3 1 0
github.com/antti/home-warehouse/go-backend/internal/domain/sync/service.go:202.2,202.12 1 0
github.com/antti/home-warehouse/go-backend/internal/domain/sync/service.go:205.49,206.14 1 1
github.com/antti/home-warehouse/go-backend/internal/domain/sync/service.go:206.14,209.3 2 0
github.com/antti/home-warehouse/go-backend/internal/domain/sync/service.go:210.2,210.12 1 1
github.com/antti/home-warehouse/go-backend/internal/domain/sync/service.go:213.49,214.14 1 0
github.com/antti/home-warehouse/go-backend/internal/domain/sync/service.go:214.14,216.3 1 0
github.com/antti/home-warehouse/go-backend/internal/domain/sync/service.go:217.2,217.12 1 0
github.com/antti/home-warehouse/go-backend/internal/domain/sync/service.go:220.34,221.14 1 1
github.com/antti/home-warehouse/go-backend/internal/domain/sync/service.go:221.14,223.3 1 0
github.com/antti/home-warehouse/go-backend/internal/domain/sync/service.go:224.2,224.14 1 1
github.com/antti/home-warehouse/go-backend/internal/domain/sync/service.go:227.38,229.2 1 1
github.com/antti/home-warehouse/go-backend/internal/domain/sync/service.go:231.42,232.13 1 1
github.com/antti/home-warehouse/go-backend/internal/domain/sync/service.go:232.13,234.3 1 1
github.com/antti/home-warehouse/go-backend/internal/domain/sync/service.go:235.2,235.11 1 1
github.com/antti/home-warehouse/go-backend/internal/domain/sync/service.go:240.61,242.29 2 1
github.com/antti/home-warehouse/go-backend/internal/domain/sync/service.go:242.29,266.3 1 1
github.com/antti/home-warehouse/go-backend/internal/domain/sync/service.go:267.2,267.15 1 1
github.com/antti/home-warehouse/go-backend/internal/domain/sync/service.go:270.77,272.32 2 1
github.com/antti/home-warehouse/go-backend/internal/domain/sync/service.go:272.32,287.3 1 0
github.com/antti/home-warehouse/go-backend/internal/domain/sync/service.go:288.2,288.15 1 1
github.com/antti/home-warehouse/go-backend/internal/domain/sync/service.go:291.81,293.31 2 1
github.com/antti/home-warehouse/go-backend/internal/domain/sync/service.go:293.31,296.24 2 0
github.com/antti/home-warehouse/go-backend/internal/domain/sync/service.go:296.25,299.4 0 0
github.com/antti/home-warehouse/go-backend/internal/domain/sync/service.go:300.3,311.4 1 0
github.com/antti/home-warehouse/go-backend/internal/domain/sync/service.go:313.2,313.15 1 1
github.com/antti/home-warehouse/go-backend/internal/domain/sync/service.go:316.79,318.32 2 1
github.com/antti/home-warehouse/go-backend/internal/domain/sync/service.go:318.32,320.26 2 0
github.com/antti/home-warehouse/go-backend/internal/domain/sync/service.go:320.26,322.4 1 0
github.com/antti/home-warehouse/go-backend/internal/domain/sync/service.go:323.3,324.23 2 0
github.com/antti/home-warehouse/go-backend/internal/domain/sync/service.go:324.23,326.4 1 0
github.com/antti/home-warehouse/go-backend/internal/domain/sync/service.go:328.3,346.4 1 0
github.com/antti/home-warehouse/go-backend/internal/domain/sync/service.go:348.2,348.15 1 1
github.com/antti/home-warehouse/go-backend/internal/domain/sync/service.go:351.79,353.33 2 1
github.com/antti/home-warehouse/go-backend/internal/domain/sync/service.go:353.33,364.3 1 1
github.com/antti/home-warehouse/go-backend/internal/domain/sync/service.go:365.2,365.15 1 1
github.com/antti/home-warehouse/go-backend/internal/domain/sync/service.go:368.65,370.27 2 1
github.com/antti/home-warehouse/go-backend/internal/domain/sync/service.go:370.27,372.21 2 0
github.com/antti/home-warehouse/go-backend/internal/domain/sync/service.go:372.21,374.4 1 0
github.com/antti/home-warehouse/go-backend/internal/domain/sync/service.go:375.3,384.4 1 0
github.com/antti/home-warehouse/go-backend/internal/domain/sync/service.go:386.2,386.15 1 1
github.com/antti/home-warehouse/go-backend/internal/domain/sync/service.go:389.75,391.30 2 1
github.com/antti/home-warehouse/go-backend/internal/domain/sync/service.go:391.30,402.3 1 0
github.com/antti/home-warehouse/go-backend/internal/domain/sync/service.go:403.2,403.15 1 1
github.com/antti/home-warehouse/go-backend/internal/domain/sync/service.go:406.77,408.30 2 1
github.com/antti/home-warehouse/go-backend/internal/domain/sync/service.go:408.30,420.3 1 0
github.com/antti/home-warehouse/go-backend/internal/domain/sync/service.go:421.2,421.15 1 1
github.com/antti/home-warehouse/go-backend/internal/domain/sync/service.go:424.61,426.26 2 1
github.com/antti/home-warehouse/go-backend/internal/domain/sync/service.go:426.26,440.3 1 0
github.com/antti/home-warehouse/go-backend/internal/domain/sync/service.go:441.2,441.15 1 1
github.com/antti/home-warehouse/go-backend/internal/domain/sync/service.go:444.82,446.28 2 1
github.com/antti/home-warehouse/go-backend/internal/domain/sync/service.go:446.28,454.3 1 1
github.com/antti/home-warehouse/go-backend/internal/domain/sync/service.go:455.2,455.15 1 1
github.com/antti/home-warehouse/go-backend/internal/domain/sync/types.go:25.36,37.2 1 1
github.com/antti/home-warehouse/go-backend/internal/domain/sync/types.go:40.36,41.11 1 1
github.com/antti/home-warehouse/go-backend/internal/domain/sync/types.go:44.57,45.14 1 1
github.com/antti/home-warehouse/go-backend/internal/domain/sync/types.go:47.2,47.14 1 1
github.com/antti/home-warehouse/go-backend/internal/domain/importexport/handler.go:20.40,22.2 1 0
github.com/antti/home-warehouse/go-backend/internal/domain/importexport/handler.go:55.48,74.2 2 0
github.com/antti/home-warehouse/go-backend/internal/domain/importexport/handler.go:77.94,79.9 2 0
github.com/antti/home-warehouse/go-backend/internal/domain/importexport/handler.go:79.9,81.3 1 0
github.com/antti/home-warehouse/go-backend/internal/domain/importexport/handler.go:84.2,85.27 2 0
github.com/antti/home-warehouse/go-backend/internal/domain/importexport/handler.go:85.27,87.3 1 0
github.com/antti/home-warehouse/go-backend/internal/domain/importexport/handler.go:90.2,91.23 2 0
github.com/antti/home-warehouse/go-backend/internal/domain/importexport/handler.go:91.23,93.3 1 0
github.com/antti/home-warehouse/go-backend/internal/domain/importexport/handler.go:96.2,102.16 2 0
github.com/antti/home-warehouse/go-backend/internal/domain/importexport/handler.go:102.16,104.3 1 0
github.com/antti/home-warehouse/go-backend/internal/domain/importexport/handler.go:107.2,109.26 3 0
github.com/antti/home-warehouse/go-backend/internal/domain/importexport/handler.go:109.26,112.3 2 0
github.com/antti/home-warehouse/go-backend/internal/domain/importexport/handler.go:114.2,120.8 2 0
github.com/antti/home-warehouse/go-backend/internal/domain/importexport/handler.go:124.94,126.9 2 0
github.com/antti/home-warehouse/go-backend/internal/domain/importexport/handler.go:126.9,128.3 1 0
github.com/antti/home-warehouse/go-backend/internal/domain/importexport/handler.go:131.2,132.27 2 0
github.com/antti/home-warehouse/go-backend/internal/domain/importexport/handler.go:132.27,134.3 1 0
github.com/antti/home-warehouse/go-backend/internal/domain/importexport/handler.go:137.2,138.23 2 0
github.com/antti/home-warehouse/go-backend/internal/domain/importexport/handler.go:138.23,140.3 1 0
github.com/antti/home-warehouse/go-backend/internal/domain/importexport/handler.go:143.2,144.16 2 0
github.com/antti/home-warehouse/go-backend/internal/domain/importexport/handler.go:144.16,146.3 1 0
github.com/antti/home-warehouse/go-backend/internal/domain/importexport/handler.go:148.2,148.20 1 0
github.com/antti/home-warehouse/go-backend/internal/domain/importexport/handler.go:148.20,150.3 1 0
github.com/antti/home-warehouse/go-backend/internal/domain/importexport/handler.go:153.2,154.16 2 0
github.com/antti/home-warehouse/go-backend/internal/domain/importexport/handler.go:154.16,156.3 1 0
github.com/antti/home-warehouse/go-backend/internal/domain/importexport/handler.go:158.2,158.44 1 0
github.com/antti/home-warehouse/go-backend/internal/domain/importexport/service.go:58.43,60.2 1 1
github.com/antti/home-warehouse/go-backend/internal/domain/importexport/service.go:63.100,68.25 4 1
github.com/antti/home-warehouse/go-backend/internal/domain/importexport/service.go:69.22,70.80 1 1
github.com/antti/home-warehouse/go-backend/internal/domain/importexport/service.go:71.26,72.84 1 1
github.com/antti/home-warehouse/go-backend/internal/domain/importexport/service.go:73.26,74.85 1 1
github.com/antti/home-warehouse/go-backend/internal/domain/importexport/service.go:75.27,76.85 1 1
[...]
github.com/antti/home-warehouse/go-backend/internal/domain/auth/user/service.go:83.17,85.3 1 1
github.com/antti/home-warehouse/go-backend/internal/domain/auth/user/service.go:87.2,87.22 1 1
github.com/antti/home-warehouse/go-backend/internal/domain/auth/user/service.go:87.22,89.3 1 1
github.com/antti/home-warehouse/go-backend/internal/domain/auth/user/service.go:91.2,91.35 1 1
github.com/antti/home-warehouse/go-backend/internal/domain/auth/user/service.go:91.35,93.3 1 1
github.com/antti/home-warehouse/go-backend/internal/domain/auth/user/service.go:95.2,95.18 1 1
github.com/antti/home-warehouse/go-backend/internal/domain/auth/user/service.go:104.109,106.16 2 1
github.com/antti/home-warehouse/go-backend/internal/domain/auth/user/service.go:106.16,108.3 1 1
github.com/antti/home-warehouse/go-backend/internal/domain/auth/user/service.go:110.2,110.59 1 1
github.com/antti/home-warehouse/go-backend/internal/domain/auth/user/service.go:110.59,112.3 1 0
github.com/antti/home-warehouse/go-backend/internal/domain/auth/user/service.go:114.2,114.47 1 1
github.com/antti/home-warehouse/go-backend/internal/domain/auth/user/service.go:114.47,116.3 1 0
github.com/antti/home-warehouse/go-backend/internal/domain/auth/user/service.go:118.2,118.18 1 1
github.com/antti/home-warehouse/go-backend/internal/domain/auth/user/service.go:122.112,124.16 2 1
github.com/antti/home-warehouse/go-backend/internal/domain/auth/user/service.go:124.16,126.3 1 1
github.com/antti/home-warehouse/go-backend/internal/domain/auth/user/service.go:128.2,128.42 1 1
github.com/antti/home-warehouse/go-backend/internal/domain/auth/user/service.go:128.42,130.3 1 1
github.com/antti/home-warehouse/go-backend/internal/domain/auth/user/service.go:132.2,132.57 1 1
github.com/antti/home-warehouse/go-backend/internal/domain/auth/user/service.go:132.57,134.3 1 0
github.com/antti/home-warehouse/go-backend/internal/domain/auth/user/service.go:136.2,136.31 1 1
github.com/antti/home-warehouse/go-backend/internal/domain/auth/user/service.go:147.117,149.16 2 1
github.com/antti/home-warehouse/go-backend/internal/domain/auth/user/service.go:149.16,151.3 1 0
github.com/antti/home-warehouse/go-backend/internal/domain/auth/user/service.go:153.2,155.47 2 1
github.com/antti/home-warehouse/go-backend/internal/domain/auth/user/service.go:155.47,157.3 1 0
github.com/antti/home-warehouse/go-backend/internal/domain/auth/user/service.go:159.2,159.18 1 1
github.com/antti/home-warehouse/go-backend/internal/domain/auth/user/service.go:163.111,165.16 2 1
github.com/antti/home-warehouse/go-backend/internal/domain/auth/user/service.go:165.16,167.3 1 0
github.com/antti/home-warehouse/go-backend/internal/domain/auth/user/service.go:169.2,170.21 2 1
github.com/antti/home-warehouse/go-backend/internal/domain/auth/user/service.go:174.71,176.16 2 1
github.com/antti/home-warehouse/go-backend/internal/domain/auth/user/service.go:176.16,178.3 1 1
github.com/antti/home-warehouse/go-backend/internal/domain/auth/user/service.go:180.2,182.31 2 1
github.com/antti/home-warehouse/go-backend/internal/domain/auth/user/service.go:186.69,188.16 2 0
github.com/antti/home-warehouse/go-backend/internal/domain/auth/user/service.go:188.16,190.3 1 0
github.com/antti/home-warehouse/go-backend/internal/domain/auth/user/service.go:192.2,194.31 2 0
github.com/antti/home-warehouse/go-backend/internal/shared/errors.go:26.38,27.19 1 1
github.com/antti/home-warehouse/go-backend/internal/shared/errors.go:27.19,29.3 1 1
github.com/antti/home-warehouse/go-backend/internal/shared/errors.go:30.2,30.18 1 1
github.com/antti/home-warehouse/go-backend/internal/shared/errors.go:33.38,35.2 1 1
github.com/antti/home-warehouse/go-backend/internal/shared/errors.go:38.61,43.2 1 1
github.com/antti/home-warehouse/go-backend/internal/shared/errors.go:46.67,52.2 1 1
github.com/antti/home-warehouse/go-backend/internal/shared/errors.go:55.33,57.2 1 1
github.com/antti/home-warehouse/go-backend/internal/shared/errors.go:60.38,62.2 1 1
github.com/antti/home-warehouse/go-backend/internal/shared/errors.go:65.37,67.2 1 1
github.com/antti/home-warehouse/go-backend/internal/shared/pagination.go:10.37,15.2 1 1
github.com/antti/home-warehouse/go-backend/internal/shared/pagination.go:18.34,19.16 1 1
github.com/antti/home-warehouse/go-backend/internal/shared/pagination.go:19.16,21.3 1 1
github.com/antti/home-warehouse/go-backend/internal/shared/pagination.go:22.2,22.34 1 1
github.com/antti/home-warehouse/go-backend/internal/shared/pagination.go:26.33,27.20 1 1
github.com/antti/home-warehouse/go-backend/internal/shared/pagination.go:27.20,29.3 1 1
github.com/antti/home-warehouse/go-backend/internal/shared/pagination.go:30.2,30.22 1 1
github.com/antti/home-warehouse/go-backend/internal/shared/pagination.go:30.22,32.3 1 1
github.com/antti/home-warehouse/go-backend/internal/shared/pagination.go:33.2,33.19 1 1
github.com/antti/home-warehouse/go-backend/internal/shared/pagination.go:46.88,48.35 2 1
github.com/antti/home-warehouse/go-backend/internal/shared/pagination.go:48.35,50.3 1 1
github.com/antti/home-warehouse/go-backend/internal/shared/pagination.go:52.2,58.3 1 1
github.com/antti/home-warehouse/go-backend/internal/shared/uuid.go:10.45,12.16 2 1
github.com/antti/home-warehouse/go-backend/internal/shared/uuid.go:12.16,18.3 1 1
github.com/antti/home-warehouse/go-backend/internal/shared/uuid.go:19.2,19.16 1 1
github.com/antti/home-warehouse/go-backend/internal/shared/uuid.go:24.40,26.2 1 1
github.com/antti/home-warehouse/go-backend/internal/shared/uuid.go:30.26,33.16 2 1
github.com/antti/home-warehouse/go-backend/internal/shared/uuid.go:33.16,36.3 1 0
github.com/antti/home-warehouse/go-backend/internal/shared/uuid.go:37.2,37.11 1 1
github.com/antti/home-warehouse/go-backend/internal/shared/uuid.go:41.35,43.2 1 1
github.com/antti/home-warehouse/go-backend/internal/shared/uuid.go:46.57,47.19 1 1
github.com/antti/home-warehouse/go-backend/internal/shared/uuid.go:47.19,53.3 1 1
github.com/antti/home-warehouse/go-backend/internal/shared/uuid.go:54.2,54.12 1 1
github.com/antti/home-warehouse/go-backend/internal/shared/apierror/error.go:17.35,19.2 1 1
github.com/antti/home-warehouse/go-backend/internal/shared/apierror/error.go:22.72,28.2 1 1
github.com/antti/home-warehouse/go-backend/internal/shared/apierror/error.go:31.56,37.2 1 1
github.com/antti/home-warehouse/go-backend/internal/shared/apierror/error.go:40.57,46.2 1 1
github.com/antti/home-warehouse/go-backend/internal/shared/apierror/error.go:49.71,56.2 1 1
github.com/antti/home-warehouse/go-backend/internal/shared/apierror/error.go:59.58,65.2 1 1
github.com/antti/home-warehouse/go-backend/internal/shared/apierror/error.go:68.61,74.2 1 1
github.com/antti/home-warehouse/go-backend/internal/shared/apierror/error.go:77.46,83.2 1 1
github.com/antti/home-warehouse/go-backend/internal/shared/apierror/error.go:86.59,92.2 1 1
github.com/antti/home-warehouse/go-backend/internal/shared/apierror/error.go:95.66,98.2 2 1
github.com/antti/home-warehouse/go-backend/internal/shared/apierror/error.go:101.54,104.2 2 1
github.com/antti/home-warehouse/go-backend/internal/testutil/handler.go:29.46,35.45 4 1
github.com/antti/home-warehouse/go-backend/internal/testutil/handler.go:35.45,36.74 1 1
github.com/antti/home-warehouse/go-backend/internal/testutil/handler.go:36.74,41.4 4 1
github.com/antti/home-warehouse/go-backend/internal/testutil/handler.go:44.2,52.3 3 1
github.com/antti/home-warehouse/go-backend/internal/testutil/handler.go:56.90,62.2 5 1
github.com/antti/home-warehouse/go-backend/internal/testutil/handler.go:65.72,67.2 1 1
github.com/antti/home-warehouse/go-backend/internal/testutil/handler.go:70.79,72.2 1 0
github.com/antti/home-warehouse/go-backend/internal/testutil/handler.go:75.78,77.2 1 0
github.com/antti/home-warehouse/go-backend/internal/testutil/handler.go:80.80,82.2 1 0
github.com/antti/home-warehouse/go-backend/internal/testutil/handler.go:85.75,87.2 1 0
github.com/antti/home-warehouse/go-backend/internal/testutil/handler.go:90.79,95.2 4 1
github.com/antti/home-warehouse/go-backend/internal/testutil/handler.go:98.79,100.2 1 1
github.com/antti/home-warehouse/go-backend/internal/testutil/handler.go:103.88,108.43 4 0
github.com/antti/home-warehouse/go-backend/internal/testutil/handler.go:108.43,112.3 3 0
github.com/antti/home-warehouse/go-backend/internal/testutil/handler.go:116.112,126.23 5 1
github.com/antti/home-warehouse/go-backend/internal/testutil/handler.go:126.23,128.3 1 1
github.com/antti/home-warehouse/go-backend/internal/shared/jwt/jwt.go:31.62,36.2 1 1
github.com/antti/home-warehouse/go-backend/internal/shared/jwt/jwt.go:39.99,56.2 4 1
github.com/antti/home-warehouse/go-backend/internal/shared/jwt/jwt.go:59.70,60.104 1 1
github.com/antti/home-warehouse/go-backend/internal/shared/jwt/jwt.go:60.104,62.58 1 1
github.com/antti/home-warehouse/go-backend/internal/shared/jwt/jwt.go:62.58,64.4 1 0
github.com/antti/home-warehouse/go-backend/internal/shared/jwt/jwt.go:65.3,65.23 1 1
github.com/antti/home-warehouse/go-backend/internal/shared/jwt/jwt.go:68.2,68.16 1 1
github.com/antti/home-warehouse/go-backend/internal/shared/jwt/jwt.go:68.16,69.42 1 1
github.com/antti/home-warehouse/go-backend/internal/shared/jwt/jwt.go:69.42,71.4 1 0
github.com/antti/home-warehouse/go-backend/internal/shared/jwt/jwt.go:72.3,72.30 1 1
github.com/antti/home-warehouse/go-backend/internal/shared/jwt/jwt.go:75.2,76.25 2 1
github.com/antti/home-warehouse/go-backend/internal/shared/jwt/jwt.go:76.25,78.3 1 0
github.com/antti/home-warehouse/go-backend/internal/shared/jwt/jwt.go:80.2,80.20 1 1
github.com/antti/home-warehouse/go-backend/internal/shared/jwt/jwt.go:84.74,96.2 4 1
github.com/antti/home-warehouse/go-backend/internal/shared/jwt/jwt.go:99.79,100.118 1 1
github.com/antti/home-warehouse/go-backend/internal/shared/jwt/jwt.go:100.118,101.58 1 1
github.com/antti/home-warehouse/go-backend/internal/shared/jwt/jwt.go:101.58,103.4 1 0
github.com/antti/home-warehouse/go-backend/internal/shared/jwt/jwt.go:104.3,104.23 1 1
github.com/antti/home-warehouse/go-backend/internal/shared/jwt/jwt.go:107.2,107.16 1 1
github.com/antti/home-warehouse/go-backend/internal/shared/jwt/jwt.go:107.16,108.42 1 1
github.com/antti/home-warehouse/go-backend/internal/shared/jwt/jwt.go:108.42,110.4 1 0
github.com/antti/home-warehouse/go-backend/internal/shared/jwt/jwt.go:111.3,111.35 1 1
github.com/antti/home-warehouse/go-backend/internal/shared/jwt/jwt.go:114.2,115.25 2 1
github.com/antti/home-warehouse/go-backend/internal/shared/jwt/jwt.go:115.25,117.3 1 0
github.com/antti/home-warehouse/go-backend/internal/shared/jwt/jwt.go:119.2,120.16 2 1
github.com/antti/home-warehouse/go-backend/internal/shared/jwt/jwt.go:120.16,122.3 1 0
github.com/antti/home-warehouse/go-backend/internal/shared/jwt/jwt.go:124.2,124.20 1 1
github.com/antti/home-warehouse/go-backend/internal/jobs/cleanup.go:26.43,31.2 1 1
github.com/antti/home-warehouse/go-backend/internal/jobs/cleanup.go:40.86,45.2 1 1
github.com/antti/home-warehouse/go-backend/internal/jobs/cleanup.go:48.99,56.16 5 0
github.com/antti/home-warehouse/go-backend/internal/jobs/cleanup.go:56.16,58.3 1 0
github.com/antti/home-warehouse/go-backend/internal/jobs/cleanup.go:60.2,61.12 2 0
github.com/antti/home-warehouse/go-backend/internal/jobs/cleanup.go:65.93,78.16 6 0
github.com/antti/home-warehouse/go-backend/internal/jobs/cleanup.go:78.16,80.3 1 0
github.com/antti/home-warehouse/go-backend/internal/jobs/cleanup.go:82.2,83.12 2 0
github.com/antti/home-warehouse/go-backend/internal/jobs/cleanup.go:87.49,89.2 1 1
github.com/antti/home-warehouse/go-backend/internal/jobs/cleanup.go:92.43,94.2 1 1
github.com/antti/home-warehouse/go-backend/internal/jobs/loan_reminders.go:41.99,46.2 1 1
github.com/antti/home-warehouse/go-backend/internal/jobs/loan_reminders.go:49.87,51.62 2 1
github.com/antti/home-warehouse/go-backend/internal/jobs/loan_reminders.go:51.62,53.3 1 1
github.com/antti/home-warehouse/go-backend/internal/jobs/loan_reminders.go:55.2,59.26 2 1
github.com/antti/home-warehouse/go-backend/internal/jobs/loan_reminders.go:59.26,67.17 1 1
github.com/antti/home-warehouse/go-backend/internal/jobs/loan_reminders.go:67.17,69.4 1 0
github.com/antti/home-warehouse/go-backend/internal/jobs/loan_reminders.go:72.2,73.12 2 1
github.com/antti/home-warehouse/go-backend/internal/jobs/loan_reminders.go:83.96,88.2 1 1
github.com/antti/home-warehouse/go-backend/internal/jobs/loan_reminders.go:91.78,101.16 7 0
github.com/antti/home-warehouse/go-backend/internal/jobs/loan_reminders.go:101.16,103.3 1 0
github.com/antti/home-warehouse/go-backend/internal/jobs/loan_reminders.go:105.2,108.29 3 0
github.com/antti/home-warehouse/go-backend/internal/jobs/loan_reminders.go:108.29,109.61 1 0
github.com/antti/home-warehouse/go-backend/internal/jobs/loan_reminders.go:109.61,110.12 1 0
github.com/antti/home-warehouse/go-backend/internal/jobs/loan_reminders.go:113.3,114.25 2 0
github.com/antti/home-warehouse/go-backend/internal/jobs/loan_reminders.go:114.25,116.4 1 0
github.com/antti/home-warehouse/go-backend/internal/jobs/loan_reminders.go:118.3,129.17 3 0
github.com/antti/home-warehouse/go-backend/internal/jobs/loan_reminders.go:129.17,131.12 2 0
github.com/antti/home-warehouse/go-backend/internal/jobs/loan_reminders.go:134.3,140.17 3 0
github.com/antti/home-warehouse/go-backend/internal/jobs/loan_reminders.go:140.17,142.12 2 0
github.com/antti/home-warehouse/go-backend/internal/jobs/loan_reminders.go:145.3,145.94 1 0
github.com/antti/home-warehouse/go-backend/internal/jobs/loan_reminders.go:148.2,148.12 1 0
github.com/antti/home-warehouse/go-backend/internal/jobs/loan_reminders.go:153.49,155.2 1 1
github.com/antti/home-warehouse/go-backend/internal/jobs/scheduler.go:18.63,27.2 1 1
github.com/antti/home-warehouse/go-backend/internal/jobs/scheduler.go:39.74,50.70 3 1
github.com/antti/home-warehouse/go-backend/internal/jobs/scheduler.go:50.70,52.5 1 0
github.com/antti/home-warehouse/go-backend/internal/jobs/scheduler.go:56.2,64.3 2 1
github.com/antti/home-warehouse/go-backend/internal/jobs/scheduler.go:68.108,81.2 7 1
github.com/antti/home-warehouse/go-backend/internal/jobs/scheduler.go:84.52,89.16 2 0
github.com/antti/home-warehouse/go-backend/internal/jobs/scheduler.go:89.16,91.3 1 0
github.com/antti/home-warehouse/go-backend/internal/jobs/scheduler.go:92.2,98.16 3 0
github.com/antti/home-warehouse/go-backend/internal/jobs/scheduler.go:98.16,100.3 1 0
github.com/antti/home-warehouse/go-backend/internal/jobs/scheduler.go:101.2,107.16 3 0
github.com/antti/home-warehouse/go-backend/internal/jobs/scheduler.go:107.16,109.3 1 0
github.com/antti/home-warehouse/go-backend/internal/jobs/scheduler.go:110.2,112.12 2 0
github.com/antti/home-warehouse/go-backend/internal/jobs/scheduler.go:116.54,118.44 1 0
github.com/antti/home-warehouse/go-backend/internal/jobs/scheduler.go:118.44,120.3 1 0
github.com/antti/home-warehouse/go-backend/internal/jobs/scheduler.go:121.2,124.44 2 0
github.com/antti/home-warehouse/go-backend/internal/jobs/scheduler.go:124.44,126.3 1 0
github.com/antti/home-warehouse/go-backend/internal/jobs/scheduler.go:127.2,129.12 2 0
github.com/antti/home-warehouse/go-backend/internal/jobs/scheduler.go:133.28,142.2 6 0
github.com/antti/home-warehouse/go-backend/internal/jobs/scheduler.go:145.44,147.2 1 1
github.com/antti/home-warehouse/go-backend/internal/jobs/scheduler.go:151.50,154.2 2 0
github.com/antti/home-warehouse/go-backend/tests/integration/setup.go:29.46,43.19 6 0
github.com/antti/home-warehouse/go-backend/tests/integration/setup.go:43.19,45.3 1 0
github.com/antti/home-warehouse/go-backend/tests/integration/setup.go:47.2,52.3 1 0
github.com/antti/home-warehouse/go-backend/tests/integration/setup.go:56.46,58.2 1 0
github.com/antti/home-warehouse/go-backend/tests/integration/setup.go:61.85,65.17 3 0
github.com/antti/home-warehouse/go-backend/tests/integration/setup.go:65.17,67.17 2 0
github.com/antti/home-warehouse/go-backend/tests/integration/setup.go:67.17,69.4 1 0
github.com/antti/home-warehouse/go-backend/tests/integration/setup.go:70.3,70.38 1 0
github.com/antti/home-warehouse/go-backend/tests/integration/setup.go:73.2,74.16 2 0
github.com/antti/home-warehouse/go-backend/tests/integration/setup.go:74.16,76.3 1 0
github.com/antti/home-warehouse/go-backend/tests/integration/setup.go:78.2,79.20 2 0
github.com/antti/home-warehouse/go-backend/tests/integration/setup.go:79.20,81.3 1 0
github.com/antti/home-warehouse/go-backend/tests/integration/setup.go:83.2,84.16 2 0
github.com/antti/home-warehouse/go-backend/tests/integration/setup.go:84.16,86.3 1 0
github.com/antti/home-warehouse/go-backend/tests/integration/setup.go:88.2,88.13 1 0
github.com/antti/home-warehouse/go-backend/tests/integration/setup.go:92.55,94.2 1 0
github.com/antti/home-warehouse/go-backend/tests/integration/setup.go:97.74,99.2 1 0
github.com/antti/home-warehouse/go-backend/tests/integration/setup.go:102.73,104.2 1 0
github.com/antti/home-warehouse/go-backend/tests/integration/setup.go:107.75,109.2 1 0
github.com/antti/home-warehouse/go-backend/tests/integration/setup.go:112.58,114.2 1 0
github.com/antti/home-warehouse/go-backend/tests/integration/setup.go:117.64,122.16 4 0
github.com/antti/home-warehouse/go-backend/tests/integration/setup.go:122.16,124.3 1 0
github.com/antti/home-warehouse/go-backend/tests/integration/setup.go:126.2,127.54 2 0
github.com/antti/home-warehouse/go-backend/tests/integration/setup.go:127.54,129.3 1 0
github.com/antti/home-warehouse/go-backend/tests/integration/setup.go:131.2,131.15 1 0
github.com/antti/home-warehouse/go-backend/tests/integration/setup.go:135.74,138.2 2 0
github.com/antti/home-warehouse/go-backend/tests/integration/setup.go:148.69,150.33 2 0
github.com/antti/home-warehouse/go-backend/tests/integration/setup.go:150.33,153.3 2 0
github.com/antti/home-warehouse/go-backend/tests/testfixtures/fixtures.go:14.34,16.2 1 0
github.com/antti/home-warehouse/go-backend/tests/testfixtures/fixtures.go:19.39,21.2 1 0
github.com/antti/home-warehouse/go-backend/tests/testfixtures/fixtures.go:24.63,26.2 1 0
github.com/antti/home-warehouse/go-backend/tests/testfixtures/fixtures.go:29.93,31.2 1 0
github.com/antti/home-warehouse/go-backend/tests/testfixtures/fixtures.go:34.91,37.2 2 0
github.com/antti/home-warehouse/go-backend/tests/testdb/testdb.go:21.46,28.23 4 0
github.com/antti/home-warehouse/go-backend/tests/testdb/testdb.go:28.23,30.3 1 0
github.com/antti/home-warehouse/go-backend/tests/testdb/testdb.go:33.2,34.16 2 0
github.com/antti/home-warehouse/go-backend/tests/testdb/testdb.go:34.16,36.3 1 0
github.com/antti/home-warehouse/go-backend/tests/testdb/testdb.go:39.2,39.39 1 0
github.com/antti/home-warehouse/go-backend/tests/testdb/testdb.go:39.39,41.3 1 0
github.com/antti/home-warehouse/go-backend/tests/testdb/testdb.go:44.2,47.19 2 0
github.com/antti/home-warehouse/go-backend/tests/testdb/testdb.go:47.19,50.3 2 0
github.com/antti/home-warehouse/go-backend/tests/testdb/testdb.go:52.2,52.13 1 0
github.com/antti/home-warehouse/go-backend/tests/testdb/testdb.go:56.58,66.16 4 0
github.com/antti/home-warehouse/go-backend/tests/testdb/testdb.go:66.16,68.3 1 0
github.com/antti/home-warehouse/go-backend/tests/testdb/testdb.go:71.2,76.16 2 0
github.com/antti/home-warehouse/go-backend/tests/testdb/testdb.go:76.16,78.3 1 0
github.com/antti/home-warehouse/go-backend/tests/testdb/testdb.go:81.2,86.16 2 0
github.com/antti/home-warehouse/go-backend/tests/testdb/testdb.go:86.16,88.3 1 0
github.com/antti/home-warehouse/go-backend/tests/testdb/testdb.go:92.54,124.31 4 0
github.com/antti/home-warehouse/go-backend/tests/testdb/testdb.go:124.31,126.17 2 0
github.com/antti/home-warehouse/go-backend/tests/testdb/testdb.go:126.17,129.4 1 0
github.com/antti/home-warehouse/go-backend/tests/testdb/testdb.go:134.68,139.16 4 0
github.com/antti/home-warehouse/go-backend/tests/testdb/testdb.go:139.16,141.3 1 0
github.com/antti/home-warehouse/go-backend/tests/testdb/testdb.go:146.83,155.16 4 0
github.com/antti/home-warehouse/go-backend/tests/testdb/testdb.go:155.16,157.3 1 0
