mode: set
github.com/antti/home-warehouse/go-backend/internal/api/middleware/auth.go:29.71,30.46 1 1
github.com/antti/home-warehouse/go-backend/internal/api/middleware/auth.go:30.46,31.72 1 1
github.com/antti/home-warehouse/go-backend/internal/api/middleware/auth.go:31.72,33.24 2 1
github.com/antti/home-warehouse/go-backend/internal/api/middleware/auth.go:33.24,36.5 2 1
github.com/antti/home-warehouse/go-backend/internal/api/middleware/auth.go:38.4,39.27 2 1
github.com/antti/home-warehouse/go-backend/internal/api/middleware/auth.go:39.27,42.5 2 1
github.com/antti/home-warehouse/go-backend/internal/api/middleware/auth.go:44.4,45.18 2 1
github.com/antti/home-warehouse/go-backend/internal/api/middleware/auth.go:45.18,46.35 1 1
github.com/antti/home-warehouse/go-backend/internal/api/middleware/auth.go:46.35,49.6 2 1
github.com/antti/home-warehouse/go-backend/internal/api/middleware/auth.go:50.5,51.11 2 1
github.com/antti/home-warehouse/go-backend/internal/api/middleware/auth.go:54.4,61.41 3 1
github.com/antti/home-warehouse/go-backend/internal/api/middleware/auth.go:68.43,69.71 1 1
github.com/antti/home-warehouse/go-backend/internal/api/middleware/auth.go:69.71,71.23 2 1
github.com/antti/home-warehouse/go-backend/internal/api/middleware/auth.go:71.23,74.4 2 1
github.com/antti/home-warehouse/go-backend/internal/api/middleware/auth.go:76.3,77.26 2 1
github.com/antti/home-warehouse/go-backend/internal/api/middleware/auth.go:77.26,80.4 2 1
github.com/antti/home-warehouse/go-backend/internal/api/middleware/auth.go:83.3,83.108 1 1
github.com/antti/home-warehouse/go-backend/internal/api/middleware/auth.go:88.57,91.2 2 1
github.com/antti/home-warehouse/go-backend/internal/api/middleware/auth.go:94.55,95.71 1 1
github.com/antti/home-warehouse/go-backend/internal/api/middleware/auth.go:95.71,97.10 2 1
github.com/antti/home-warehouse/go-backend/internal/api/middleware/auth.go:97.10,100.4 2 1
github.com/antti/home-warehouse/go-backend/internal/api/middleware/auth.go:102.3,102.24 1 1
github.com/antti/home-warehouse/go-backend/internal/api/middleware/auth.go:102.24,105.4 2 1
github.com/antti/home-warehouse/go-backend/internal/api/middleware/auth.go:107.3,107.23 1 1
github.com/antti/home-warehouse/go-backend/internal/api/middleware/cors.go:8.43,9.71 1 1
github.com/antti/home-warehouse/go-backend/internal/api/middleware/cors.go:9.71,16.28 6 1
github.com/antti/home-warehouse/go-backend/internal/api/middleware/cors.go:16.28,19.4 2 1
github.com/antti/home-warehouse/go-backend/internal/api/middleware/cors.go:21.3,21.23 1 1
github.com/antti/home-warehouse/go-backend/internal/api/middleware/errors.go:12.72,14.29 2 1
github.com/antti/home-warehouse/go-backend/internal/api/middleware/errors.go:14.29,20.3 1 1
github.com/antti/home-warehouse/go-backend/internal/api/middleware/errors.go:23.2,25.4 1 1
github.com/antti/home-warehouse/go-backend/internal/api/middleware/workspace.go:15.48,16.71 1 1
github.com/antti/home-warehouse/go-backend/internal/api/middleware/workspace.go:16.71,20.17 3 1
github.com/antti/home-warehouse/go-backend/internal/api/middleware/workspace.go:20.17,23.4 2 1
github.com/antti/home-warehouse/go-backend/internal/api/middleware/workspace.go:26.3,27.10 2 1
github.com/antti/home-warehouse/go-backend/internal/api/middleware/workspace.go:27.10,30.4 2 1
github.com/antti/home-warehouse/go-backend/internal/api/middleware/workspace.go:35.3,36.40 2 1
github.com/antti/home-warehouse/go-backend/internal/api/middleware/workspace.go:41.60,44.2 2 1
github.com/antti/home-warehouse/go-backend/internal/api/middleware/workspace.go:47.50,50.2 2 1
github.com/antti/home-warehouse/go-backend/internal/config/config.go:50.21,88.2 1 1
github.com/antti/home-warehouse/go-backend/internal/config/config.go:91.35,92.25 1 1
github.com/antti/home-warehouse/go-backend/internal/config/config.go:92.25,94.3 1 1
github.com/antti/home-warehouse/go-backend/internal/config/config.go:95.2,95.62 1 1
github.com/antti/home-warehouse/go-backend/internal/config/config.go:95.62,97.3 1 1
github.com/antti/home-warehouse/go-backend/internal/config/config.go:98.2,98.46 1 1
github.com/antti/home-warehouse/go-backend/internal/config/config.go:98.46,100.3 1 1
github.com/antti/home-warehouse/go-backend/internal/config/config.go:101.2,101.12 1 1
github.com/antti/home-warehouse/go-backend/internal/config/config.go:106.46,107.42 1 1
github.com/antti/home-warehouse/go-backend/internal/config/config.go:107.42,109.3 1 1
github.com/antti/home-warehouse/go-backend/internal/config/config.go:110.2,110.21 1 1
github.com/antti/home-warehouse/go-backend/internal/config/config.go:113.50,114.42 1 1
github.com/antti/home-warehouse/go-backend/internal/config/config.go:114.42,115.48 1 1
github.com/antti/home-warehouse/go-backend/internal/config/config.go:115.48,117.4 1 1
github.com/antti/home-warehouse/go-backend/internal/config/config.go:119.2,119.21 1 1
github.com/antti/home-warehouse/go-backend/internal/config/config.go:122.53,123.42 1 1
github.com/antti/home-warehouse/go-backend/internal/config/config.go:123.42,124.53 1 1
github.com/antti/home-warehouse/go-backend/internal/config/config.go:124.53,126.4 1 1
github.com/antti/home-warehouse/go-backend/internal/config/config.go:128.2,128.21 1 1
github.com/antti/home-warehouse/go-backend/internal/domain/warehouse/category/entity.go:24.123,25.73 1 1
github.com/antti/home-warehouse/go-backend/internal/domain/warehouse/category/entity.go:25.73,27.3 1 1
github.com/antti/home-warehouse/go-backend/internal/domain/warehouse/category/entity.go:28.2,28.16 1 1
github.com/antti/home-warehouse/go-backend/internal/domain/warehouse/category/entity.go:28.16,30.3 1 1
github.com/antti/home-warehouse/go-backend/internal/domain/warehouse/category/entity.go:32.2,42.8 2 1
github.com/antti/home-warehouse/go-backend/internal/domain/warehouse/category/entity.go:53.13,64.2 1 1
github.com/antti/home-warehouse/go-backend/internal/domain/warehouse/category/entity.go:67.35,67.50 1 1
github.com/antti/home-warehouse/go-backend/internal/domain/warehouse/category/entity.go:70.44,70.68 1 1
github.com/antti/home-warehouse/go-backend/internal/domain/warehouse/category/entity.go:73.34,73.51 1 1
github.com/antti/home-warehouse/go-backend/internal/domain/warehouse/category/entity.go:76.50,76.79 1 1
github.com/antti/home-warehouse/go-backend/internal/domain/warehouse/category/entity.go:79.42,79.66 1 1
github.com/antti/home-warehouse/go-backend/internal/domain/warehouse/category/entity.go:82.38,82.61 1 1
github.com/antti/home-warehouse/go-backend/internal/domain/warehouse/category/entity.go:85.42,85.64 1 1
github.com/antti/home-warehouse/go-backend/internal/domain/warehouse/category/entity.go:88.42,88.64 1 1
github.com/antti/home-warehouse/go-backend/internal/domain/warehouse/category/entity.go:91.96,92.16 1 1
github.com/antti/home-warehouse/go-backend/internal/domain/warehouse/category/entity.go:92.16,94.3 1 1
github.com/antti/home-warehouse/go-backend/internal/domain/warehouse/category/entity.go:95.2,99.12 5 1
github.com/antti/home-warehouse/go-backend/internal/domain/warehouse/category/entity.go:103.30,106.2 2 1
github.com/antti/home-warehouse/go-backend/internal/domain/warehouse/category/entity.go:109.30,112.2 2 1
github.com/antti/home-warehouse/go-backend/internal/domain/warehouse/category/handler.go:14.57,16.105 1 1
github.com/antti/home-warehouse/go-backend/internal/domain/warehouse/category/handler.go:16.105,18.10 2 1
github.com/antti/home-warehouse/go-backend/internal/domain/warehouse/category/handler.go:18.10,20.4 1 0
github.com/antti/home-warehouse/go-backend/internal/domain/warehouse/category/handler.go:22.3,23.17 2 1
github.com/antti/home-warehouse/go-backend/internal/domain/warehouse/category/handler.go:23.17,25.4 1 0
github.com/antti/home-warehouse/go-backend/internal/domain/warehouse/category/handler.go:27.3,28.34 2 1
github.com/antti/home-warehouse/go-backend/internal/domain/warehouse/category/handler.go:28.34,30.4 1 1
github.com/antti/home-warehouse/go-backend/internal/domain/warehouse/category/handler.go:32.3,34.9 1 1
github.com/antti/home-warehouse/go-backend/internal/domain/warehouse/category/handler.go:38.2,38.110 1 1
github.com/antti/home-warehouse/go-backend/internal/domain/warehouse/category/handler.go:38.110,40.10 2 1
github.com/antti/home-warehouse/go-backend/internal/domain/warehouse/category/handler.go:40.10,42.4 1 0
github.com/antti/home-warehouse/go-backend/internal/domain/warehouse/category/handler.go:44.3,45.17 2 1
github.com/antti/home-warehouse/go-backend/internal/domain/warehouse/category/handler.go:45.17,47.4 1 0
github.com/antti/home-warehouse/go-backend/internal/domain/warehouse/category/handler.go:49.3,50.34 2 1
github.com/antti/home-warehouse/go-backend/internal/domain/warehouse/category/handler.go:50.34,52.4 1 1
github.com/antti/home-warehouse/go-backend/internal/domain/warehouse/category/handler.go:54.3,56.9 1 1
github.com/antti/home-warehouse/go-backend/internal/domain/warehouse/category/handler.go:60.2,60.115 1 1
github.com/antti/home-warehouse/go-backend/internal/domain/warehouse/category/handler.go:60.115,62.10 2 1
github.com/antti/home-warehouse/go-backend/internal/domain/warehouse/category/handler.go:62.10,64.4 1 0
github.com/antti/home-warehouse/go-backend/internal/domain/warehouse/category/handler.go:66.3,67.36 2 1
github.com/antti/home-warehouse/go-backend/internal/domain/warehouse/category/handler.go:67.36,69.4 1 1
github.com/antti/home-warehouse/go-backend/internal/domain/warehouse/category/handler.go:71.3,73.9 1 1
github.com/antti/home-warehouse/go-backend/internal/domain/warehouse/category/handler.go:77.2,77.127 1 1
github.com/antti/home-warehouse/go-backend/internal/domain/warehouse/category/handler.go:77.127,79.10 2 1
github.com/antti/home-warehouse/go-backend/internal/domain/warehouse/category/handler.go:79.10,81.4 1 0
github.com/antti/home-warehouse/go-backend/internal/domain/warehouse/category/handler.go:83.3,84.17 2 1
github.com/antti/home-warehouse/go-backend/internal/domain/warehouse/category/handler.go:84.17,86.4 1 0
github.com/antti/home-warehouse/go-backend/internal/domain/warehouse/category/handler.go:88.3,89.34 2 1
github.com/antti/home-warehouse/go-backend/internal/domain/warehouse/category/handler.go:89.34,91.4 1 1
github.com/antti/home-warehouse/go-backend/internal/domain/warehouse/category/handler.go:93.3,95.9 1 1
github.com/antti/home-warehouse/go-backend/internal/domain/warehouse/category/handler.go:99.2,99.117 1 1
github.com/antti/home-warehouse/go-backend/internal/domain/warehouse/category/handler.go:99.117,101.10 2 1
github.com/antti/home-warehouse/go-backend/internal/domain/warehouse/category/handler.go:101.10,103.4 1 0
github.com/antti/home-warehouse/go-backend/internal/domain/warehouse/category/handler.go:105.3,111.17 2 1
github.com/antti/home-warehouse/go-backend/internal/domain/warehouse/category/handler.go:111.17,113.4 1 0
github.com/antti/home-warehouse/go-backend/internal/domain/warehouse/category/handler.go:115.3,118.9 1 1
github.com/antti/home-warehouse/go-backend/internal/domain/warehouse/category/handler.go:122.2,122.123 1 1
github.com/antti/home-warehouse/go-backend/internal/domain/warehouse/category/handler.go:122.123,124.10 2 1
github.com/antti/home-warehouse/go-backend/internal/domain/warehouse/category/handler.go:124.10,126.4 1 0
github.com/antti/home-warehouse/go-backend/internal/domain/warehouse/category/handler.go:128.3,132.29 2 1
github.com/antti/home-warehouse/go-backend/internal/domain/warehouse/category/handler.go:132.29,134.4 1 1
github.com/antti/home-warehouse/go-backend/internal/domain/warehouse/category/handler.go:136.3,137.17 2 1
github.com/antti/home-warehouse/go-backend/internal/domain/warehouse/category/handler.go:137.17,138.30 1 0
github.com/antti/home-warehouse/go-backend/internal/domain/warehouse/category/handler.go:138.30,140.5 1 0
github.com/antti/home-warehouse/go-backend/internal/domain/warehouse/category/handler.go:141.4,141.52 1 0
github.com/antti/home-warehouse/go-backend/internal/domain/warehouse/category/handler.go:144.3,146.9 1 1
github.com/antti/home-warehouse/go-backend/internal/domain/warehouse/category/handler.go:150.2,150.115 1 1
github.com/antti/home-warehouse/go-backend/internal/domain/warehouse/category/handler.go:150.115,152.10 2 1
github.com/antti/home-warehouse/go-backend/internal/domain/warehouse/category/handler.go:152.10,154.4 1 0
github.com/antti/home-warehouse/go-backend/internal/domain/warehouse/category/handler.go:156.3,157.17 2 1
github.com/antti/home-warehouse/go-backend/internal/domain/warehouse/category/handler.go:157.17,159.4 1 0
github.com/antti/home-warehouse/go-backend/internal/domain/warehouse/category/handler.go:161.3,161.18 1 1
github.com/antti/home-warehouse/go-backend/internal/domain/warehouse/category/handler.go:165.2,165.115 1 1
github.com/antti/home-warehouse/go-backend/internal/domain/warehouse/category/handler.go:165.115,167.10 2 1
github.com/antti/home-warehouse/go-backend/internal/domain/warehouse/category/handler.go:167.10,169.4 1 0
github.com/antti/home-warehouse/go-backend/internal/domain/warehouse/category/handler.go:171.3,172.17 2 1
github.com/antti/home-warehouse/go-backend/internal/domain/warehouse/category/handler.go:172.17,174.4 1 0
github.com/antti/home-warehouse/go-backend/internal/domain/warehouse/category/handler.go:176.3,176.18 1 1
github.com/antti/home-warehouse/go-backend/internal/domain/warehouse/category/handler.go:180.2,180.109 1 1
github.com/antti/home-warehouse/go-backend/internal/domain/warehouse/category/handler.go:180.109,182.10 2 1
github.com/antti/home-warehouse/go-backend/internal/domain/warehouse/category/handler.go:182.10,184.4 1 0
github.com/antti/home-warehouse/go-backend/internal/domain/warehouse/category/handler.go:186.3,187.17 2 1
github.com/antti/home-warehouse/go-backend/internal/domain/warehouse/category/handler.go:187.17,188.29 1 1
github.com/antti/home-warehouse/go-backend/internal/domain/warehouse/category/handler.go:188.29,190.5 1 1
github.com/antti/home-warehouse/go-backend/internal/domain/warehouse/category/handler.go:191.4,191.52 1 0
github.com/antti/home-warehouse/go-backend/internal/domain/warehouse/category/handler.go:194.3,194.18 1 1
github.com/antti/home-warehouse/go-backend/internal/domain/warehouse/category/handler.go:198.2,198.125 1 1
github.com/antti/home-warehouse/go-backend/internal/domain/warehouse/category/handler.go:198.125,200.10 2 1
github.com/antti/home-warehouse/go-backend/internal/domain/warehouse/category/handler.go:200.10,202.4 1 0
github.com/antti/home-warehouse/go-backend/internal/domain/warehouse/category/handler.go:204.3,205.17 2 1
github.com/antti/home-warehouse/go-backend/internal/domain/warehouse/category/handler.go:205.17,207.4 1 0
github.com/antti/home-warehouse/go-backend/internal/domain/warehouse/category/handler.go:209.3,211.9 1 1
github.com/antti/home-warehouse/go-backend/internal/domain/warehouse/category/handler.go:215.55,226.2 1 1
github.com/antti/home-warehouse/go-backend/internal/domain/warehouse/category/service.go:29.43,31.2 1 1
github.com/antti/home-warehouse/go-backend/internal/domain/warehouse/category/service.go:42.85,44.35 1 1
github.com/antti/home-warehouse/go-backend/internal/domain/warehouse/category/service.go:44.35,46.17 2 1
github.com/antti/home-warehouse/go-backend/internal/domain/warehouse/category/service.go:46.17,48.4 1 0
github.com/antti/home-warehouse/go-backend/internal/domain/warehouse/category/service.go:49.3,49.20 1 1
github.com/antti/home-warehouse/go-backend/internal/domain/warehouse/category/service.go:49.20,51.4 1 0
github.com/antti/home-warehouse/go-backend/internal/domain/warehouse/category/service.go:54.2,55.16 2 1
github.com/antti/home-warehouse/go-backend/internal/domain/warehouse/category/service.go:55.16,57.3 1 1
github.com/antti/home-warehouse/go-backend/internal/domain/warehouse/category/service.go:59.2,59.51 1 1
github.com/antti/home-warehouse/go-backend/internal/domain/warehouse/category/service.go:59.51,61.3 1 1
github.com/antti/home-warehouse/go-backend/internal/domain/warehouse/category/service.go:63.2,63.22 1 1
github.com/antti/home-warehouse/go-backend/internal/domain/warehouse/category/service.go:67.94,69.16 2 1
github.com/antti/home-warehouse/go-backend/internal/domain/warehouse/category/service.go:69.16,71.3 1 1
github.com/antti/home-warehouse/go-backend/internal/domain/warehouse/category/service.go:72.2,72.21 1 1
github.com/antti/home-warehouse/go-backend/internal/domain/warehouse/category/service.go:72.21,74.3 1 1
github.com/antti/home-warehouse/go-backend/internal/domain/warehouse/category/service.go:75.2,75.22 1 1
github.com/antti/home-warehouse/go-backend/internal/domain/warehouse/category/service.go:79.100,81.2 1 0
github.com/antti/home-warehouse/go-backend/internal/domain/warehouse/category/service.go:84.107,86.2 1 0
github.com/antti/home-warehouse/go-backend/internal/domain/warehouse/category/service.go:89.103,91.2 1 0
github.com/antti/home-warehouse/go-backend/internal/domain/warehouse/category/service.go:101.112,103.16 2 1
github.com/antti/home-warehouse/go-backend/internal/domain/warehouse/category/service.go:103.16,105.3 1 1
github.com/antti/home-warehouse/go-backend/internal/domain/warehouse/category/service.go:108.2,108.35 1 1
github.com/antti/home-warehouse/go-backend/internal/domain/warehouse/category/service.go:108.35,109.97 1 0
github.com/antti/home-warehouse/go-backend/internal/domain/warehouse/category/service.go:109.97,111.4 1 0
github.com/antti/home-warehouse/go-backend/internal/domain/warehouse/category/service.go:114.2,114.95 1 1
github.com/antti/home-warehouse/go-backend/internal/domain/warehouse/category/service.go:114.95,116.3 1 0
github.com/antti/home-warehouse/go-backend/internal/domain/warehouse/category/service.go:118.2,118.51 1 1
github.com/antti/home-warehouse/go-backend/internal/domain/warehouse/category/service.go:118.51,120.3 1 0
github.com/antti/home-warehouse/go-backend/internal/domain/warehouse/category/service.go:122.2,122.22 1 1
github.com/antti/home-warehouse/go-backend/internal/domain/warehouse/category/service.go:127.114,129.28 1 0
github.com/antti/home-warehouse/go-backend/internal/domain/warehouse/category/service.go:129.28,131.3 1 0
github.com/antti/home-warehouse/go-backend/internal/domain/warehouse/category/service.go:134.2,137.23 3 0
github.com/antti/home-warehouse/go-backend/internal/domain/warehouse/category/service.go:137.23,138.31 1 0
github.com/antti/home-warehouse/go-backend/internal/domain/warehouse/category/service.go:138.31,140.4 1 0
github.com/antti/home-warehouse/go-backend/internal/domain/warehouse/category/service.go:142.3,142.26 1 0
github.com/antti/home-warehouse/go-backend/internal/domain/warehouse/category/service.go:142.26,144.9 1 0
github.com/antti/home-warehouse/go-backend/internal/domain/warehouse/category/service.go:146.3,149.17 3 0
github.com/antti/home-warehouse/go-backend/internal/domain/warehouse/category/service.go:149.17,151.4 1 0
github.com/antti/home-warehouse/go-backend/internal/domain/warehouse/category/service.go:152.3,152.20 1 0
github.com/antti/home-warehouse/go-backend/internal/domain/warehouse/category/service.go:152.20,153.9 1 0
github.com/antti/home-warehouse/go-backend/internal/domain/warehouse/category/service.go:156.3,156.40 1 0
github.com/antti/home-warehouse/go-backend/internal/domain/warehouse/category/service.go:159.2,159.12 1 0
github.com/antti/home-warehouse/go-backend/internal/domain/warehouse/category/service.go:163.81,165.16 2 1
github.com/antti/home-warehouse/go-backend/internal/domain/warehouse/category/service.go:165.16,167.3 1 0
github.com/antti/home-warehouse/go-backend/internal/domain/warehouse/category/service.go:169.2,170.35 2 1
github.com/antti/home-warehouse/go-backend/internal/domain/warehouse/category/service.go:174.81,176.16 2 1
github.com/antti/home-warehouse/go-backend/internal/domain/warehouse/category/service.go:176.16,178.3 1 0
github.com/antti/home-warehouse/go-backend/internal/domain/warehouse/category/service.go:180.2,181.35 2 1
github.com/antti/home-warehouse/go-backend/internal/domain/warehouse/category/service.go:185.80,187.16 2 1
github.com/antti/home-warehouse/go-backend/internal/domain/warehouse/category/service.go:187.16,189.3 1 1
github.com/antti/home-warehouse/go-backend/internal/domain/warehouse/category/service.go:192.2,193.16 2 1
github.com/antti/home-warehouse/go-backend/internal/domain/warehouse/category/service.go:193.16,195.3 1 0
github.com/antti/home-warehouse/go-backend/internal/domain/warehouse/category/service.go:196.2,196.17 1 1
github.com/antti/home-warehouse/go-backend/internal/domain/warehouse/category/service.go:196.17,198.3 1 1
github.com/antti/home-warehouse/go-backend/internal/domain/warehouse/category/service.go:200.2,200.31 1 1
github.com/antti/home-warehouse/go-backend/internal/domain/warehouse/category/service.go:211.115,216.47 4 1
github.com/antti/home-warehouse/go-backend/internal/domain/warehouse/category/service.go:216.47,220.17 3 1
github.com/antti/home-warehouse/go-backend/internal/domain/warehouse/category/service.go:220.17,222.4 1 0
github.com/antti/home-warehouse/go-backend/internal/domain/warehouse/category/service.go:223.3,223.22 1 1
github.com/antti/home-warehouse/go-backend/internal/domain/warehouse/category/service.go:223.22,224.9 1 1
github.com/antti/home-warehouse/go-backend/internal/domain/warehouse/category/service.go:228.3,233.42 2 1
github.com/antti/home-warehouse/go-backend/internal/domain/warehouse/category/service.go:236.2,236.24 1 1
github.com/antti/home-warehouse/go-backend/cmd/server/main.go:18.13,24.17 3 0
github.com/antti/home-warehouse/go-backend/cmd/server/main.go:24.17,26.3 1 0
github.com/antti/home-warehouse/go-backend/cmd/server/main.go:29.2,30.16 2 0
github.com/antti/home-warehouse/go-backend/cmd/server/main.go:30.16,32.3 1 0
github.com/antti/home-warehouse/go-backend/cmd/server/main.go:33.2,40.16 4 0
github.com/antti/home-warehouse/go-backend/cmd/server/main.go:40.16,42.3 1 0
github.com/antti/home-warehouse/go-backend/cmd/server/main.go:44.2,53.12 2 0
github.com/antti/home-warehouse/go-backend/cmd/server/main.go:53.12,55.77 2 0
github.com/antti/home-warehouse/go-backend/cmd/server/main.go:55.77,57.4 1 0
github.com/antti/home-warehouse/go-backend/cmd/server/main.go:61.2,70.42 7 0
github.com/antti/home-warehouse/go-backend/cmd/server/main.go:70.42,72.3 1 0
github.com/antti/home-warehouse/go-backend/cmd/server/main.go:74.2,74.31 1 0
github.com/antti/home-warehouse/go-backend/internal/api/docs.go:12.39,15.63 1 0
github.com/antti/home-warehouse/go-backend/internal/api/docs.go:15.63,18.3 2 0
github.com/antti/home-warehouse/go-backend/internal/api/docs.go:43.34,57.2 1 0
github.com/antti/home-warehouse/go-backend/internal/api/router.go:43.67,77.95 15 0
github.com/antti/home-warehouse/go-backend/internal/api/router.go:77.95,79.3 1 0
github.com/antti/home-warehouse/go-backend/internal/api/router.go:82.2,162.29 53 0
github.com/antti/home-warehouse/go-backend/internal/api/router.go:162.29,184.60 10 0
github.com/antti/home-warehouse/go-backend/internal/api/router.go:184.60,231.4 25 0
github.com/antti/home-warehouse/go-backend/internal/api/router.go:234.2,234.10 1 0
github.com/antti/home-warehouse/go-backend/internal/domain/auth/notification/entity.go:45.26,46.63 1 1
github.com/antti/home-warehouse/go-backend/internal/domain/auth/notification/entity.go:46.63,48.3 1 1
github.com/antti/home-warehouse/go-backend/internal/domain/auth/notification/entity.go:49.2,49.17 1 1
github.com/antti/home-warehouse/go-backend/internal/domain/auth/notification/entity.go:49.17,51.3 1 1
github.com/antti/home-warehouse/go-backend/internal/domain/auth/notification/entity.go:52.2,52.19 1 1
github.com/antti/home-warehouse/go-backend/internal/domain/auth/notification/entity.go:52.19,54.3 1 1
github.com/antti/home-warehouse/go-backend/internal/domain/auth/notification/entity.go:56.2,67.8 1 1
github.com/antti/home-warehouse/go-backend/internal/domain/auth/notification/entity.go:80.17,93.2 1 1
github.com/antti/home-warehouse/go-backend/internal/domain/auth/notification/entity.go:96.39,96.54 1 1
github.com/antti/home-warehouse/go-backend/internal/domain/auth/notification/entity.go:99.43,99.62 1 1
github.com/antti/home-warehouse/go-backend/internal/domain/auth/notification/entity.go:102.49,102.73 1 1
github.com/antti/home-warehouse/go-backend/internal/domain/auth/notification/entity.go:105.60,105.89 1 1
github.com/antti/home-warehouse/go-backend/internal/domain/auth/notification/entity.go:108.39,108.57 1 1
github.com/antti/home-warehouse/go-backend/internal/domain/auth/notification/entity.go:111.41,111.61 1 1
github.com/antti/home-warehouse/go-backend/internal/domain/auth/notification/entity.go:114.38,114.57 1 1
github.com/antti/home-warehouse/go-backend/internal/domain/auth/notification/entity.go:117.44,117.63 1 1
github.com/antti/home-warehouse/go-backend/internal/domain/auth/notification/entity.go:120.58,120.79 1 1
github.com/antti/home-warehouse/go-backend/internal/domain/auth/notification/entity.go:123.46,123.68 1 1
github.com/antti/home-warehouse/go-backend/internal/domain/auth/notification/entity.go:126.37,127.15 1 1
github.com/antti/home-warehouse/go-backend/internal/domain/auth/notification/entity.go:127.15,131.3 3 1
github.com/antti/home-warehouse/go-backend/internal/domain/auth/notification/handler.go:15.57,17.125 1 1
github.com/antti/home-warehouse/go-backend/internal/domain/auth/notification/handler.go:17.125,19.10 2 1
github.com/antti/home-warehouse/go-backend/internal/domain/auth/notification/handler.go:19.10,21.4 1 0
github.com/antti/home-warehouse/go-backend/internal/domain/auth/notification/handler.go:23.3,25.17 3 1
github.com/antti/home-warehouse/go-backend/internal/domain/auth/notification/handler.go:25.17,27.4 1 0
github.com/antti/home-warehouse/go-backend/internal/domain/auth/notification/handler.go:29.3,30.38 2 1
github.com/antti/home-warehouse/go-backend/internal/domain/auth/notification/handler.go:30.38,32.4 1 1
github.com/antti/home-warehouse/go-backend/internal/domain/auth/notification/handler.go:34.3,41.9 1 1
github.com/antti/home-warehouse/go-backend/internal/domain/auth/notification/handler.go:45.2,45.124 1 1
github.com/antti/home-warehouse/go-backend/internal/domain/auth/notification/handler.go:45.124,47.10 2 1
github.com/antti/home-warehouse/go-backend/internal/domain/auth/notification/handler.go:47.10,49.4 1 0
github.com/antti/home-warehouse/go-backend/internal/domain/auth/notification/handler.go:51.3,52.17 2 1
github.com/antti/home-warehouse/go-backend/internal/domain/auth/notification/handler.go:52.17,54.4 1 0
github.com/antti/home-warehouse/go-backend/internal/domain/auth/notification/handler.go:56.3,57.39 2 1
github.com/antti/home-warehouse/go-backend/internal/domain/auth/notification/handler.go:57.39,59.4 1 1
github.com/antti/home-warehouse/go-backend/internal/domain/auth/notification/handler.go:61.3,68.9 1 1
github.com/antti/home-warehouse/go-backend/internal/domain/auth/notification/handler.go:72.2,72.118 1 1
github.com/antti/home-warehouse/go-backend/internal/domain/auth/notification/handler.go:72.118,74.10 2 1
github.com/antti/home-warehouse/go-backend/internal/domain/auth/notification/handler.go:74.10,76.4 1 0
github.com/antti/home-warehouse/go-backend/internal/domain/auth/notification/handler.go:78.3,79.17 2 1
github.com/antti/home-warehouse/go-backend/internal/domain/auth/notification/handler.go:79.17,81.4 1 0
github.com/antti/home-warehouse/go-backend/internal/domain/auth/notification/handler.go:83.3,85.9 1 1
github.com/antti/home-warehouse/go-backend/internal/domain/auth/notification/handler.go:89.2,89.126 1 1
github.com/antti/home-warehouse/go-backend/internal/domain/auth/notification/handler.go:89.126,91.10 2 1
github.com/antti/home-warehouse/go-backend/internal/domain/auth/notification/handler.go:91.10,93.4 1 0
github.com/antti/home-warehouse/go-backend/internal/domain/auth/notification/handler.go:95.3,96.40 2 1
github.com/antti/home-warehouse/go-backend/internal/domain/auth/notification/handler.go:96.40,98.4 1 1
github.com/antti/home-warehouse/go-backend/internal/domain/auth/notification/handler.go:100.3,102.9 1 1
github.com/antti/home-warehouse/go-backend/internal/domain/auth/notification/handler.go:106.2,106.119 1 1
github.com/antti/home-warehouse/go-backend/internal/domain/auth/notification/handler.go:106.119,108.10 2 1
github.com/antti/home-warehouse/go-backend/internal/domain/auth/notification/handler.go:108.10,110.4 1 0
github.com/antti/home-warehouse/go-backend/internal/domain/auth/notification/handler.go:112.3,113.17 2 1
github.com/antti/home-warehouse/go-backend/internal/domain/auth/notification/handler.go:113.17,115.4 1 1
github.com/antti/home-warehouse/go-backend/internal/domain/auth/notification/handler.go:117.3,117.18 1 1
github.com/antti/home-warehouse/go-backend/internal/domain/auth/notification/handler.go:121.2,121.106 1 1
github.com/antti/home-warehouse/go-backend/internal/domain/auth/notification/handler.go:121.106,123.10 2 1
github.com/antti/home-warehouse/go-backend/internal/domain/auth/notification/handler.go:123.10,125.4 1 0
github.com/antti/home-warehouse/go-backend/internal/domain/auth/notification/handler.go:127.3,128.17 2 1
github.com/antti/home-warehouse/go-backend/internal/domain/auth/notification/handler.go:128.17,130.4 1 1
github.com/antti/home-warehouse/go-backend/internal/domain/auth/notification/handler.go:132.3,132.18 1 1
github.com/antti/home-warehouse/go-backend/internal/domain/auth/notification/handler.go:136.67,149.2 1 1
github.com/antti/home-warehouse/go-backend/internal/domain/auth/notification/service.go:28.43,30.2 1 1
github.com/antti/home-warehouse/go-backend/internal/domain/auth/notification/service.go:43.89,52.16 2 1
github.com/antti/home-warehouse/go-backend/internal/domain/auth/notification/service.go:52.16,54.3 1 0
github.com/antti/home-warehouse/go-backend/internal/domain/auth/notification/service.go:56.2,56.55 1 1
github.com/antti/home-warehouse/go-backend/internal/domain/auth/notification/service.go:56.55,58.3 1 0
github.com/antti/home-warehouse/go-backend/internal/domain/auth/notification/service.go:60.2,60.26 1 1
github.com/antti/home-warehouse/go-backend/internal/domain/auth/notification/service.go:64.93,66.2 1 1
github.com/antti/home-warehouse/go-backend/internal/domain/auth/notification/service.go:69.154,71.16 2 1
github.com/antti/home-warehouse/go-backend/internal/domain/auth/notification/service.go:71.16,73.3 1 0
github.com/antti/home-warehouse/go-backend/internal/domain/auth/notification/service.go:75.2,76.21 2 1
github.com/antti/home-warehouse/go-backend/internal/domain/auth/notification/service.go:80.106,82.2 1 1
github.com/antti/home-warehouse/go-backend/internal/domain/auth/notification/service.go:85.79,87.2 1 1
github.com/antti/home-warehouse/go-backend/internal/domain/auth/notification/service.go:90.78,92.2 1 1
github.com/antti/home-warehouse/go-backend/internal/domain/auth/notification/service.go:95.88,97.2 1 1
github.com/antti/home-warehouse/go-backend/internal/domain/analytics/handler.go:19.48,21.2 1 1
github.com/antti/home-warehouse/go-backend/internal/domain/analytics/handler.go:116.48,206.2 10 1
github.com/antti/home-warehouse/go-backend/internal/domain/analytics/handler.go:209.121,211.9 2 1
github.com/antti/home-warehouse/go-backend/internal/domain/analytics/handler.go:211.9,213.3 1 0
github.com/antti/home-warehouse/go-backend/internal/domain/analytics/handler.go:214.2,215.16 2 1
github.com/antti/home-warehouse/go-backend/internal/domain/analytics/handler.go:215.16,217.3 1 1
github.com/antti/home-warehouse/go-backend/internal/domain/analytics/handler.go:218.2,218.51 1 1
github.com/antti/home-warehouse/go-backend/internal/domain/analytics/handler.go:222.118,224.9 2 1
github.com/antti/home-warehouse/go-backend/internal/domain/analytics/handler.go:224.9,226.3 1 0
github.com/antti/home-warehouse/go-backend/internal/domain/analytics/handler.go:227.2,228.16 2 1
github.com/antti/home-warehouse/go-backend/internal/domain/analytics/handler.go:228.16,230.3 1 0
github.com/antti/home-warehouse/go-backend/internal/domain/analytics/handler.go:231.2,231.49 1 1
github.com/antti/home-warehouse/go-backend/internal/domain/analytics/handler.go:235.106,237.9 2 1
github.com/antti/home-warehouse/go-backend/internal/domain/analytics/handler.go:237.9,239.3 1 0
github.com/antti/home-warehouse/go-backend/internal/domain/analytics/handler.go:240.2,241.16 2 1
github.com/antti/home-warehouse/go-backend/internal/domain/analytics/handler.go:241.16,243.3 1 1
github.com/antti/home-warehouse/go-backend/internal/domain/analytics/handler.go:244.2,244.46 1 1
github.com/antti/home-warehouse/go-backend/internal/domain/analytics/handler.go:248.121,250.9 2 1
github.com/antti/home-warehouse/go-backend/internal/domain/analytics/handler.go:250.9,252.3 1 0
github.com/antti/home-warehouse/go-backend/internal/domain/analytics/handler.go:253.2,254.16 2 1
github.com/antti/home-warehouse/go-backend/internal/domain/analytics/handler.go:254.16,256.3 1 0
github.com/antti/home-warehouse/go-backend/internal/domain/analytics/handler.go:257.2,257.51 1 1
github.com/antti/home-warehouse/go-backend/internal/domain/analytics/handler.go:261.121,263.9 2 1
github.com/antti/home-warehouse/go-backend/internal/domain/analytics/handler.go:263.9,265.3 1 0
github.com/antti/home-warehouse/go-backend/internal/domain/analytics/handler.go:266.2,267.16 2 1
github.com/antti/home-warehouse/go-backend/internal/domain/analytics/handler.go:267.16,269.3 1 0
github.com/antti/home-warehouse/go-backend/internal/domain/analytics/handler.go:270.2,270.53 1 1
github.com/antti/home-warehouse/go-backend/internal/domain/analytics/handler.go:274.133,276.9 2 1
github.com/antti/home-warehouse/go-backend/internal/domain/analytics/handler.go:276.9,278.3 1 0
github.com/antti/home-warehouse/go-backend/internal/domain/analytics/handler.go:279.2,280.16 2 1
github.com/antti/home-warehouse/go-backend/internal/domain/analytics/handler.go:280.16,282.3 1 1
github.com/antti/home-warehouse/go-backend/internal/domain/analytics/handler.go:283.2,283.58 1 1
github.com/antti/home-warehouse/go-backend/internal/domain/analytics/handler.go:287.124,289.9 2 1
github.com/antti/home-warehouse/go-backend/internal/domain/analytics/handler.go:289.9,291.3 1 0
github.com/antti/home-warehouse/go-backend/internal/domain/analytics/handler.go:292.2,293.16 2 1
github.com/antti/home-warehouse/go-backend/internal/domain/analytics/handler.go:293.16,295.3 1 1
github.com/antti/home-warehouse/go-backend/internal/domain/analytics/handler.go:296.2,296.55 1 1
github.com/antti/home-warehouse/go-backend/internal/domain/analytics/handler.go:300.115,302.9 2 1
github.com/antti/home-warehouse/go-backend/internal/domain/analytics/handler.go:302.9,304.3 1 0
github.com/antti/home-warehouse/go-backend/internal/domain/analytics/handler.go:305.2,306.16 2 1
github.com/antti/home-warehouse/go-backend/internal/domain/analytics/handler.go:306.16,308.3 1 0
github.com/antti/home-warehouse/go-backend/internal/domain/analytics/handler.go:309.2,309.52 1 1
github.com/antti/home-warehouse/go-backend/internal/domain/analytics/handler.go:313.127,315.9 2 1
github.com/antti/home-warehouse/go-backend/internal/domain/analytics/handler.go:315.9,317.3 1 0
github.com/antti/home-warehouse/go-backend/internal/domain/analytics/handler.go:318.2,319.16 2 1
github.com/antti/home-warehouse/go-backend/internal/domain/analytics/handler.go:319.16,321.3 1 1
github.com/antti/home-warehouse/go-backend/internal/domain/analytics/handler.go:322.2,322.55 1 1
github.com/antti/home-warehouse/go-backend/internal/domain/analytics/handler.go:326.136,328.9 2 1
github.com/antti/home-warehouse/go-backend/internal/domain/analytics/handler.go:328.9,330.3 1 0
github.com/antti/home-warehouse/go-backend/internal/domain/analytics/handler.go:331.2,333.16 3 1
github.com/antti/home-warehouse/go-backend/internal/domain/analytics/handler.go:333.16,335.3 1 1
github.com/antti/home-warehouse/go-backend/internal/domain/analytics/handler.go:336.2,336.58 1 1
github.com/antti/home-warehouse/go-backend/internal/domain/analytics/service.go:46.43,48.2 1 1
github.com/antti/home-warehouse/go-backend/internal/domain/analytics/service.go:51.106,53.16 2 1
github.com/antti/home-warehouse/go-backend/internal/domain/analytics/service.go:53.16,55.3 1 1
github.com/antti/home-warehouse/go-backend/internal/domain/analytics/service.go:57.2,67.8 1 1
github.com/antti/home-warehouse/go-backend/internal/domain/analytics/service.go:71.118,72.16 1 1
github.com/antti/home-warehouse/go-backend/internal/domain/analytics/service.go:72.16,74.3 1 1
github.com/antti/home-warehouse/go-backend/internal/domain/analytics/service.go:76.2,77.16 2 1
github.com/antti/home-warehouse/go-backend/internal/domain/analytics/service.go:77.16,79.3 1 1
github.com/antti/home-warehouse/go-backend/internal/domain/analytics/service.go:81.2,82.27 2 1
github.com/antti/home-warehouse/go-backend/internal/domain/analytics/service.go:82.27,90.3 1 1
github.com/antti/home-warehouse/go-backend/internal/domain/analytics/service.go:91.2,91.20 1 1
github.com/antti/home-warehouse/go-backend/internal/domain/analytics/service.go:95.96,97.16 2 1
github.com/antti/home-warehouse/go-backend/internal/domain/analytics/service.go:97.16,99.3 1 1
github.com/antti/home-warehouse/go-backend/internal/domain/analytics/service.go:101.2,106.8 1 1
github.com/antti/home-warehouse/go-backend/internal/domain/analytics/service.go:110.138,111.16 1 1
github.com/antti/home-warehouse/go-backend/internal/domain/analytics/service.go:111.16,113.3 1 1
github.com/antti/home-warehouse/go-backend/internal/domain/analytics/service.go:115.2,116.16 2 1
github.com/antti/home-warehouse/go-backend/internal/domain/analytics/service.go:116.16,118.3 1 1
github.com/antti/home-warehouse/go-backend/internal/domain/analytics/service.go:120.2,121.27 2 1
github.com/antti/home-warehouse/go-backend/internal/domain/analytics/service.go:121.27,129.3 1 1
github.com/antti/home-warehouse/go-backend/internal/domain/analytics/service.go:130.2,130.20 1 1
github.com/antti/home-warehouse/go-backend/internal/domain/analytics/service.go:134.120,135.16 1 1
github.com/antti/home-warehouse/go-backend/internal/domain/analytics/service.go:135.16,137.3 1 1
github.com/antti/home-warehouse/go-backend/internal/domain/analytics/service.go:139.2,140.16 2 1
github.com/antti/home-warehouse/go-backend/internal/domain/analytics/service.go:140.16,142.3 1 1
github.com/antti/home-warehouse/go-backend/internal/domain/analytics/service.go:144.2,145.27 2 1
github.com/antti/home-warehouse/go-backend/internal/domain/analytics/service.go:145.27,147.23 2 1
github.com/antti/home-warehouse/go-backend/internal/domain/analytics/service.go:147.23,150.4 2 1
github.com/antti/home-warehouse/go-backend/internal/domain/analytics/service.go:152.3,153.26 2 1
github.com/antti/home-warehouse/go-backend/internal/domain/analytics/service.go:153.26,155.4 1 1
github.com/antti/home-warehouse/go-backend/internal/domain/analytics/service.go:157.3,165.4 1 1
github.com/antti/home-warehouse/go-backend/internal/domain/analytics/service.go:167.2,167.20 1 1
github.com/antti/home-warehouse/go-backend/internal/domain/analytics/service.go:171.115,173.16 2 1
github.com/antti/home-warehouse/go-backend/internal/domain/analytics/service.go:173.16,175.3 1 1
github.com/antti/home-warehouse/go-backend/internal/domain/analytics/service.go:177.2,178.27 2 1
github.com/antti/home-warehouse/go-backend/internal/domain/analytics/service.go:178.27,180.26 2 1
github.com/antti/home-warehouse/go-backend/internal/domain/analytics/service.go:180.26,182.4 1 1
github.com/antti/home-warehouse/go-backend/internal/domain/analytics/service.go:183.3,186.4 1 1
github.com/antti/home-warehouse/go-backend/internal/domain/analytics/service.go:188.2,188.20 1 1
github.com/antti/home-warehouse/go-backend/internal/domain/analytics/service.go:192.109,194.16 2 1
github.com/antti/home-warehouse/go-backend/internal/domain/analytics/service.go:194.16,196.3 1 1
github.com/antti/home-warehouse/go-backend/internal/domain/analytics/service.go:198.2,199.27 2 1
github.com/antti/home-warehouse/go-backend/internal/domain/analytics/service.go:199.27,201.23 2 1
github.com/antti/home-warehouse/go-backend/internal/domain/analytics/service.go:201.23,203.4 1 1
github.com/antti/home-warehouse/go-backend/internal/domain/analytics/service.go:204.3,207.4 1 1
github.com/antti/home-warehouse/go-backend/internal/domain/analytics/service.go:209.2,209.20 1 1
github.com/antti/home-warehouse/go-backend/internal/domain/analytics/service.go:213.115,214.16 1 1
github.com/antti/home-warehouse/go-backend/internal/domain/analytics/service.go:214.16,216.3 1 1
github.com/antti/home-warehouse/go-backend/internal/domain/analytics/service.go:218.2,219.16 2 1
github.com/antti/home-warehouse/go-backend/internal/domain/analytics/service.go:219.16,221.3 1 1
github.com/antti/home-warehouse/go-backend/internal/domain/analytics/service.go:223.2,224.27 2 1
github.com/antti/home-warehouse/go-backend/internal/domain/analytics/service.go:224.27,232.3 1 1
github.com/antti/home-warehouse/go-backend/internal/domain/analytics/service.go:233.2,233.20 1 1
github.com/antti/home-warehouse/go-backend/internal/domain/analytics/service.go:237.134,239.16 2 1
github.com/antti/home-warehouse/go-backend/internal/domain/analytics/service.go:239.16,241.3 1 1
github.com/antti/home-warehouse/go-backend/internal/domain/analytics/service.go:243.2,244.27 2 1
github.com/antti/home-warehouse/go-backend/internal/domain/analytics/service.go:244.27,246.22 2 1
github.com/antti/home-warehouse/go-backend/internal/domain/analytics/service.go:246.22,248.4 1 1
github.com/antti/home-warehouse/go-backend/internal/domain/analytics/service.go:249.3,253.4 1 1
github.com/antti/home-warehouse/go-backend/internal/domain/analytics/service.go:255.2,255.20 1 1
github.com/antti/home-warehouse/go-backend/internal/domain/analytics/service.go:259.110,262.16 2 1
github.com/antti/home-warehouse/go-backend/internal/domain/analytics/service.go:262.16,264.3 1 1
github.com/antti/home-warehouse/go-backend/internal/domain/analytics/service.go:267.2,268.16 2 1
github.com/antti/home-warehouse/go-backend/internal/domain/analytics/service.go:268.16,270.3 1 1
github.com/antti/home-warehouse/go-backend/internal/domain/analytics/service.go:273.2,274.16 2 1
github.com/antti/home-warehouse/go-backend/internal/domain/analytics/service.go:274.16,276.3 1 1
github.com/antti/home-warehouse/go-backend/internal/domain/analytics/service.go:279.2,280.16 2 1
github.com/antti/home-warehouse/go-backend/internal/domain/analytics/service.go:280.16,282.3 1 1
github.com/antti/home-warehouse/go-backend/internal/domain/analytics/service.go:285.2,286.16 2 1
github.com/antti/home-warehouse/go-backend/internal/domain/analytics/service.go:286.16,288.3 1 1
github.com/antti/home-warehouse/go-backend/internal/domain/analytics/service.go:291.2,292.16 2 1
github.com/antti/home-warehouse/go-backend/internal/domain/analytics/service.go:292.16,294.3 1 1
github.com/antti/home-warehouse/go-backend/internal/domain/analytics/service.go:297.2,298.16 2 1
github.com/antti/home-warehouse/go-backend/internal/domain/analytics/service.go:298.16,300.3 1 1
github.com/antti/home-warehouse/go-backend/internal/domain/analytics/service.go:303.2,304.16 2 1
github.com/antti/home-warehouse/go-backend/internal/domain/analytics/service.go:304.16,306.3 1 1
github.com/antti/home-warehouse/go-backend/internal/domain/analytics/service.go:308.2,317.8 1 1
github.com/antti/home-warehouse/go-backend/internal/domain/analytics/service.go:321.58,326.2 1 1
github.com/antti/home-warehouse/go-backend/internal/domain/auth/member/entity.go:33.97,34.73 1 1
github.com/antti/home-warehouse/go-backend/internal/domain/auth/member/entity.go:34.73,36.3 1 1
github.com/antti/home-warehouse/go-backend/internal/domain/auth/member/entity.go:37.2,37.63 1 1
github.com/antti/home-warehouse/go-backend/internal/domain/auth/member/entity.go:37.63,39.3 1 1
github.com/antti/home-warehouse/go-backend/internal/domain/auth/member/entity.go:40.2,40.24 1 1
github.com/antti/home-warehouse/go-backend/internal/domain/auth/member/entity.go:40.24,42.3 1 1
github.com/antti/home-warehouse/go-backend/internal/domain/auth/member/entity.go:44.2,53.8 2 1
github.com/antti/home-warehouse/go-backend/internal/domain/auth/member/entity.go:62.11,72.2 1 1
github.com/antti/home-warehouse/go-backend/internal/domain/auth/member/entity.go:75.33,75.48 1 1
github.com/antti/home-warehouse/go-backend/internal/domain/auth/member/entity.go:78.42,78.66 1 1
github.com/antti/home-warehouse/go-backend/internal/domain/auth/member/entity.go:81.37,81.56 1 1
github.com/antti/home-warehouse/go-backend/internal/domain/auth/member/entity.go:84.30,84.47 1 1
github.com/antti/home-warehouse/go-backend/internal/domain/auth/member/entity.go:87.41,87.63 1 1
github.com/antti/home-warehouse/go-backend/internal/domain/auth/member/entity.go:90.40,90.62 1 1
github.com/antti/home-warehouse/go-backend/internal/domain/auth/member/entity.go:93.40,93.62 1 1
github.com/antti/home-warehouse/go-backend/internal/domain/auth/member/entity.go:96.49,97.27 1 1
github.com/antti/home-warehouse/go-backend/internal/domain/auth/member/entity.go:97.27,99.3 1 1
github.com/antti/home-warehouse/go-backend/internal/domain/auth/member/entity.go:100.2,102.12 3 1
github.com/antti/home-warehouse/go-backend/internal/domain/auth/member/entity.go:106.42,108.2 1 1
github.com/antti/home-warehouse/go-backend/internal/domain/auth/member/entity.go:111.40,113.2 1 1
github.com/antti/home-warehouse/go-backend/internal/domain/auth/member/entity.go:116.33,118.2 1 1
github.com/antti/home-warehouse/go-backend/internal/domain/auth/member/entity.go:121.34,122.14 1 1
github.com/antti/home-warehouse/go-backend/internal/domain/auth/member/entity.go:123.52,124.14 1 1
github.com/antti/home-warehouse/go-backend/internal/domain/auth/member/entity.go:125.10,126.15 1 1
github.com/antti/home-warehouse/go-backend/internal/domain/auth/member/handler.go:14.57,16.99 1 1
github.com/antti/home-warehouse/go-backend/internal/domain/auth/member/handler.go:16.99,18.10 2 1
github.com/antti/home-warehouse/go-backend/internal/domain/auth/member/handler.go:18.10,20.4 1 0
github.com/antti/home-warehouse/go-backend/internal/domain/auth/member/handler.go:22.3,23.17 2 1
github.com/antti/home-warehouse/go-backend/internal/domain/auth/member/handler.go:23.17,25.4 1 0
github.com/antti/home-warehouse/go-backend/internal/domain/auth/member/handler.go:27.3,28.29 2 1
github.com/antti/home-warehouse/go-backend/internal/domain/auth/member/handler.go:28.29,30.4 1 1
github.com/antti/home-warehouse/go-backend/internal/domain/auth/member/handler.go:32.3,34.9 1 1
github.com/antti/home-warehouse/go-backend/internal/domain/auth/member/handler.go:38.2,38.113 1 1
github.com/antti/home-warehouse/go-backend/internal/domain/auth/member/handler.go:38.113,40.10 2 1
github.com/antti/home-warehouse/go-backend/internal/domain/auth/member/handler.go:40.10,42.4 1 0
github.com/antti/home-warehouse/go-backend/internal/domain/auth/member/handler.go:44.3,45.34 2 1
github.com/antti/home-warehouse/go-backend/internal/domain/auth/member/handler.go:45.34,47.4 1 1
github.com/antti/home-warehouse/go-backend/internal/domain/auth/member/handler.go:49.3,51.9 1 1
github.com/antti/home-warehouse/go-backend/internal/domain/auth/member/handler.go:55.2,55.106 1 1
github.com/antti/home-warehouse/go-backend/internal/domain/auth/member/handler.go:55.106,57.10 2 1
github.com/antti/home-warehouse/go-backend/internal/domain/auth/member/handler.go:57.10,59.4 1 0
github.com/antti/home-warehouse/go-backend/internal/domain/auth/member/handler.go:61.3,62.10 2 1
github.com/antti/home-warehouse/go-backend/internal/domain/auth/member/handler.go:62.10,64.4 1 0
github.com/antti/home-warehouse/go-backend/internal/domain/auth/member/handler.go:66.3,72.17 2 1
github.com/antti/home-warehouse/go-backend/internal/domain/auth/member/handler.go:72.17,73.31 1 1
github.com/antti/home-warehouse/go-backend/internal/domain/auth/member/handler.go:73.31,75.5 1 1
github.com/antti/home-warehouse/go-backend/internal/domain/auth/member/handler.go:76.4,76.52 1 0
github.com/antti/home-warehouse/go-backend/internal/domain/auth/member/handler.go:79.3,81.9 1 1
github.com/antti/home-warehouse/go-backend/internal/domain/auth/member/handler.go:85.2,85.131 1 1
github.com/antti/home-warehouse/go-backend/internal/domain/auth/member/handler.go:85.131,87.10 2 1
github.com/antti/home-warehouse/go-backend/internal/domain/auth/member/handler.go:87.10,89.4 1 0
github.com/antti/home-warehouse/go-backend/internal/domain/auth/member/handler.go:91.3,92.10 2 1
github.com/antti/home-warehouse/go-backend/internal/domain/auth/member/handler.go:92.10,94.4 1 0
github.com/antti/home-warehouse/go-backend/internal/domain/auth/member/handler.go:96.3,102.17 2 1
github.com/antti/home-warehouse/go-backend/internal/domain/auth/member/handler.go:102.17,103.37 1 1
github.com/antti/home-warehouse/go-backend/internal/domain/auth/member/handler.go:103.37,105.5 1 1
github.com/antti/home-warehouse/go-backend/internal/domain/auth/member/handler.go:106.4,106.32 1 1
github.com/antti/home-warehouse/go-backend/internal/domain/auth/member/handler.go:106.32,108.5 1 1
github.com/antti/home-warehouse/go-backend/internal/domain/auth/member/handler.go:109.4,109.52 1 0
github.com/antti/home-warehouse/go-backend/internal/domain/auth/member/handler.go:112.3,114.9 1 1
github.com/antti/home-warehouse/go-backend/internal/domain/auth/member/handler.go:118.2,118.109 1 1
github.com/antti/home-warehouse/go-backend/internal/domain/auth/member/handler.go:118.109,120.10 2 1
github.com/antti/home-warehouse/go-backend/internal/domain/auth/member/handler.go:120.10,122.4 1 0
github.com/antti/home-warehouse/go-backend/internal/domain/auth/member/handler.go:124.3,128.17 2 1
github.com/antti/home-warehouse/go-backend/internal/domain/auth/member/handler.go:128.17,129.35 1 1
github.com/antti/home-warehouse/go-backend/internal/domain/auth/member/handler.go:129.35,131.5 1 1
github.com/antti/home-warehouse/go-backend/internal/domain/auth/member/handler.go:132.4,132.32 1 1
github.com/antti/home-warehouse/go-backend/internal/domain/auth/member/handler.go:132.32,134.5 1 1
github.com/antti/home-warehouse/go-backend/internal/domain/auth/member/handler.go:135.4,135.52 1 0
github.com/antti/home-warehouse/go-backend/internal/domain/auth/member/handler.go:138.3,138.18 1 1
github.com/antti/home-warehouse/go-backend/internal/domain/auth/member/handler.go:142.49,152.2 1 1
github.com/antti/home-warehouse/go-backend/internal/domain/auth/member/service.go:25.43,27.2 1 1
github.com/antti/home-warehouse/go-backend/internal/domain/auth/member/service.go:38.89,41.16 2 1
github.com/antti/home-warehouse/go-backend/internal/domain/auth/member/service.go:41.16,43.3 1 0
github.com/antti/home-warehouse/go-backend/internal/domain/auth/member/service.go:44.2,44.12 1 1
github.com/antti/home-warehouse/go-backend/internal/domain/auth/member/service.go:44.12,46.3 1 1
github.com/antti/home-warehouse/go-backend/internal/domain/auth/member/service.go:49.2,50.16 2 1
github.com/antti/home-warehouse/go-backend/internal/domain/auth/member/service.go:50.16,52.3 1 1
github.com/antti/home-warehouse/go-backend/internal/domain/auth/member/service.go:55.2,55.49 1 1
github.com/antti/home-warehouse/go-backend/internal/domain/auth/member/service.go:55.49,57.3 1 0
github.com/antti/home-warehouse/go-backend/internal/domain/auth/member/service.go:59.2,59.20 1 1
github.com/antti/home-warehouse/go-backend/internal/domain/auth/member/service.go:63.98,65.16 2 1
github.com/antti/home-warehouse/go-backend/internal/domain/auth/member/service.go:65.16,67.3 1 0
github.com/antti/home-warehouse/go-backend/internal/domain/auth/member/service.go:68.2,68.19 1 1
github.com/antti/home-warehouse/go-backend/internal/domain/auth/member/service.go:68.19,70.3 1 1
github.com/antti/home-warehouse/go-backend/internal/domain/auth/member/service.go:71.2,71.20 1 1
github.com/antti/home-warehouse/go-backend/internal/domain/auth/member/service.go:75.103,77.2 1 1
github.com/antti/home-warehouse/go-backend/internal/domain/auth/member/service.go:88.91,90.37 1 1
github.com/antti/home-warehouse/go-backend/internal/domain/auth/member/service.go:90.37,92.3 1 1
github.com/antti/home-warehouse/go-backend/internal/domain/auth/member/service.go:95.2,96.16 2 1
github.com/antti/home-warehouse/go-backend/internal/domain/auth/member/service.go:96.16,98.3 1 1
github.com/antti/home-warehouse/go-backend/internal/domain/auth/member/service.go:101.2,101.57 1 1
github.com/antti/home-warehouse/go-backend/internal/domain/auth/member/service.go:101.57,103.3 1 0
github.com/antti/home-warehouse/go-backend/internal/domain/auth/member/service.go:106.2,106.49 1 1
github.com/antti/home-warehouse/go-backend/internal/domain/auth/member/service.go:106.49,108.3 1 0
github.com/antti/home-warehouse/go-backend/internal/domain/auth/member/service.go:110.2,110.20 1 1
github.com/antti/home-warehouse/go-backend/internal/domain/auth/member/service.go:120.84,123.16 2 1
github.com/antti/home-warehouse/go-backend/internal/domain/auth/member/service.go:123.16,125.3 1 1
github.com/antti/home-warehouse/go-backend/internal/domain/auth/member/service.go:128.2,128.22 1 1
github.com/antti/home-warehouse/go-backend/internal/domain/auth/member/service.go:128.22,130.17 2 1
github.com/antti/home-warehouse/go-backend/internal/domain/auth/member/service.go:130.17,132.4 1 0
github.com/antti/home-warehouse/go-backend/internal/domain/auth/member/service.go:133.3,133.22 1 1
github.com/antti/home-warehouse/go-backend/internal/domain/auth/member/service.go:133.22,135.4 1 1
github.com/antti/home-warehouse/go-backend/internal/domain/auth/member/service.go:138.2,138.60 1 1
github.com/antti/home-warehouse/go-backend/internal/domain/auth/member/service.go:142.97,144.16 2 1
github.com/antti/home-warehouse/go-backend/internal/domain/auth/member/service.go:144.16,146.3 1 0
github.com/antti/home-warehouse/go-backend/internal/domain/auth/member/service.go:147.2,147.27 1 1
github.com/antti/home-warehouse/go-backend/internal/domain/batch/handler.go:24.57,26.99 1 1
github.com/antti/home-warehouse/go-backend/internal/domain/batch/handler.go:26.99,29.10 2 1
github.com/antti/home-warehouse/go-backend/internal/domain/batch/handler.go:29.10,31.4 1 0
github.com/antti/home-warehouse/go-backend/internal/domain/batch/handler.go:34.3,34.38 1 1
github.com/antti/home-warehouse/go-backend/internal/domain/batch/handler.go:34.38,36.4 1 1
github.com/antti/home-warehouse/go-backend/internal/domain/batch/handler.go:38.3,38.39 1 1
github.com/antti/home-warehouse/go-backend/internal/domain/batch/handler.go:38.39,40.4 1 1
github.com/antti/home-warehouse/go-backend/internal/domain/batch/handler.go:43.3,44.17 2 1
github.com/antti/home-warehouse/go-backend/internal/domain/batch/handler.go:44.17,46.4 1 1
github.com/antti/home-warehouse/go-backend/internal/domain/batch/handler.go:48.3,48.44 1 1
github.com/antti/home-warehouse/go-backend/internal/domain/batch/service.go:45.12,55.2 1 1
github.com/antti/home-warehouse/go-backend/internal/domain/batch/service.go:58.118,63.36 2 1
github.com/antti/home-warehouse/go-backend/internal/domain/batch/service.go:63.36,67.24 3 1
github.com/antti/home-warehouse/go-backend/internal/domain/batch/service.go:68.22,69.24 1 0
github.com/antti/home-warehouse/go-backend/internal/domain/batch/service.go:70.20,71.21 1 1
github.com/antti/home-warehouse/go-backend/internal/domain/batch/service.go:72.23,73.24 1 0
github.com/antti/home-warehouse/go-backend/internal/domain/batch/service.go:77.2,77.22 1 1
github.com/antti/home-warehouse/go-backend/internal/domain/batch/service.go:81.121,83.29 1 1
github.com/antti/home-warehouse/go-backend/internal/domain/batch/service.go:83.29,91.3 2 1
github.com/antti/home-warehouse/go-backend/internal/domain/batch/service.go:93.2,93.30 1 1
github.com/antti/home-warehouse/go-backend/internal/domain/batch/service.go:93.30,101.3 2 1
github.com/antti/home-warehouse/go-backend/internal/domain/batch/service.go:104.2,104.23 1 1
github.com/antti/home-warehouse/go-backend/internal/domain/batch/service.go:105.18,106.61 1 0
github.com/antti/home-warehouse/go-backend/internal/domain/batch/service.go:107.22,108.65 1 0
github.com/antti/home-warehouse/go-backend/internal/domain/batch/service.go:109.23,110.66 1 0
github.com/antti/home-warehouse/go-backend/internal/domain/batch/service.go:111.22,112.65 1 0
github.com/antti/home-warehouse/go-backend/internal/domain/batch/service.go:113.19,114.62 1 0
github.com/antti/home-warehouse/go-backend/internal/domain/batch/service.go:115.21,116.64 1 0
github.com/antti/home-warehouse/go-backend/internal/domain/batch/service.go:117.10,124.4 2 1
github.com/antti/home-warehouse/go-backend/internal/domain/batch/service.go:129.125,130.22 1 0
github.com/antti/home-warehouse/go-backend/internal/domain/batch/service.go:131.23,132.25 1 0
github.com/antti/home-warehouse/go-backend/internal/domain/batch/service.go:132.25,134.4 1 0
github.com/antti/home-warehouse/go-backend/internal/domain/batch/service.go:137.3,138.17 2 0
github.com/antti/home-warehouse/go-backend/internal/domain/batch/service.go:138.17,140.4 1 0
github.com/antti/home-warehouse/go-backend/internal/domain/batch/service.go:142.3,142.71 1 0
github.com/antti/home-warehouse/go-backend/internal/domain/batch/service.go:142.71,145.4 2 0
github.com/antti/home-warehouse/go-backend/internal/domain/batch/service.go:148.3,149.62 2 0
github.com/antti/home-warehouse/go-backend/internal/domain/batch/service.go:149.62,151.4 1 0
github.com/antti/home-warehouse/go-backend/internal/domain/batch/service.go:154.3,155.17 2 0
github.com/antti/home-warehouse/go-backend/internal/domain/batch/service.go:155.17,157.4 1 0
github.com/antti/home-warehouse/go-backend/internal/domain/batch/service.go:159.3,160.35 2 0
github.com/antti/home-warehouse/go-backend/internal/domain/batch/service.go:162.23,163.25 1 0
github.com/antti/home-warehouse/go-backend/internal/domain/batch/service.go:163.25,165.4 1 0
github.com/antti/home-warehouse/go-backend/internal/domain/batch/service.go:167.3,167.75 1 0
github.com/antti/home-warehouse/go-backend/internal/domain/batch/service.go:167.75,169.4 1 0
github.com/antti/home-warehouse/go-backend/internal/domain/batch/service.go:171.3,171.43 1 0
github.com/antti/home-warehouse/go-backend/internal/domain/batch/service.go:173.10,174.96 1 0
github.com/antti/home-warehouse/go-backend/internal/domain/batch/service.go:179.129,180.22 1 0
github.com/antti/home-warehouse/go-backend/internal/domain/batch/service.go:181.23,182.25 1 0
github.com/antti/home-warehouse/go-backend/internal/domain/batch/service.go:182.25,184.4 1 0
github.com/antti/home-warehouse/go-backend/internal/domain/batch/service.go:186.3,187.17 2 0
github.com/antti/home-warehouse/go-backend/internal/domain/batch/service.go:187.17,189.4 1 0
github.com/antti/home-warehouse/go-backend/internal/domain/batch/service.go:191.3,191.71 1 0
github.com/antti/home-warehouse/go-backend/internal/domain/batch/service.go:191.71,194.4 2 0
github.com/antti/home-warehouse/go-backend/internal/domain/batch/service.go:196.3,197.62 2 0
github.com/antti/home-warehouse/go-backend/internal/domain/batch/service.go:197.62,199.4 1 0
github.com/antti/home-warehouse/go-backend/internal/domain/batch/service.go:201.3,202.17 2 0
github.com/antti/home-warehouse/go-backend/internal/domain/batch/service.go:202.17,204.4 1 0
github.com/antti/home-warehouse/go-backend/internal/domain/batch/service.go:206.3,207.35 2 0
github.com/antti/home-warehouse/go-backend/internal/domain/batch/service.go:209.23,210.25 1 0
github.com/antti/home-warehouse/go-backend/internal/domain/batch/service.go:210.25,212.4 1 0
github.com/antti/home-warehouse/go-backend/internal/domain/batch/service.go:214.3,214.79 1 0
github.com/antti/home-warehouse/go-backend/internal/domain/batch/service.go:214.79,216.4 1 0
github.com/antti/home-warehouse/go-backend/internal/domain/batch/service.go:218.3,218.43 1 0
github.com/antti/home-warehouse/go-backend/internal/domain/batch/service.go:220.10,221.100 1 0
github.com/antti/home-warehouse/go-backend/internal/domain/batch/service.go:226.130,227.22 1 0
github.com/antti/home-warehouse/go-backend/internal/domain/batch/service.go:228.23,229.25 1 0
github.com/antti/home-warehouse/go-backend/internal/domain/batch/service.go:229.25,231.4 1 0
github.com/antti/home-warehouse/go-backend/internal/domain/batch/service.go:233.3,234.17 2 0
github.com/antti/home-warehouse/go-backend/internal/domain/batch/service.go:234.17,236.4 1 0
github.com/antti/home-warehouse/go-backend/internal/domain/batch/service.go:238.3,238.71 1 0
github.com/antti/home-warehouse/go-backend/internal/domain/batch/service.go:238.71,241.4 2 0
github.com/antti/home-warehouse/go-backend/internal/domain/batch/service.go:243.3,244.62 2 0
github.com/antti/home-warehouse/go-backend/internal/domain/batch/service.go:244.62,246.4 1 0
github.com/antti/home-warehouse/go-backend/internal/domain/batch/service.go:248.3,249.17 2 0
github.com/antti/home-warehouse/go-backend/internal/domain/batch/service.go:249.17,251.4 1 0
github.com/antti/home-warehouse/go-backend/internal/domain/batch/service.go:253.3,254.35 2 0
github.com/antti/home-warehouse/go-backend/internal/domain/batch/service.go:256.23,257.25 1 0
github.com/antti/home-warehouse/go-backend/internal/domain/batch/service.go:257.25,259.4 1 0
github.com/antti/home-warehouse/go-backend/internal/domain/batch/service.go:261.3,261.80 1 0
github.com/antti/home-warehouse/go-backend/internal/domain/batch/service.go:261.80,263.4 1 0
github.com/antti/home-warehouse/go-backend/internal/domain/batch/service.go:265.3,265.43 1 0
github.com/antti/home-warehouse/go-backend/internal/domain/batch/service.go:267.10,268.101 1 0
github.com/antti/home-warehouse/go-backend/internal/domain/batch/service.go:273.129,274.22 1 0
github.com/antti/home-warehouse/go-backend/internal/domain/batch/service.go:275.23,276.25 1 0
github.com/antti/home-warehouse/go-backend/internal/domain/batch/service.go:276.25,278.4 1 0
github.com/antti/home-warehouse/go-backend/internal/domain/batch/service.go:280.3,281.17 2 0
github.com/antti/home-warehouse/go-backend/internal/domain/batch/service.go:281.17,283.4 1 0
github.com/antti/home-warehouse/go-backend/internal/domain/batch/service.go:285.3,285.71 1 0
github.com/antti/home-warehouse/go-backend/internal/domain/batch/service.go:285.71,288.4 2 0
github.com/antti/home-warehouse/go-backend/internal/domain/batch/service.go:290.3,291.62 2 0
github.com/antti/home-warehouse/go-backend/internal/domain/batch/service.go:291.62,293.4 1 0
github.com/antti/home-warehouse/go-backend/internal/domain/batch/service.go:295.3,296.17 2 0
github.com/antti/home-warehouse/go-backend/internal/domain/batch/service.go:296.17,298.4 1 0
github.com/antti/home-warehouse/go-backend/internal/domain/batch/service.go:300.3,301.35 2 0
github.com/antti/home-warehouse/go-backend/internal/domain/batch/service.go:303.23,304.25 1 0
github.com/antti/home-warehouse/go-backend/internal/domain/batch/service.go:304.25,306.4 1 0
github.com/antti/home-warehouse/go-backend/internal/domain/batch/service.go:308.3,308.79 1 0
github.com/antti/home-warehouse/go-backend/internal/domain/batch/service.go:308.79,310.4 1 0
github.com/antti/home-warehouse/go-backend/internal/domain/batch/service.go:312.3,312.43 1 0
github.com/antti/home-warehouse/go-backend/internal/domain/batch/service.go:314.10,315.101 1 0
github.com/antti/home-warehouse/go-backend/internal/domain/batch/service.go:320.126,321.22 1 0
github.com/antti/home-warehouse/go-backend/internal/domain/batch/service.go:322.23,323.25 1 0
github.com/antti/home-warehouse/go-backend/internal/domain/batch/service.go:323.25,325.4 1 0
github.com/antti/home-warehouse/go-backend/internal/domain/batch/service.go:327.3,328.17 2 0
github.com/antti/home-warehouse/go-backend/internal/domain/batch/service.go:328.17,330.4 1 0
github.com/antti/home-warehouse/go-backend/internal/domain/batch/service.go:332.3,332.71 1 0
github.com/antti/home-warehouse/go-backend/internal/domain/batch/service.go:332.71,335.4 2 0
github.com/antti/home-warehouse/go-backend/internal/domain/batch/service.go:337.3,338.62 2 0
github.com/antti/home-warehouse/go-backend/internal/domain/batch/service.go:338.62,340.4 1 0
github.com/antti/home-warehouse/go-backend/internal/domain/batch/service.go:342.3,343.17 2 0
github.com/antti/home-warehouse/go-backend/internal/domain/batch/service.go:343.17,345.4 1 0
github.com/antti/home-warehouse/go-backend/internal/domain/batch/service.go:347.3,348.35 2 0
github.com/antti/home-warehouse/go-backend/internal/domain/batch/service.go:350.23,351.25 1 0
github.com/antti/home-warehouse/go-backend/internal/domain/batch/service.go:351.25,353.4 1 0
github.com/antti/home-warehouse/go-backend/internal/domain/batch/service.go:355.3,355.76 1 0
github.com/antti/home-warehouse/go-backend/internal/domain/batch/service.go:355.76,357.4 1 0
github.com/antti/home-warehouse/go-backend/internal/domain/batch/service.go:359.3,359.43 1 0
github.com/antti/home-warehouse/go-backend/internal/domain/batch/service.go:361.10,362.97 1 0
github.com/antti/home-warehouse/go-backend/internal/domain/batch/service.go:367.128,368.22 1 0
github.com/antti/home-warehouse/go-backend/internal/domain/batch/service.go:369.23,370.25 1 0
github.com/antti/home-warehouse/go-backend/internal/domain/batch/service.go:370.25,372.4 1 0
github.com/antti/home-warehouse/go-backend/internal/domain/batch/service.go:374.3,375.17 2 0
github.com/antti/home-warehouse/go-backend/internal/domain/batch/service.go:375.17,377.4 1 0
github.com/antti/home-warehouse/go-backend/internal/domain/batch/service.go:379.3,379.71 1 0
github.com/antti/home-warehouse/go-backend/internal/domain/batch/service.go:379.71,382.4 2 0
github.com/antti/home-warehouse/go-backend/internal/domain/batch/service.go:384.3,385.62 2 0
github.com/antti/home-warehouse/go-backend/internal/domain/batch/service.go:385.62,387.4 1 0
github.com/antti/home-warehouse/go-backend/internal/domain/batch/service.go:389.3,390.17 2 0
github.com/antti/home-warehouse/go-backend/internal/domain/batch/service.go:390.17,392.4 1 0
github.com/antti/home-warehouse/go-backend/internal/domain/batch/service.go:394.3,395.35 2 0
github.com/antti/home-warehouse/go-backend/internal/domain/batch/service.go:397.23,398.25 1 0
github.com/antti/home-warehouse/go-backend/internal/domain/batch/service.go:398.25,400.4 1 0
github.com/antti/home-warehouse/go-backend/internal/domain/batch/service.go:402.3,402.78 1 0
github.com/antti/home-warehouse/go-backend/internal/domain/batch/service.go:402.78,404.4 1 0
github.com/antti/home-warehouse/go-backend/internal/domain/batch/service.go:406.3,406.43 1 0
github.com/antti/home-warehouse/go-backend/internal/domain/batch/service.go:408.10,409.100 1 0
github.com/antti/home-warehouse/go-backend/internal/domain/batch/service.go:415.68,421.2 1 1
github.com/antti/home-warehouse/go-backend/internal/domain/batch/service.go:423.67,430.2 1 1
github.com/antti/home-warehouse/go-backend/internal/domain/batch/service.go:432.98,440.2 1 1
github.com/antti/home-warehouse/go-backend/internal/domain/batch/service.go:442.57,444.16 2 1
github.com/antti/home-warehouse/go-backend/internal/domain/batch/service.go:444.16,446.3 1 0
github.com/antti/home-warehouse/go-backend/internal/domain/batch/service.go:447.2,448.13 2 1
github.com/antti/home-warehouse/go-backend/internal/domain/batch/service.go:451.34,453.2 1 1
github.com/antti/home-warehouse/go-backend/internal/domain/batch/service.go:456.69,458.2 1 1
github.com/antti/home-warehouse/go-backend/internal/domain/batch/types.go:20.39,21.11 1 1
github.com/antti/home-warehouse/go-backend/internal/domain/batch/types.go:22.57,23.14 1 1
github.com/antti/home-warehouse/go-backend/internal/domain/batch/types.go:25.2,25.14 1 1
github.com/antti/home-warehouse/go-backend/internal/domain/batch/types.go:44.36,45.11 1 1
github.com/antti/home-warehouse/go-backend/internal/domain/batch/types.go:47.74,48.14 1 1
github.com/antti/home-warehouse/go-backend/internal/domain/batch/types.go:50.2,50.14 1 1
github.com/antti/home-warehouse/go-backend/internal/domain/barcode/handler.go:10.57,12.107 1 1
github.com/antti/home-warehouse/go-backend/internal/domain/barcode/handler.go:12.107,14.17 2 1
github.com/antti/home-warehouse/go-backend/internal/domain/barcode/handler.go:14.17,16.4 1 1
github.com/antti/home-warehouse/go-backend/internal/domain/barcode/handler.go:18.3,27.9 1 1
github.com/antti/home-warehouse/go-backend/internal/domain/barcode/service.go:32.28,36.2 1 1
github.com/antti/home-warehouse/go-backend/internal/domain/barcode/service.go:40.81,42.86 1 1
github.com/antti/home-warehouse/go-backend/internal/domain/barcode/service.go:42.86,44.3 1 0
github.com/antti/home-warehouse/go-backend/internal/domain/barcode/service.go:47.2,47.87 1 1
github.com/antti/home-warehouse/go-backend/internal/domain/barcode/service.go:47.87,49.3 1 0
github.com/antti/home-warehouse/go-backend/internal/domain/barcode/service.go:52.2,52.54 1 1
github.com/antti/home-warehouse/go-backend/internal/domain/barcode/service.go:67.94,71.16 3 1
github.com/antti/home-warehouse/go-backend/internal/domain/barcode/service.go:71.16,73.3 1 0
github.com/antti/home-warehouse/go-backend/internal/domain/barcode/service.go:74.2,77.16 3 1
github.com/antti/home-warehouse/go-backend/internal/domain/barcode/service.go:77.16,79.3 1 1
github.com/antti/home-warehouse/go-backend/internal/domain/barcode/service.go:80.2,82.38 2 0
github.com/antti/home-warehouse/go-backend/internal/domain/barcode/service.go:82.38,84.3 1 0
github.com/antti/home-warehouse/go-backend/internal/domain/barcode/service.go:86.2,87.67 2 0
github.com/antti/home-warehouse/go-backend/internal/domain/barcode/service.go:87.67,89.3 1 0
github.com/antti/home-warehouse/go-backend/internal/domain/barcode/service.go:91.2,91.60 1 0
github.com/antti/home-warehouse/go-backend/internal/domain/barcode/service.go:91.60,93.3 1 0
github.com/antti/home-warehouse/go-backend/internal/domain/barcode/service.go:95.2,102.8 1 0
github.com/antti/home-warehouse/go-backend/internal/domain/barcode/service.go:120.95,124.16 3 1
github.com/antti/home-warehouse/go-backend/internal/domain/barcode/service.go:124.16,126.3 1 0
github.com/antti/home-warehouse/go-backend/internal/domain/barcode/service.go:127.2,130.16 3 1
github.com/antti/home-warehouse/go-backend/internal/domain/barcode/service.go:130.16,132.3 1 1
github.com/antti/home-warehouse/go-backend/internal/domain/barcode/service.go:133.2,135.38 2 0
github.com/antti/home-warehouse/go-backend/internal/domain/barcode/service.go:135.38,137.3 1 0
github.com/antti/home-warehouse/go-backend/internal/domain/barcode/service.go:139.2,140.67 2 0
github.com/antti/home-warehouse/go-backend/internal/domain/barcode/service.go:140.67,142.3 1 0
github.com/antti/home-warehouse/go-backend/internal/domain/barcode/service.go:144.2,144.60 1 0
github.com/antti/home-warehouse/go-backend/internal/domain/barcode/service.go:144.60,146.3 1 0
github.com/antti/home-warehouse/go-backend/internal/domain/barcode/service.go:148.2,155.8 1 0
github.com/antti/home-warehouse/go-backend/internal/domain/barcode/service.go:159.44,160.13 1 1
github.com/antti/home-warehouse/go-backend/internal/domain/barcode/service.go:160.13,162.3 1 1
github.com/antti/home-warehouse/go-backend/internal/domain/barcode/service.go:163.2,163.11 1 1
github.com/antti/home-warehouse/go-backend/internal/domain/importexport/handler.go:20.48,22.2 1 1
github.com/antti/home-warehouse/go-backend/internal/domain/importexport/handler.go:55.48,74.2 2 1
github.com/antti/home-warehouse/go-backend/internal/domain/importexport/handler.go:77.94,79.9 2 1
github.com/antti/home-warehouse/go-backend/internal/domain/importexport/handler.go:79.9,81.3 1 0
github.com/antti/home-warehouse/go-backend/internal/domain/importexport/handler.go:84.2,85.27 2 1
github.com/antti/home-warehouse/go-backend/internal/domain/importexport/handler.go:85.27,87.3 1 1
github.com/antti/home-warehouse/go-backend/internal/domain/importexport/handler.go:90.2,91.23 2 1
github.com/antti/home-warehouse/go-backend/internal/domain/importexport/handler.go:91.23,93.3 1 1
github.com/antti/home-warehouse/go-backend/internal/domain/importexport/handler.go:96.2,102.16 2 1
github.com/antti/home-warehouse/go-backend/internal/domain/importexport/handler.go:102.16,104.3 1 1
github.com/antti/home-warehouse/go-backend/internal/domain/importexport/handler.go:107.2,109.26 3 1
github.com/antti/home-warehouse/go-backend/internal/domain/importexport/handler.go:109.26,112.3 2 1
github.com/antti/home-warehouse/go-backend/internal/domain/importexport/handler.go:114.2,120.8 2 1
github.com/antti/home-warehouse/go-backend/internal/domain/importexport/handler.go:124.94,126.9 2 1
github.com/antti/home-warehouse/go-backend/internal/domain/importexport/handler.go:126.9,128.3 1 0
github.com/antti/home-warehouse/go-backend/internal/domain/importexport/handler.go:131.2,132.27 2 1
github.com/antti/home-warehouse/go-backend/internal/domain/importexport/handler.go:132.27,134.3 1 1
github.com/antti/home-warehouse/go-backend/internal/domain/importexport/handler.go:137.2,138.23 2 1
github.com/antti/home-warehouse/go-backend/internal/domain/importexport/handler.go:138.23,140.3 1 1
github.com/antti/home-warehouse/go-backend/internal/domain/importexport/handler.go:143.2,144.16 2 1
github.com/antti/home-warehouse/go-backend/internal/domain/importexport/handler.go:144.16,146.3 1 1
github.com/antti/home-warehouse/go-backend/internal/domain/importexport/handler.go:148.2,148.20 1 1
github.com/antti/home-warehouse/go-backend/internal/domain/importexport/handler.go:148.20,150.3 1 1
github.com/antti/home-warehouse/go-backend/internal/domain/importexport/handler.go:153.2,154.16 2 1
github.com/antti/home-warehouse/go-backend/internal/domain/importexport/handler.go:154.16,156.3 1 1
github.com/antti/home-warehouse/go-backend/internal/domain/importexport/handler.go:158.2,158.44 1 1
github.com/antti/home-warehouse/go-backend/internal/domain/importexport/service.go:64.43,66.2 1 1
github.com/antti/home-warehouse/go-backend/internal/domain/importexport/service.go:69.100,74.25 4 1
github.com/antti/home-warehouse/go-backend/internal/domain/importexport/service.go:75.22,76.80 1 1
github.com/antti/home-warehouse/go-backend/internal/domain/importexport/service.go:77.26,78.84 1 1
github.com/antti/home-warehouse/go-backend/internal/domain/importexport/service.go:79.26,80.85 1 1
github.com/antti/home-warehouse/go-backend/internal/domain/importexport/service.go:81.27,82.85 1 1
github.com/antti/home-warehouse/go-backend/internal/domain/importexport/service.go:83.23,84.81 1 1
github.com/antti/home-warehouse/go-backend/internal/domain/importexport/service.go:85.25,86.84 1 1
github.com/antti/home-warehouse/go-backend/internal/domain/importexport/service.go:87.26,88.84 1 1
github.com/antti/home-warehouse/go-backend/internal/domain/importexport/service.go:89.10,90.78 1 1
github.com/antti/home-warehouse/go-backend/internal/domain/importexport/service.go:93.2,93.16 1 1
github.com/antti/home-warehouse/go-backend/internal/domain/importexport/service.go:93.16,95.3 1 1
github.com/antti/home-warehouse/go-backend/internal/domain/importexport/service.go:97.2,98.21 2 1
github.com/antti/home-warehouse/go-backend/internal/domain/importexport/service.go:99.18,100.52 1 1
github.com/antti/home-warehouse/go-backend/internal/domain/importexport/service.go:101.17,102.48 1 1
github.com/antti/home-warehouse/go-backend/internal/domain/importexport/service.go:103.10,104.69 1 1
github.com/antti/home-warehouse/go-backend/internal/domain/importexport/service.go:107.2,107.16 1 1
github.com/antti/home-warehouse/go-backend/internal/domain/importexport/service.go:107.16,109.3 1 0
github.com/antti/home-warehouse/go-backend/internal/domain/importexport/service.go:111.2,119.31 2 1
github.com/antti/home-warehouse/go-backend/internal/domain/importexport/service.go:123.144,131.16 4 1
github.com/antti/home-warehouse/go-backend/internal/domain/importexport/service.go:132.18,133.32 1 1
github.com/antti/home-warehouse/go-backend/internal/domain/importexport/service.go:134.17,135.31 1 1
github.com/antti/home-warehouse/go-backend/internal/domain/importexport/service.go:136.10,137.59 1 1
github.com/antti/home-warehouse/go-backend/internal/domain/importexport/service.go:140.2,140.16 1 1
github.com/antti/home-warehouse/go-backend/internal/domain/importexport/service.go:140.16,142.3 1 1
github.com/antti/home-warehouse/go-backend/internal/domain/importexport/service.go:144.2,146.27 2 1
github.com/antti/home-warehouse/go-backend/internal/domain/importexport/service.go:146.27,148.80 2 1
github.com/antti/home-warehouse/go-backend/internal/domain/importexport/service.go:148.80,155.4 2 1
github.com/antti/home-warehouse/go-backend/internal/domain/importexport/service.go:155.9,157.4 1 1
github.com/antti/home-warehouse/go-backend/internal/domain/importexport/service.go:160.2,160.20 1 1
github.com/antti/home-warehouse/go-backend/internal/domain/importexport/service.go:165.124,167.16 2 1
github.com/antti/home-warehouse/go-backend/internal/domain/importexport/service.go:167.16,169.3 1 1
github.com/antti/home-warehouse/go-backend/internal/domain/importexport/service.go:171.2,172.29 2 1
github.com/antti/home-warehouse/go-backend/internal/domain/importexport/service.go:172.29,188.3 1 1
github.com/antti/home-warehouse/go-backend/internal/domain/importexport/service.go:189.2,189.32 1 1
github.com/antti/home-warehouse/go-backend/internal/domain/importexport/service.go:192.132,194.16 2 1
github.com/antti/home-warehouse/go-backend/internal/domain/importexport/service.go:194.16,196.3 1 0
github.com/antti/home-warehouse/go-backend/internal/domain/importexport/service.go:198.2,199.32 2 1
github.com/antti/home-warehouse/go-backend/internal/domain/importexport/service.go:199.32,212.3 1 1
github.com/antti/home-warehouse/go-backend/internal/domain/importexport/service.go:213.2,213.36 1 1
github.com/antti/home-warehouse/go-backend/internal/domain/importexport/service.go:216.133,218.16 2 1
github.com/antti/home-warehouse/go-backend/internal/domain/importexport/service.go:218.16,220.3 1 0
github.com/antti/home-warehouse/go-backend/internal/domain/importexport/service.go:222.2,223.33 2 1
github.com/antti/home-warehouse/go-backend/internal/domain/importexport/service.go:223.33,232.3 1 1
github.com/antti/home-warehouse/go-backend/internal/domain/importexport/service.go:233.2,233.37 1 1
github.com/antti/home-warehouse/go-backend/internal/domain/importexport/service.go:236.134,238.16 2 1
github.com/antti/home-warehouse/go-backend/internal/domain/importexport/service.go:238.16,240.3 1 0
github.com/antti/home-warehouse/go-backend/internal/domain/importexport/service.go:242.2,243.31 2 1
github.com/antti/home-warehouse/go-backend/internal/domain/importexport/service.go:243.31,254.3 1 1
github.com/antti/home-warehouse/go-backend/internal/domain/importexport/service.go:255.2,255.37 1 1
github.com/antti/home-warehouse/go-backend/internal/domain/importexport/service.go:258.126,260.16 2 1
github.com/antti/home-warehouse/go-backend/internal/domain/importexport/service.go:260.16,262.3 1 0
github.com/antti/home-warehouse/go-backend/internal/domain/importexport/service.go:264.2,265.27 2 1
github.com/antti/home-warehouse/go-backend/internal/domain/importexport/service.go:265.27,275.3 1 1
github.com/antti/home-warehouse/go-backend/internal/domain/importexport/service.go:276.2,276.33 1 1
github.com/antti/home-warehouse/go-backend/internal/domain/importexport/service.go:279.131,281.16 2 1
github.com/antti/home-warehouse/go-backend/internal/domain/importexport/service.go:281.16,283.3 1 0
github.com/antti/home-warehouse/go-backend/internal/domain/importexport/service.go:285.2,286.30 2 1
github.com/antti/home-warehouse/go-backend/internal/domain/importexport/service.go:286.30,296.3 1 1
github.com/antti/home-warehouse/go-backend/internal/domain/importexport/service.go:297.2,297.36 1 1
github.com/antti/home-warehouse/go-backend/internal/domain/importexport/service.go:300.132,302.16 2 1
[...]
github.com/antti/home-warehouse/go-backend/internal/domain/auth/user/entity.go:124.20,126.3 1 1
github.com/antti/home-warehouse/go-backend/internal/domain/auth/user/entity.go:127.2,129.12 3 1
github.com/antti/home-warehouse/go-backend/internal/domain/auth/user/entity.go:133.57,134.26 1 1
github.com/antti/home-warehouse/go-backend/internal/domain/auth/user/entity.go:134.26,136.3 1 1
github.com/antti/home-warehouse/go-backend/internal/domain/auth/user/entity.go:138.2,139.16 2 1
github.com/antti/home-warehouse/go-backend/internal/domain/auth/user/entity.go:139.16,141.3 1 0
github.com/antti/home-warehouse/go-backend/internal/domain/auth/user/entity.go:143.2,145.12 3 1
github.com/antti/home-warehouse/go-backend/internal/domain/auth/user/entity.go:149.70,150.22 1 1
github.com/antti/home-warehouse/go-backend/internal/domain/auth/user/entity.go:150.22,152.3 1 1
github.com/antti/home-warehouse/go-backend/internal/domain/auth/user/entity.go:153.2,153.20 1 1
github.com/antti/home-warehouse/go-backend/internal/domain/auth/user/entity.go:153.20,155.3 1 1
github.com/antti/home-warehouse/go-backend/internal/domain/auth/user/entity.go:156.2,156.17 1 1
github.com/antti/home-warehouse/go-backend/internal/domain/auth/user/entity.go:156.17,158.3 1 1
github.com/antti/home-warehouse/go-backend/internal/domain/auth/user/entity.go:159.2,159.26 1 1
github.com/antti/home-warehouse/go-backend/internal/domain/auth/user/entity.go:163.29,166.2 2 1
github.com/antti/home-warehouse/go-backend/internal/domain/auth/user/entity.go:169.27,172.2 2 1
github.com/antti/home-warehouse/go-backend/internal/domain/auth/user/handler.go:22.73,27.2 1 1
github.com/antti/home-warehouse/go-backend/internal/domain/auth/user/handler.go:30.54,34.2 3 1
github.com/antti/home-warehouse/go-backend/internal/domain/auth/user/handler.go:37.57,42.2 4 1
github.com/antti/home-warehouse/go-backend/internal/domain/auth/user/handler.go:45.53,50.2 4 1
github.com/antti/home-warehouse/go-backend/internal/domain/auth/user/handler.go:52.96,58.16 2 1
github.com/antti/home-warehouse/go-backend/internal/domain/auth/user/handler.go:58.16,59.34 1 1
github.com/antti/home-warehouse/go-backend/internal/domain/auth/user/handler.go:59.34,61.4 1 1
github.com/antti/home-warehouse/go-backend/internal/domain/auth/user/handler.go:62.3,62.33 1 0
github.com/antti/home-warehouse/go-backend/internal/domain/auth/user/handler.go:62.33,64.4 1 0
github.com/antti/home-warehouse/go-backend/internal/domain/auth/user/handler.go:65.3,65.72 1 0
github.com/antti/home-warehouse/go-backend/internal/domain/auth/user/handler.go:68.2,77.8 1 1
github.com/antti/home-warehouse/go-backend/internal/domain/auth/user/handler.go:80.87,82.16 2 1
github.com/antti/home-warehouse/go-backend/internal/domain/auth/user/handler.go:82.16,84.3 1 1
github.com/antti/home-warehouse/go-backend/internal/domain/auth/user/handler.go:86.2,87.16 2 1
github.com/antti/home-warehouse/go-backend/internal/domain/auth/user/handler.go:87.16,89.3 1 0
github.com/antti/home-warehouse/go-backend/internal/domain/auth/user/handler.go:91.2,92.16 2 1
github.com/antti/home-warehouse/go-backend/internal/domain/auth/user/handler.go:92.16,94.3 1 0
github.com/antti/home-warehouse/go-backend/internal/domain/auth/user/handler.go:96.2,109.8 1 1
github.com/antti/home-warehouse/go-backend/internal/domain/auth/user/handler.go:112.108,114.16 2 1
github.com/antti/home-warehouse/go-backend/internal/domain/auth/user/handler.go:114.16,115.33 1 1
github.com/antti/home-warehouse/go-backend/internal/domain/auth/user/handler.go:115.33,117.4 1 0
github.com/antti/home-warehouse/go-backend/internal/domain/auth/user/handler.go:118.3,118.65 1 1
github.com/antti/home-warehouse/go-backend/internal/domain/auth/user/handler.go:121.2,122.16 2 1
github.com/antti/home-warehouse/go-backend/internal/domain/auth/user/handler.go:122.16,124.3 1 0
github.com/antti/home-warehouse/go-backend/internal/domain/auth/user/handler.go:126.2,126.22 1 1
github.com/antti/home-warehouse/go-backend/internal/domain/auth/user/handler.go:126.22,128.3 1 1
github.com/antti/home-warehouse/go-backend/internal/domain/auth/user/handler.go:130.2,131.16 2 1
github.com/antti/home-warehouse/go-backend/internal/domain/auth/user/handler.go:131.16,133.3 1 0
github.com/antti/home-warehouse/go-backend/internal/domain/auth/user/handler.go:135.2,136.16 2 1
github.com/antti/home-warehouse/go-backend/internal/domain/auth/user/handler.go:136.16,138.3 1 0
github.com/antti/home-warehouse/go-backend/internal/domain/auth/user/handler.go:140.2,145.8 1 1
github.com/antti/home-warehouse/go-backend/internal/domain/auth/user/handler.go:148.85,150.9 2 1
github.com/antti/home-warehouse/go-backend/internal/domain/auth/user/handler.go:150.9,152.3 1 0
github.com/antti/home-warehouse/go-backend/internal/domain/auth/user/handler.go:154.2,155.16 2 1
github.com/antti/home-warehouse/go-backend/internal/domain/auth/user/handler.go:155.16,157.3 1 1
github.com/antti/home-warehouse/go-backend/internal/domain/auth/user/handler.go:159.2,168.8 1 1
github.com/antti/home-warehouse/go-backend/internal/domain/auth/user/handler.go:171.96,173.9 2 1
github.com/antti/home-warehouse/go-backend/internal/domain/auth/user/handler.go:173.9,175.3 1 0
github.com/antti/home-warehouse/go-backend/internal/domain/auth/user/handler.go:177.2,180.16 2 1
github.com/antti/home-warehouse/go-backend/internal/domain/auth/user/handler.go:180.16,182.3 1 0
github.com/antti/home-warehouse/go-backend/internal/domain/auth/user/handler.go:184.2,193.8 1 1
github.com/antti/home-warehouse/go-backend/internal/domain/auth/user/handler.go:196.102,198.9 2 1
github.com/antti/home-warehouse/go-backend/internal/domain/auth/user/handler.go:198.9,200.3 1 0
github.com/antti/home-warehouse/go-backend/internal/domain/auth/user/handler.go:202.2,203.16 2 1
github.com/antti/home-warehouse/go-backend/internal/domain/auth/user/handler.go:203.16,204.32 1 1
github.com/antti/home-warehouse/go-backend/internal/domain/auth/user/handler.go:204.32,206.4 1 1
github.com/antti/home-warehouse/go-backend/internal/domain/auth/user/handler.go:207.3,207.51 1 0
github.com/antti/home-warehouse/go-backend/internal/domain/auth/user/handler.go:210.2,210.17 1 1
github.com/antti/home-warehouse/go-backend/internal/domain/auth/user/handler.go:213.115,215.9 2 1
github.com/antti/home-warehouse/go-backend/internal/domain/auth/user/handler.go:215.9,217.3 1 0
github.com/antti/home-warehouse/go-backend/internal/domain/auth/user/handler.go:219.2,224.16 2 1
github.com/antti/home-warehouse/go-backend/internal/domain/auth/user/handler.go:224.16,226.3 1 0
github.com/antti/home-warehouse/go-backend/internal/domain/auth/user/handler.go:228.2,237.8 1 1
github.com/antti/home-warehouse/go-backend/internal/domain/auth/user/handler.go:242.99,244.9 2 1
github.com/antti/home-warehouse/go-backend/internal/domain/auth/user/handler.go:244.9,246.3 1 0
github.com/antti/home-warehouse/go-backend/internal/domain/auth/user/handler.go:247.2,247.27 1 1
github.com/antti/home-warehouse/go-backend/internal/domain/auth/user/handler.go:247.27,249.3 1 1
github.com/antti/home-warehouse/go-backend/internal/domain/auth/user/handler.go:251.2,255.26 2 1
github.com/antti/home-warehouse/go-backend/internal/domain/auth/user/handler.go:255.26,257.3 1 0
github.com/antti/home-warehouse/go-backend/internal/domain/auth/user/handler.go:258.2,258.30 1 1
github.com/antti/home-warehouse/go-backend/internal/domain/auth/user/handler.go:258.30,260.3 1 0
github.com/antti/home-warehouse/go-backend/internal/domain/auth/user/handler.go:262.2,263.16 2 1
github.com/antti/home-warehouse/go-backend/internal/domain/auth/user/handler.go:263.16,265.3 1 0
github.com/antti/home-warehouse/go-backend/internal/domain/auth/user/handler.go:267.2,268.33 2 1
github.com/antti/home-warehouse/go-backend/internal/domain/auth/user/handler.go:268.33,281.3 1 1
github.com/antti/home-warehouse/go-backend/internal/domain/auth/user/handler.go:283.2,291.8 1 1
github.com/antti/home-warehouse/go-backend/internal/domain/auth/user/handler.go:294.105,296.9 2 1
github.com/antti/home-warehouse/go-backend/internal/domain/auth/user/handler.go:296.9,298.3 1 0
github.com/antti/home-warehouse/go-backend/internal/domain/auth/user/handler.go:299.2,299.27 1 1
github.com/antti/home-warehouse/go-backend/internal/domain/auth/user/handler.go:299.27,301.3 1 1
github.com/antti/home-warehouse/go-backend/internal/domain/auth/user/handler.go:303.2,304.16 2 1
github.com/antti/home-warehouse/go-backend/internal/domain/auth/user/handler.go:304.16,305.29 1 1
github.com/antti/home-warehouse/go-backend/internal/domain/auth/user/handler.go:305.29,307.4 1 1
github.com/antti/home-warehouse/go-backend/internal/domain/auth/user/handler.go:308.3,308.69 1 0
github.com/antti/home-warehouse/go-backend/internal/domain/auth/user/handler.go:311.2,324.8 1 1
github.com/antti/home-warehouse/go-backend/internal/domain/auth/user/handler.go:327.102,329.9 2 1
github.com/antti/home-warehouse/go-backend/internal/domain/auth/user/handler.go:329.9,331.3 1 0
github.com/antti/home-warehouse/go-backend/internal/domain/auth/user/handler.go:332.2,332.27 1 1
github.com/antti/home-warehouse/go-backend/internal/domain/auth/user/handler.go:332.27,334.3 1 0
github.com/antti/home-warehouse/go-backend/internal/domain/auth/user/handler.go:337.2,337.29 1 1
github.com/antti/home-warehouse/go-backend/internal/domain/auth/user/handler.go:337.29,339.3 1 1
github.com/antti/home-warehouse/go-backend/internal/domain/auth/user/handler.go:341.2,342.16 2 1
github.com/antti/home-warehouse/go-backend/internal/domain/auth/user/handler.go:342.16,343.29 1 1
github.com/antti/home-warehouse/go-backend/internal/domain/auth/user/handler.go:343.29,345.4 1 1
github.com/antti/home-warehouse/go-backend/internal/domain/auth/user/handler.go:346.3,346.76 1 0
github.com/antti/home-warehouse/go-backend/internal/domain/auth/user/handler.go:349.2,349.17 1 1
github.com/antti/home-warehouse/go-backend/internal/domain/auth/user/handler.go:352.98,354.9 2 1
github.com/antti/home-warehouse/go-backend/internal/domain/auth/user/handler.go:354.9,356.3 1 0
github.com/antti/home-warehouse/go-backend/internal/domain/auth/user/handler.go:357.2,357.27 1 1
github.com/antti/home-warehouse/go-backend/internal/domain/auth/user/handler.go:357.27,359.3 1 0
github.com/antti/home-warehouse/go-backend/internal/domain/auth/user/handler.go:361.2,362.16 2 1
github.com/antti/home-warehouse/go-backend/internal/domain/auth/user/handler.go:362.16,363.29 1 1
github.com/antti/home-warehouse/go-backend/internal/domain/auth/user/handler.go:363.29,365.4 1 1
github.com/antti/home-warehouse/go-backend/internal/domain/auth/user/handler.go:366.3,366.74 1 0
github.com/antti/home-warehouse/go-backend/internal/domain/auth/user/handler.go:369.2,369.17 1 1
github.com/antti/home-warehouse/go-backend/internal/domain/auth/user/handler.go:514.55,517.108 1 0
github.com/antti/home-warehouse/go-backend/internal/domain/auth/user/handler.go:517.108,523.17 2 0
github.com/antti/home-warehouse/go-backend/internal/domain/auth/user/handler.go:523.17,524.35 1 0
github.com/antti/home-warehouse/go-backend/internal/domain/auth/user/handler.go:524.35,526.5 1 0
github.com/antti/home-warehouse/go-backend/internal/domain/auth/user/handler.go:527.4,527.34 1 0
github.com/antti/home-warehouse/go-backend/internal/domain/auth/user/handler.go:527.34,529.5 1 0
github.com/antti/home-warehouse/go-backend/internal/domain/auth/user/handler.go:530.4,530.73 1 0
github.com/antti/home-warehouse/go-backend/internal/domain/auth/user/handler.go:533.3,542.9 1 0
github.com/antti/home-warehouse/go-backend/internal/domain/auth/user/handler.go:545.2,545.99 1 0
github.com/antti/home-warehouse/go-backend/internal/domain/auth/user/handler.go:545.99,547.17 2 0
github.com/antti/home-warehouse/go-backend/internal/domain/auth/user/handler.go:547.17,549.4 1 0
github.com/antti/home-warehouse/go-backend/internal/domain/auth/user/handler.go:550.3,550.108 1 0
github.com/antti/home-warehouse/go-backend/internal/domain/auth/user/handler.go:556.58,557.94 1 0
github.com/antti/home-warehouse/go-backend/internal/domain/auth/user/handler.go:557.94,559.10 2 0
github.com/antti/home-warehouse/go-backend/internal/domain/auth/user/handler.go:559.10,561.4 1 0
github.com/antti/home-warehouse/go-backend/internal/domain/auth/user/handler.go:563.3,564.17 2 0
github.com/antti/home-warehouse/go-backend/internal/domain/auth/user/handler.go:564.17,566.4 1 0
github.com/antti/home-warehouse/go-backend/internal/domain/auth/user/handler.go:568.3,577.9 1 0
github.com/antti/home-warehouse/go-backend/internal/domain/auth/user/handler.go:580.2,580.104 1 0
github.com/antti/home-warehouse/go-backend/internal/domain/auth/user/handler.go:580.104,582.10 2 0
github.com/antti/home-warehouse/go-backend/internal/domain/auth/user/handler.go:582.10,584.4 1 0
github.com/antti/home-warehouse/go-backend/internal/domain/auth/user/handler.go:586.3,589.17 2 0
github.com/antti/home-warehouse/go-backend/internal/domain/auth/user/handler.go:589.17,591.4 1 0
github.com/antti/home-warehouse/go-backend/internal/domain/auth/user/handler.go:593.3,602.9 1 0
github.com/antti/home-warehouse/go-backend/internal/domain/auth/user/handler.go:605.2,605.113 1 0
github.com/antti/home-warehouse/go-backend/internal/domain/auth/user/handler.go:605.113,607.10 2 0
github.com/antti/home-warehouse/go-backend/internal/domain/auth/user/handler.go:607.10,609.4 1 0
github.com/antti/home-warehouse/go-backend/internal/domain/auth/user/handler.go:611.3,612.17 2 0
github.com/antti/home-warehouse/go-backend/internal/domain/auth/user/handler.go:612.17,613.33 1 0
github.com/antti/home-warehouse/go-backend/internal/domain/auth/user/handler.go:613.33,615.5 1 0
github.com/antti/home-warehouse/go-backend/internal/domain/auth/user/handler.go:616.4,616.52 1 0
github.com/antti/home-warehouse/go-backend/internal/domain/auth/user/handler.go:619.3,619.18 1 0
github.com/antti/home-warehouse/go-backend/internal/domain/auth/user/handler.go:622.2,622.126 1 0
github.com/antti/home-warehouse/go-backend/internal/domain/auth/user/handler.go:622.126,624.10 2 0
github.com/antti/home-warehouse/go-backend/internal/domain/auth/user/handler.go:624.10,626.4 1 0
github.com/antti/home-warehouse/go-backend/internal/domain/auth/user/handler.go:628.3,633.17 2 0
github.com/antti/home-warehouse/go-backend/internal/domain/auth/user/handler.go:633.17,635.4 1 0
github.com/antti/home-warehouse/go-backend/internal/domain/auth/user/handler.go:637.3,646.9 1 0
github.com/antti/home-warehouse/go-backend/internal/domain/auth/user/service.go:31.43,33.2 1 1
github.com/antti/home-warehouse/go-backend/internal/domain/auth/user/service.go:43.85,46.16 2 1
github.com/antti/home-warehouse/go-backend/internal/domain/auth/user/service.go:46.16,48.3 1 0
github.com/antti/home-warehouse/go-backend/internal/domain/auth/user/service.go:49.2,49.12 1 1
github.com/antti/home-warehouse/go-backend/internal/domain/auth/user/service.go:49.12,51.3 1 1
github.com/antti/home-warehouse/go-backend/internal/domain/auth/user/service.go:54.2,55.16 2 1
github.com/antti/home-warehouse/go-backend/internal/domain/auth/user/service.go:55.16,57.3 1 1
github.com/antti/home-warehouse/go-backend/internal/domain/auth/user/service.go:60.2,60.47 1 1
github.com/antti/home-warehouse/go-backend/internal/domain/auth/user/service.go:60.47,62.3 1 0
github.com/antti/home-warehouse/go-backend/internal/domain/auth/user/service.go:64.2,64.18 1 1
github.com/antti/home-warehouse/go-backend/internal/domain/auth/user/service.go:68.77,70.16 2 1
github.com/antti/home-warehouse/go-backend/internal/domain/auth/user/service.go:70.16,72.3 1 0
github.com/antti/home-warehouse/go-backend/internal/domain/auth/user/service.go:73.2,73.17 1 1
github.com/antti/home-warehouse/go-backend/internal/domain/auth/user/service.go:73.17,75.3 1 1
github.com/antti/home-warehouse/go-backend/internal/domain/auth/user/service.go:76.2,76.18 1 1
github.com/antti/home-warehouse/go-backend/internal/domain/auth/user/service.go:80.80,82.16 2 1
github.com/antti/home-warehouse/go-backend/internal/domain/auth/user/service.go:82.16,84.3 1 0
github.com/antti/home-warehouse/go-backend/internal/domain/auth/user/service.go:85.2,85.17 1 1
github.com/antti/home-warehouse/go-backend/internal/domain/auth/user/service.go:85.17,87.3 1 1
github.com/antti/home-warehouse/go-backend/internal/domain/auth/user/service.go:88.2,88.18 1 1
github.com/antti/home-warehouse/go-backend/internal/domain/auth/user/service.go:92.92,94.16 2 1
github.com/antti/home-warehouse/go-backend/internal/domain/auth/user/service.go:94.16,96.3 1 0
github.com/antti/home-warehouse/go-backend/internal/domain/auth/user/service.go:97.2,97.17 1 1
github.com/antti/home-warehouse/go-backend/internal/domain/auth/user/service.go:97.17,99.3 1 1
github.com/antti/home-warehouse/go-backend/internal/domain/auth/user/service.go:101.2,101.22 1 1
github.com/antti/home-warehouse/go-backend/internal/domain/auth/user/service.go:101.22,103.3 1 1
github.com/antti/home-warehouse/go-backend/internal/domain/auth/user/service.go:105.2,105.35 1 1
github.com/antti/home-warehouse/go-backend/internal/domain/auth/user/service.go:105.35,107.3 1 1
github.com/antti/home-warehouse/go-backend/internal/domain/auth/user/service.go:109.2,109.18 1 1
github.com/antti/home-warehouse/go-backend/internal/domain/auth/user/service.go:118.109,120.16 2 1
github.com/antti/home-warehouse/go-backend/internal/domain/auth/user/service.go:120.16,122.3 1 1
github.com/antti/home-warehouse/go-backend/internal/domain/auth/user/service.go:124.2,124.59 1 1
github.com/antti/home-warehouse/go-backend/internal/domain/auth/user/service.go:124.59,126.3 1 0
github.com/antti/home-warehouse/go-backend/internal/domain/auth/user/service.go:128.2,128.47 1 1
github.com/antti/home-warehouse/go-backend/internal/domain/auth/user/service.go:128.47,130.3 1 0
github.com/antti/home-warehouse/go-backend/internal/domain/auth/user/service.go:132.2,132.18 1 1
github.com/antti/home-warehouse/go-backend/internal/domain/auth/user/service.go:136.112,138.16 2 1
github.com/antti/home-warehouse/go-backend/internal/domain/auth/user/service.go:138.16,140.3 1 1
github.com/antti/home-warehouse/go-backend/internal/domain/auth/user/service.go:142.2,142.42 1 1
github.com/antti/home-warehouse/go-backend/internal/domain/auth/user/service.go:142.42,144.3 1 1
github.com/antti/home-warehouse/go-backend/internal/domain/auth/user/service.go:146.2,146.57 1 1
github.com/antti/home-warehouse/go-backend/internal/domain/auth/user/service.go:146.57,148.3 1 0
github.com/antti/home-warehouse/go-backend/internal/domain/auth/user/service.go:150.2,150.31 1 1
github.com/antti/home-warehouse/go-backend/internal/domain/auth/user/service.go:161.117,163.16 2 1
github.com/antti/home-warehouse/go-backend/internal/domain/auth/user/service.go:163.16,165.3 1 0
github.com/antti/home-warehouse/go-backend/internal/domain/auth/user/service.go:167.2,169.47 2 1
github.com/antti/home-warehouse/go-backend/internal/domain/auth/user/service.go:169.47,171.3 1 0
github.com/antti/home-warehouse/go-backend/internal/domain/auth/user/service.go:173.2,173.18 1 1
github.com/antti/home-warehouse/go-backend/internal/domain/auth/user/service.go:177.111,179.16 2 1
github.com/antti/home-warehouse/go-backend/internal/domain/auth/user/service.go:179.16,181.3 1 0
github.com/antti/home-warehouse/go-backend/internal/domain/auth/user/service.go:183.2,184.21 2 1
github.com/antti/home-warehouse/go-backend/internal/domain/auth/user/service.go:188.71,190.16 2 1
github.com/antti/home-warehouse/go-backend/internal/domain/auth/user/service.go:190.16,192.3 1 1
github.com/antti/home-warehouse/go-backend/internal/domain/auth/user/service.go:194.2,196.31 2 1
github.com/antti/home-warehouse/go-backend/internal/domain/auth/user/service.go:200.69,202.16 2 0
github.com/antti/home-warehouse/go-backend/internal/domain/auth/user/service.go:202.16,204.3 1 0
github.com/antti/home-warehouse/go-backend/internal/domain/auth/user/service.go:206.2,208.31 2 0
